ARM GAS  /tmp/ccKxmpmx.s 			page 1


   1              		.cpu cortex-m4
   2              		.arch armv7e-m
   3              		.fpu fpv4-sp-d16
   4              		.eabi_attribute 27, 1
   5              		.eabi_attribute 28, 1
   6              		.eabi_attribute 20, 1
   7              		.eabi_attribute 21, 1
   8              		.eabi_attribute 23, 3
   9              		.eabi_attribute 24, 1
  10              		.eabi_attribute 25, 1
  11              		.eabi_attribute 26, 1
  12              		.eabi_attribute 30, 2
  13              		.eabi_attribute 34, 1
  14              		.eabi_attribute 18, 4
  15              		.file	"usb_host.c"
  16              		.text
  17              	.Ltext0:
  18              		.cfi_sections	.debug_frame
  19              		.section	.text.USBH_UserProcess,"ax",%progbits
  20              		.align	1
  21              		.p2align 2,,3
  22              		.syntax unified
  23              		.thumb
  24              		.thumb_func
  26              	USBH_UserProcess:
  27              	.LVL0:
  28              	.LFB139:
  29              		.file 1 "USB_HOST/App/usb_host.c"
   1:USB_HOST/App/usb_host.c **** /* USER CODE BEGIN Header */
   2:USB_HOST/App/usb_host.c **** /**
   3:USB_HOST/App/usb_host.c ****   ******************************************************************************
   4:USB_HOST/App/usb_host.c ****   * @file            : usb_host.c
   5:USB_HOST/App/usb_host.c ****   * @version         : v1.0_Cube
   6:USB_HOST/App/usb_host.c ****   * @brief           : This file implements the USB Host
   7:USB_HOST/App/usb_host.c ****   ******************************************************************************
   8:USB_HOST/App/usb_host.c ****   * @attention
   9:USB_HOST/App/usb_host.c ****   *
  10:USB_HOST/App/usb_host.c ****   * Copyright (c) 2022 STMicroelectronics.
  11:USB_HOST/App/usb_host.c ****   * All rights reserved.
  12:USB_HOST/App/usb_host.c ****   *
  13:USB_HOST/App/usb_host.c ****   * This software is licensed under terms that can be found in the LICENSE file
  14:USB_HOST/App/usb_host.c ****   * in the root directory of this software component.
  15:USB_HOST/App/usb_host.c ****   * If no LICENSE file comes with this software, it is provided AS-IS.
  16:USB_HOST/App/usb_host.c ****   *
  17:USB_HOST/App/usb_host.c ****   ******************************************************************************
  18:USB_HOST/App/usb_host.c ****   */
  19:USB_HOST/App/usb_host.c **** /* USER CODE END Header */
  20:USB_HOST/App/usb_host.c **** 
  21:USB_HOST/App/usb_host.c **** /* Includes ------------------------------------------------------------------*/
  22:USB_HOST/App/usb_host.c **** 
  23:USB_HOST/App/usb_host.c **** #include "usb_host.h"
  24:USB_HOST/App/usb_host.c **** #include "usbh_core.h"
  25:USB_HOST/App/usb_host.c **** #include "usbh_cdc.h"
  26:USB_HOST/App/usb_host.c **** 
  27:USB_HOST/App/usb_host.c **** /* USER CODE BEGIN Includes */
  28:USB_HOST/App/usb_host.c **** 
  29:USB_HOST/App/usb_host.c **** /* USER CODE END Includes */
ARM GAS  /tmp/ccKxmpmx.s 			page 2


  30:USB_HOST/App/usb_host.c **** 
  31:USB_HOST/App/usb_host.c **** /* USER CODE BEGIN PV */
  32:USB_HOST/App/usb_host.c **** /* Private variables ---------------------------------------------------------*/
  33:USB_HOST/App/usb_host.c **** 
  34:USB_HOST/App/usb_host.c **** /* USER CODE END PV */
  35:USB_HOST/App/usb_host.c **** 
  36:USB_HOST/App/usb_host.c **** /* USER CODE BEGIN PFP */
  37:USB_HOST/App/usb_host.c **** /* Private function prototypes -----------------------------------------------*/
  38:USB_HOST/App/usb_host.c **** 
  39:USB_HOST/App/usb_host.c **** /* USER CODE END PFP */
  40:USB_HOST/App/usb_host.c **** 
  41:USB_HOST/App/usb_host.c **** /* USB Host core handle declaration */
  42:USB_HOST/App/usb_host.c **** USBH_HandleTypeDef hUsbHostHS;
  43:USB_HOST/App/usb_host.c **** ApplicationTypeDef Appli_state = APPLICATION_IDLE;
  44:USB_HOST/App/usb_host.c **** 
  45:USB_HOST/App/usb_host.c **** /*
  46:USB_HOST/App/usb_host.c ****  * -- Insert your variables declaration here --
  47:USB_HOST/App/usb_host.c ****  */
  48:USB_HOST/App/usb_host.c **** /* USER CODE BEGIN 0 */
  49:USB_HOST/App/usb_host.c **** 
  50:USB_HOST/App/usb_host.c **** /* USER CODE END 0 */
  51:USB_HOST/App/usb_host.c **** 
  52:USB_HOST/App/usb_host.c **** /*
  53:USB_HOST/App/usb_host.c ****  * user callback declaration
  54:USB_HOST/App/usb_host.c ****  */
  55:USB_HOST/App/usb_host.c **** static void USBH_UserProcess(USBH_HandleTypeDef *phost, uint8_t id);
  56:USB_HOST/App/usb_host.c **** 
  57:USB_HOST/App/usb_host.c **** /*
  58:USB_HOST/App/usb_host.c ****  * -- Insert your external function declaration here --
  59:USB_HOST/App/usb_host.c ****  */
  60:USB_HOST/App/usb_host.c **** /* USER CODE BEGIN 1 */
  61:USB_HOST/App/usb_host.c **** 
  62:USB_HOST/App/usb_host.c **** /* USER CODE END 1 */
  63:USB_HOST/App/usb_host.c **** 
  64:USB_HOST/App/usb_host.c **** /**
  65:USB_HOST/App/usb_host.c ****   * Init USB host library, add supported class and start the library
  66:USB_HOST/App/usb_host.c ****   * @retval None
  67:USB_HOST/App/usb_host.c ****   */
  68:USB_HOST/App/usb_host.c **** void MX_USB_HOST_Init(void)
  69:USB_HOST/App/usb_host.c **** {
  70:USB_HOST/App/usb_host.c ****   /* USER CODE BEGIN USB_HOST_Init_PreTreatment */
  71:USB_HOST/App/usb_host.c **** 
  72:USB_HOST/App/usb_host.c ****   /* USER CODE END USB_HOST_Init_PreTreatment */
  73:USB_HOST/App/usb_host.c **** 
  74:USB_HOST/App/usb_host.c ****   /* Init host Library, add supported class and start the library. */
  75:USB_HOST/App/usb_host.c ****   if (USBH_Init(&hUsbHostHS, USBH_UserProcess, HOST_HS) != USBH_OK)
  76:USB_HOST/App/usb_host.c ****   {
  77:USB_HOST/App/usb_host.c ****     Error_Handler();
  78:USB_HOST/App/usb_host.c ****   }
  79:USB_HOST/App/usb_host.c ****   if (USBH_RegisterClass(&hUsbHostHS, USBH_CDC_CLASS) != USBH_OK)
  80:USB_HOST/App/usb_host.c ****   {
  81:USB_HOST/App/usb_host.c ****     Error_Handler();
  82:USB_HOST/App/usb_host.c ****   }
  83:USB_HOST/App/usb_host.c ****   if (USBH_Start(&hUsbHostHS) != USBH_OK)
  84:USB_HOST/App/usb_host.c ****   {
  85:USB_HOST/App/usb_host.c ****     Error_Handler();
  86:USB_HOST/App/usb_host.c ****   }
ARM GAS  /tmp/ccKxmpmx.s 			page 3


  87:USB_HOST/App/usb_host.c ****   /* USER CODE BEGIN USB_HOST_Init_PostTreatment */
  88:USB_HOST/App/usb_host.c **** 
  89:USB_HOST/App/usb_host.c ****   /* USER CODE END USB_HOST_Init_PostTreatment */
  90:USB_HOST/App/usb_host.c **** }
  91:USB_HOST/App/usb_host.c **** 
  92:USB_HOST/App/usb_host.c **** /*
  93:USB_HOST/App/usb_host.c ****  * user callback definition
  94:USB_HOST/App/usb_host.c ****  */
  95:USB_HOST/App/usb_host.c **** static void USBH_UserProcess  (USBH_HandleTypeDef *phost, uint8_t id)
  96:USB_HOST/App/usb_host.c **** {
  30              		.loc 1 96 1 view -0
  31              		.cfi_startproc
  32              		@ args = 0, pretend = 0, frame = 0
  33              		@ frame_needed = 0, uses_anonymous_args = 0
  34              		@ link register save eliminated.
  97:USB_HOST/App/usb_host.c ****   /* USER CODE BEGIN CALL_BACK_1 */
  98:USB_HOST/App/usb_host.c ****   switch(id)
  35              		.loc 1 98 3 view .LVU1
  36 0000 0429     		cmp	r1, #4
  37 0002 04D0     		beq	.L2
  38 0004 0529     		cmp	r1, #5
  39 0006 09D0     		beq	.L3
  40 0008 0229     		cmp	r1, #2
  41 000a 04D0     		beq	.L7
  99:USB_HOST/App/usb_host.c ****   {
 100:USB_HOST/App/usb_host.c ****   case HOST_USER_SELECT_CONFIGURATION:
 101:USB_HOST/App/usb_host.c ****   break;
 102:USB_HOST/App/usb_host.c **** 
 103:USB_HOST/App/usb_host.c ****   case HOST_USER_DISCONNECTION:
 104:USB_HOST/App/usb_host.c ****   Appli_state = APPLICATION_DISCONNECT;
 105:USB_HOST/App/usb_host.c ****   break;
 106:USB_HOST/App/usb_host.c **** 
 107:USB_HOST/App/usb_host.c ****   case HOST_USER_CLASS_ACTIVE:
 108:USB_HOST/App/usb_host.c ****   Appli_state = APPLICATION_READY;
 109:USB_HOST/App/usb_host.c ****   break;
 110:USB_HOST/App/usb_host.c **** 
 111:USB_HOST/App/usb_host.c ****   case HOST_USER_CONNECTION:
 112:USB_HOST/App/usb_host.c ****   Appli_state = APPLICATION_START;
 113:USB_HOST/App/usb_host.c ****   break;
 114:USB_HOST/App/usb_host.c **** 
 115:USB_HOST/App/usb_host.c ****   default:
 116:USB_HOST/App/usb_host.c ****   break;
 117:USB_HOST/App/usb_host.c ****   }
 118:USB_HOST/App/usb_host.c ****   /* USER CODE END CALL_BACK_1 */
 119:USB_HOST/App/usb_host.c **** }
  42              		.loc 1 119 1 is_stmt 0 view .LVU2
  43 000c 7047     		bx	lr
  44              	.L2:
 112:USB_HOST/App/usb_host.c ****   break;
  45              		.loc 1 112 3 is_stmt 1 view .LVU3
 112:USB_HOST/App/usb_host.c ****   break;
  46              		.loc 1 112 15 is_stmt 0 view .LVU4
  47 000e 054B     		ldr	r3, .L8
  48 0010 0122     		movs	r2, #1
  49 0012 1A70     		strb	r2, [r3]
 113:USB_HOST/App/usb_host.c **** 
  50              		.loc 1 113 3 is_stmt 1 view .LVU5
ARM GAS  /tmp/ccKxmpmx.s 			page 4


  51              		.loc 1 119 1 is_stmt 0 view .LVU6
  52 0014 7047     		bx	lr
  53              	.L7:
 108:USB_HOST/App/usb_host.c ****   break;
  54              		.loc 1 108 3 is_stmt 1 view .LVU7
 108:USB_HOST/App/usb_host.c ****   break;
  55              		.loc 1 108 15 is_stmt 0 view .LVU8
  56 0016 034B     		ldr	r3, .L8
  57 0018 1970     		strb	r1, [r3]
 109:USB_HOST/App/usb_host.c **** 
  58              		.loc 1 109 3 is_stmt 1 view .LVU9
  59 001a 7047     		bx	lr
  60              	.L3:
 104:USB_HOST/App/usb_host.c ****   break;
  61              		.loc 1 104 3 view .LVU10
 104:USB_HOST/App/usb_host.c ****   break;
  62              		.loc 1 104 15 is_stmt 0 view .LVU11
  63 001c 014B     		ldr	r3, .L8
  64 001e 0322     		movs	r2, #3
  65 0020 1A70     		strb	r2, [r3]
 105:USB_HOST/App/usb_host.c **** 
  66              		.loc 1 105 3 is_stmt 1 view .LVU12
  67 0022 7047     		bx	lr
  68              	.L9:
  69              		.align	2
  70              	.L8:
  71 0024 00000000 		.word	.LANCHOR0
  72              		.cfi_endproc
  73              	.LFE139:
  75              		.section	.text.MX_USB_HOST_Init,"ax",%progbits
  76              		.align	1
  77              		.p2align 2,,3
  78              		.global	MX_USB_HOST_Init
  79              		.syntax unified
  80              		.thumb
  81              		.thumb_func
  83              	MX_USB_HOST_Init:
  84              	.LFB138:
  69:USB_HOST/App/usb_host.c ****   /* USER CODE BEGIN USB_HOST_Init_PreTreatment */
  85              		.loc 1 69 1 view -0
  86              		.cfi_startproc
  87              		@ args = 0, pretend = 0, frame = 0
  88              		@ frame_needed = 0, uses_anonymous_args = 0
  75:USB_HOST/App/usb_host.c ****   {
  89              		.loc 1 75 3 view .LVU14
  69:USB_HOST/App/usb_host.c ****   /* USER CODE BEGIN USB_HOST_Init_PreTreatment */
  90              		.loc 1 69 1 is_stmt 0 view .LVU15
  91 0000 08B5     		push	{r3, lr}
  92              	.LCFI0:
  93              		.cfi_def_cfa_offset 8
  94              		.cfi_offset 3, -8
  95              		.cfi_offset 14, -4
  75:USB_HOST/App/usb_host.c ****   {
  96              		.loc 1 75 7 view .LVU16
  97 0002 1149     		ldr	r1, .L24
  98 0004 1148     		ldr	r0, .L24+4
  99 0006 0022     		movs	r2, #0
ARM GAS  /tmp/ccKxmpmx.s 			page 5


 100 0008 FFF7FEFF 		bl	USBH_Init
 101              	.LVL1:
  75:USB_HOST/App/usb_host.c ****   {
 102              		.loc 1 75 6 view .LVU17
 103 000c 48B9     		cbnz	r0, .L21
  79:USB_HOST/App/usb_host.c ****   {
 104              		.loc 1 79 3 is_stmt 1 view .LVU18
  79:USB_HOST/App/usb_host.c ****   {
 105              		.loc 1 79 7 is_stmt 0 view .LVU19
 106 000e 1049     		ldr	r1, .L24+8
 107 0010 0E48     		ldr	r0, .L24+4
 108 0012 FFF7FEFF 		bl	USBH_RegisterClass
 109              	.LVL2:
  79:USB_HOST/App/usb_host.c ****   {
 110              		.loc 1 79 6 view .LVU20
 111 0016 60B9     		cbnz	r0, .L22
 112              	.L12:
  83:USB_HOST/App/usb_host.c ****   {
 113              		.loc 1 83 3 is_stmt 1 view .LVU21
  83:USB_HOST/App/usb_host.c ****   {
 114              		.loc 1 83 7 is_stmt 0 view .LVU22
 115 0018 0C48     		ldr	r0, .L24+4
 116 001a FFF7FEFF 		bl	USBH_Start
 117              	.LVL3:
  83:USB_HOST/App/usb_host.c ****   {
 118              		.loc 1 83 6 view .LVU23
 119 001e 78B9     		cbnz	r0, .L23
 120              	.L10:
  90:USB_HOST/App/usb_host.c **** 
 121              		.loc 1 90 1 view .LVU24
 122 0020 08BD     		pop	{r3, pc}
 123              	.L21:
  77:USB_HOST/App/usb_host.c ****   }
 124              		.loc 1 77 5 is_stmt 1 view .LVU25
 125 0022 FFF7FEFF 		bl	Error_Handler
 126              	.LVL4:
  79:USB_HOST/App/usb_host.c ****   {
 127              		.loc 1 79 3 view .LVU26
  79:USB_HOST/App/usb_host.c ****   {
 128              		.loc 1 79 7 is_stmt 0 view .LVU27
 129 0026 0A49     		ldr	r1, .L24+8
 130 0028 0848     		ldr	r0, .L24+4
 131 002a FFF7FEFF 		bl	USBH_RegisterClass
 132              	.LVL5:
  79:USB_HOST/App/usb_host.c ****   {
 133              		.loc 1 79 6 view .LVU28
 134 002e 0028     		cmp	r0, #0
 135 0030 F2D0     		beq	.L12
 136              	.L22:
  81:USB_HOST/App/usb_host.c ****   }
 137              		.loc 1 81 5 is_stmt 1 view .LVU29
 138 0032 FFF7FEFF 		bl	Error_Handler
 139              	.LVL6:
  83:USB_HOST/App/usb_host.c ****   {
 140              		.loc 1 83 3 view .LVU30
  83:USB_HOST/App/usb_host.c ****   {
 141              		.loc 1 83 7 is_stmt 0 view .LVU31
ARM GAS  /tmp/ccKxmpmx.s 			page 6


 142 0036 0548     		ldr	r0, .L24+4
 143 0038 FFF7FEFF 		bl	USBH_Start
 144              	.LVL7:
  83:USB_HOST/App/usb_host.c ****   {
 145              		.loc 1 83 6 view .LVU32
 146 003c 0028     		cmp	r0, #0
 147 003e EFD0     		beq	.L10
 148              	.L23:
  85:USB_HOST/App/usb_host.c ****   }
 149              		.loc 1 85 5 is_stmt 1 view .LVU33
  90:USB_HOST/App/usb_host.c **** 
 150              		.loc 1 90 1 is_stmt 0 view .LVU34
 151 0040 BDE80840 		pop	{r3, lr}
 152              	.LCFI1:
 153              		.cfi_restore 14
 154              		.cfi_restore 3
 155              		.cfi_def_cfa_offset 0
  85:USB_HOST/App/usb_host.c ****   }
 156              		.loc 1 85 5 view .LVU35
 157 0044 FFF7FEBF 		b	Error_Handler
 158              	.LVL8:
 159              	.L25:
 160              		.align	2
 161              	.L24:
 162 0048 00000000 		.word	USBH_UserProcess
 163 004c 00000000 		.word	.LANCHOR1
 164 0050 00000000 		.word	CDC_Class
 165              		.cfi_endproc
 166              	.LFE138:
 168              		.global	Appli_state
 169              		.global	hUsbHostHS
 170              		.section	.bss.Appli_state,"aw",%nobits
 171              		.set	.LANCHOR0,. + 0
 174              	Appli_state:
 175 0000 00       		.space	1
 176              		.section	.bss.hUsbHostHS,"aw",%nobits
 177              		.align	2
 178              		.set	.LANCHOR1,. + 0
 181              	hUsbHostHS:
 182 0000 00000000 		.space	996
 182      00000000 
 182      00000000 
 182      00000000 
 182      00000000 
 183              		.text
 184              	.Letext0:
 185              		.file 2 "/home/irfan/Desktop/arm/gcc-arm-none-eabi-10.3-2021.10-x86_64-linux/gcc-arm-none-eabi-10.
 186              		.file 3 "/home/irfan/Desktop/arm/gcc-arm-none-eabi-10.3-2021.10-x86_64-linux/gcc-arm-none-eabi-10.
 187              		.file 4 "USB_HOST/App/usb_host.h"
 188              		.file 5 "Middlewares/Third_Party/FreeRTOS/Source/include/task.h"
 189              		.file 6 "Middlewares/Third_Party/FreeRTOS/Source/include/queue.h"
 190              		.file 7 "Middlewares/Third_Party/FreeRTOS/Source/CMSIS_RTOS/cmsis_os.h"
 191              		.file 8 "Middlewares/ST/STM32_USB_Host_Library/Core/Inc/usbh_def.h"
 192              		.file 9 "Middlewares/ST/STM32_USB_Host_Library/Class/CDC/Inc/usbh_cdc.h"
 193              		.file 10 "Middlewares/ST/STM32_USB_Host_Library/Core/Inc/usbh_core.h"
 194              		.file 11 "Core/Inc/main.h"
ARM GAS  /tmp/ccKxmpmx.s 			page 7


DEFINED SYMBOLS
                            *ABS*:0000000000000000 usb_host.c
     /tmp/ccKxmpmx.s:20     .text.USBH_UserProcess:0000000000000000 $t
     /tmp/ccKxmpmx.s:26     .text.USBH_UserProcess:0000000000000000 USBH_UserProcess
     /tmp/ccKxmpmx.s:71     .text.USBH_UserProcess:0000000000000024 $d
     /tmp/ccKxmpmx.s:76     .text.MX_USB_HOST_Init:0000000000000000 $t
     /tmp/ccKxmpmx.s:83     .text.MX_USB_HOST_Init:0000000000000000 MX_USB_HOST_Init
     /tmp/ccKxmpmx.s:162    .text.MX_USB_HOST_Init:0000000000000048 $d
     /tmp/ccKxmpmx.s:174    .bss.Appli_state:0000000000000000 Appli_state
     /tmp/ccKxmpmx.s:181    .bss.hUsbHostHS:0000000000000000 hUsbHostHS
     /tmp/ccKxmpmx.s:175    .bss.Appli_state:0000000000000000 $d
     /tmp/ccKxmpmx.s:177    .bss.hUsbHostHS:0000000000000000 $d

UNDEFINED SYMBOLS
USBH_Init
USBH_RegisterClass
USBH_Start
Error_Handler
CDC_Class
