ARM GAS  /tmp/ccN146rh.s 			page 1


   1              		.cpu cortex-m4
   2              		.arch armv7e-m
   3              		.fpu fpv4-sp-d16
   4              		.eabi_attribute 27, 1
   5              		.eabi_attribute 28, 1
   6              		.eabi_attribute 20, 1
   7              		.eabi_attribute 21, 1
   8              		.eabi_attribute 23, 3
   9              		.eabi_attribute 24, 1
  10              		.eabi_attribute 25, 1
  11              		.eabi_attribute 26, 1
  12              		.eabi_attribute 30, 2
  13              		.eabi_attribute 34, 1
  14              		.eabi_attribute 18, 4
  15              		.file	"usbh_platform.c"
  16              		.text
  17              	.Ltext0:
  18              		.cfi_sections	.debug_frame
  19              		.section	.text.MX_DriverVbusHS,"ax",%progbits
  20              		.align	1
  21              		.p2align 2,,3
  22              		.global	MX_DriverVbusHS
  23              		.syntax unified
  24              		.thumb
  25              		.thumb_func
  27              	MX_DriverVbusHS:
  28              	.LVL0:
  29              	.LFB130:
  30              		.file 1 "USB_HOST/Target/usbh_platform.c"
   1:USB_HOST/Target/usbh_platform.c **** /* USER CODE BEGIN Header */
   2:USB_HOST/Target/usbh_platform.c **** /**
   3:USB_HOST/Target/usbh_platform.c ****   ******************************************************************************
   4:USB_HOST/Target/usbh_platform.c ****   * @file           : usbh_platform.c
   5:USB_HOST/Target/usbh_platform.c **** 
   6:USB_HOST/Target/usbh_platform.c ****   * @brief          : This file implements the USB platform
   7:USB_HOST/Target/usbh_platform.c ****   ******************************************************************************
   8:USB_HOST/Target/usbh_platform.c ****   * @attention
   9:USB_HOST/Target/usbh_platform.c ****   *
  10:USB_HOST/Target/usbh_platform.c ****   * Copyright (c) 2022 STMicroelectronics.
  11:USB_HOST/Target/usbh_platform.c ****   * All rights reserved.
  12:USB_HOST/Target/usbh_platform.c ****   *
  13:USB_HOST/Target/usbh_platform.c ****   * This software is licensed under terms that can be found in the LICENSE file
  14:USB_HOST/Target/usbh_platform.c ****   * in the root directory of this software component.
  15:USB_HOST/Target/usbh_platform.c ****   * If no LICENSE file comes with this software, it is provided AS-IS.
  16:USB_HOST/Target/usbh_platform.c ****   *
  17:USB_HOST/Target/usbh_platform.c ****   ******************************************************************************
  18:USB_HOST/Target/usbh_platform.c ****   */
  19:USB_HOST/Target/usbh_platform.c **** /* USER CODE END Header */
  20:USB_HOST/Target/usbh_platform.c **** 
  21:USB_HOST/Target/usbh_platform.c **** /* Includes ------------------------------------------------------------------*/
  22:USB_HOST/Target/usbh_platform.c **** #include "usbh_platform.h"
  23:USB_HOST/Target/usbh_platform.c **** 
  24:USB_HOST/Target/usbh_platform.c **** /* USER CODE BEGIN INCLUDE */
  25:USB_HOST/Target/usbh_platform.c **** 
  26:USB_HOST/Target/usbh_platform.c **** /* USER CODE END INCLUDE */
  27:USB_HOST/Target/usbh_platform.c **** 
  28:USB_HOST/Target/usbh_platform.c **** /**
ARM GAS  /tmp/ccN146rh.s 			page 2


  29:USB_HOST/Target/usbh_platform.c ****   * @brief  Drive VBUS.
  30:USB_HOST/Target/usbh_platform.c ****   * @param  state : VBUS state
  31:USB_HOST/Target/usbh_platform.c ****   *          This parameter can be one of the these values:
  32:USB_HOST/Target/usbh_platform.c ****   *          - 1 : VBUS Active
  33:USB_HOST/Target/usbh_platform.c ****   *          - 0 : VBUS Inactive
  34:USB_HOST/Target/usbh_platform.c ****   */
  35:USB_HOST/Target/usbh_platform.c **** void MX_DriverVbusHS(uint8_t state)
  36:USB_HOST/Target/usbh_platform.c **** {
  31              		.loc 1 36 1 view -0
  32              		.cfi_startproc
  33              		@ args = 0, pretend = 0, frame = 0
  34              		@ frame_needed = 0, uses_anonymous_args = 0
  35              		@ link register save eliminated.
  37:USB_HOST/Target/usbh_platform.c ****   uint8_t data = state;
  36              		.loc 1 37 3 view .LVU1
  38:USB_HOST/Target/usbh_platform.c ****   /* USER CODE BEGIN PREPARE_GPIO_DATA_VBUS_HS */
  39:USB_HOST/Target/usbh_platform.c ****   if(state == 0)
  37              		.loc 1 39 3 view .LVU2
  40:USB_HOST/Target/usbh_platform.c ****   {
  41:USB_HOST/Target/usbh_platform.c ****     /* Drive high Charge pump */
  42:USB_HOST/Target/usbh_platform.c ****     data = GPIO_PIN_SET;
  43:USB_HOST/Target/usbh_platform.c ****   }
  44:USB_HOST/Target/usbh_platform.c ****   else
  45:USB_HOST/Target/usbh_platform.c ****   {
  46:USB_HOST/Target/usbh_platform.c ****     /* Drive low Charge pump */
  47:USB_HOST/Target/usbh_platform.c ****     data = GPIO_PIN_RESET;
  48:USB_HOST/Target/usbh_platform.c ****   }
  49:USB_HOST/Target/usbh_platform.c ****   /* USER CODE END PREPARE_GPIO_DATA_VBUS_HS */
  50:USB_HOST/Target/usbh_platform.c ****   HAL_GPIO_WritePin(GPIOC,GPIO_PIN_4,(GPIO_PinState)data);
  38              		.loc 1 50 3 view .LVU3
  39 0000 B0FA80F2 		clz	r2, r0
  40 0004 5209     		lsrs	r2, r2, #5
  41 0006 0248     		ldr	r0, .L3
  42              	.LVL1:
  43              		.loc 1 50 3 is_stmt 0 view .LVU4
  44 0008 1021     		movs	r1, #16
  45 000a FFF7FEBF 		b	HAL_GPIO_WritePin
  46              	.LVL2:
  47              	.L4:
  48 000e 00BF     		.align	2
  49              	.L3:
  50 0010 00080240 		.word	1073874944
  51              		.cfi_endproc
  52              	.LFE130:
  54              		.text
  55              	.Letext0:
  56              		.file 2 "/home/irfan/Desktop/arm/gcc-arm-none-eabi-10.3-2021.10-x86_64-linux/gcc-arm-none-eabi-10.
  57              		.file 3 "/home/irfan/Desktop/arm/gcc-arm-none-eabi-10.3-2021.10-x86_64-linux/gcc-arm-none-eabi-10.
  58              		.file 4 "Drivers/CMSIS/Device/ST/STM32F4xx/Include/stm32f429xx.h"
  59              		.file 5 "Drivers/STM32F4xx_HAL_Driver/Inc/stm32f4xx_hal_gpio.h"
ARM GAS  /tmp/ccN146rh.s 			page 3


DEFINED SYMBOLS
                            *ABS*:0000000000000000 usbh_platform.c
     /tmp/ccN146rh.s:20     .text.MX_DriverVbusHS:0000000000000000 $t
     /tmp/ccN146rh.s:27     .text.MX_DriverVbusHS:0000000000000000 MX_DriverVbusHS
     /tmp/ccN146rh.s:50     .text.MX_DriverVbusHS:0000000000000010 $d

UNDEFINED SYMBOLS
HAL_GPIO_WritePin
