ARM GAS  /tmp/ccOORKqA.s 			page 1


   1              		.cpu cortex-m4
   2              		.arch armv7e-m
   3              		.fpu fpv4-sp-d16
   4              		.eabi_attribute 27, 1
   5              		.eabi_attribute 28, 1
   6              		.eabi_attribute 20, 1
   7              		.eabi_attribute 21, 1
   8              		.eabi_attribute 23, 3
   9              		.eabi_attribute 24, 1
  10              		.eabi_attribute 25, 1
  11              		.eabi_attribute 26, 1
  12              		.eabi_attribute 30, 2
  13              		.eabi_attribute 34, 1
  14              		.eabi_attribute 18, 4
  15              		.file	"usbh_pipes.c"
  16              		.text
  17              	.Ltext0:
  18              		.cfi_sections	.debug_frame
  19              		.section	.text.USBH_OpenPipe,"ax",%progbits
  20              		.align	1
  21              		.p2align 2,,3
  22              		.global	USBH_OpenPipe
  23              		.syntax unified
  24              		.thumb
  25              		.thumb_func
  27              	USBH_OpenPipe:
  28              	.LVL0:
  29              	.LFB138:
  30              		.file 1 "Middlewares/ST/STM32_USB_Host_Library/Core/Src/usbh_pipes.c"
   1:Middlewares/ST/STM32_USB_Host_Library/Core/Src/usbh_pipes.c **** /**
   2:Middlewares/ST/STM32_USB_Host_Library/Core/Src/usbh_pipes.c ****   ******************************************************************************
   3:Middlewares/ST/STM32_USB_Host_Library/Core/Src/usbh_pipes.c ****   * @file    usbh_pipes.c
   4:Middlewares/ST/STM32_USB_Host_Library/Core/Src/usbh_pipes.c ****   * @author  MCD Application Team
   5:Middlewares/ST/STM32_USB_Host_Library/Core/Src/usbh_pipes.c ****   * @brief   This file implements functions for opening and closing Pipes
   6:Middlewares/ST/STM32_USB_Host_Library/Core/Src/usbh_pipes.c ****   ******************************************************************************
   7:Middlewares/ST/STM32_USB_Host_Library/Core/Src/usbh_pipes.c ****   * @attention
   8:Middlewares/ST/STM32_USB_Host_Library/Core/Src/usbh_pipes.c ****   *
   9:Middlewares/ST/STM32_USB_Host_Library/Core/Src/usbh_pipes.c ****   * <h2><center>&copy; Copyright (c) 2015 STMicroelectronics.
  10:Middlewares/ST/STM32_USB_Host_Library/Core/Src/usbh_pipes.c ****   * All rights reserved.</center></h2>
  11:Middlewares/ST/STM32_USB_Host_Library/Core/Src/usbh_pipes.c ****   *
  12:Middlewares/ST/STM32_USB_Host_Library/Core/Src/usbh_pipes.c ****   * This software component is licensed by ST under Ultimate Liberty license
  13:Middlewares/ST/STM32_USB_Host_Library/Core/Src/usbh_pipes.c ****   * SLA0044, the "License"; You may not use this file except in compliance with
  14:Middlewares/ST/STM32_USB_Host_Library/Core/Src/usbh_pipes.c ****   * the License. You may obtain a copy of the License at:
  15:Middlewares/ST/STM32_USB_Host_Library/Core/Src/usbh_pipes.c ****   *                      www.st.com/SLA0044
  16:Middlewares/ST/STM32_USB_Host_Library/Core/Src/usbh_pipes.c ****   *
  17:Middlewares/ST/STM32_USB_Host_Library/Core/Src/usbh_pipes.c ****   ******************************************************************************
  18:Middlewares/ST/STM32_USB_Host_Library/Core/Src/usbh_pipes.c ****   */
  19:Middlewares/ST/STM32_USB_Host_Library/Core/Src/usbh_pipes.c **** 
  20:Middlewares/ST/STM32_USB_Host_Library/Core/Src/usbh_pipes.c **** /* Includes ------------------------------------------------------------------*/
  21:Middlewares/ST/STM32_USB_Host_Library/Core/Src/usbh_pipes.c **** #include "usbh_pipes.h"
  22:Middlewares/ST/STM32_USB_Host_Library/Core/Src/usbh_pipes.c **** 
  23:Middlewares/ST/STM32_USB_Host_Library/Core/Src/usbh_pipes.c **** /** @addtogroup USBH_LIB
  24:Middlewares/ST/STM32_USB_Host_Library/Core/Src/usbh_pipes.c ****   * @{
  25:Middlewares/ST/STM32_USB_Host_Library/Core/Src/usbh_pipes.c ****   */
  26:Middlewares/ST/STM32_USB_Host_Library/Core/Src/usbh_pipes.c **** 
  27:Middlewares/ST/STM32_USB_Host_Library/Core/Src/usbh_pipes.c **** /** @addtogroup USBH_LIB_CORE
  28:Middlewares/ST/STM32_USB_Host_Library/Core/Src/usbh_pipes.c **** * @{
ARM GAS  /tmp/ccOORKqA.s 			page 2


  29:Middlewares/ST/STM32_USB_Host_Library/Core/Src/usbh_pipes.c **** */
  30:Middlewares/ST/STM32_USB_Host_Library/Core/Src/usbh_pipes.c **** 
  31:Middlewares/ST/STM32_USB_Host_Library/Core/Src/usbh_pipes.c **** /** @defgroup USBH_PIPES
  32:Middlewares/ST/STM32_USB_Host_Library/Core/Src/usbh_pipes.c ****   * @brief This file includes opening and closing Pipes
  33:Middlewares/ST/STM32_USB_Host_Library/Core/Src/usbh_pipes.c ****   * @{
  34:Middlewares/ST/STM32_USB_Host_Library/Core/Src/usbh_pipes.c ****   */
  35:Middlewares/ST/STM32_USB_Host_Library/Core/Src/usbh_pipes.c **** 
  36:Middlewares/ST/STM32_USB_Host_Library/Core/Src/usbh_pipes.c **** /** @defgroup USBH_PIPES_Private_Defines
  37:Middlewares/ST/STM32_USB_Host_Library/Core/Src/usbh_pipes.c ****   * @{
  38:Middlewares/ST/STM32_USB_Host_Library/Core/Src/usbh_pipes.c ****   */
  39:Middlewares/ST/STM32_USB_Host_Library/Core/Src/usbh_pipes.c **** /**
  40:Middlewares/ST/STM32_USB_Host_Library/Core/Src/usbh_pipes.c ****   * @}
  41:Middlewares/ST/STM32_USB_Host_Library/Core/Src/usbh_pipes.c ****   */
  42:Middlewares/ST/STM32_USB_Host_Library/Core/Src/usbh_pipes.c **** 
  43:Middlewares/ST/STM32_USB_Host_Library/Core/Src/usbh_pipes.c **** /** @defgroup USBH_PIPES_Private_TypesDefinitions
  44:Middlewares/ST/STM32_USB_Host_Library/Core/Src/usbh_pipes.c ****   * @{
  45:Middlewares/ST/STM32_USB_Host_Library/Core/Src/usbh_pipes.c ****   */
  46:Middlewares/ST/STM32_USB_Host_Library/Core/Src/usbh_pipes.c **** /**
  47:Middlewares/ST/STM32_USB_Host_Library/Core/Src/usbh_pipes.c ****   * @}
  48:Middlewares/ST/STM32_USB_Host_Library/Core/Src/usbh_pipes.c ****   */
  49:Middlewares/ST/STM32_USB_Host_Library/Core/Src/usbh_pipes.c **** 
  50:Middlewares/ST/STM32_USB_Host_Library/Core/Src/usbh_pipes.c **** 
  51:Middlewares/ST/STM32_USB_Host_Library/Core/Src/usbh_pipes.c **** /** @defgroup USBH_PIPES_Private_Macros
  52:Middlewares/ST/STM32_USB_Host_Library/Core/Src/usbh_pipes.c ****   * @{
  53:Middlewares/ST/STM32_USB_Host_Library/Core/Src/usbh_pipes.c ****   */
  54:Middlewares/ST/STM32_USB_Host_Library/Core/Src/usbh_pipes.c **** /**
  55:Middlewares/ST/STM32_USB_Host_Library/Core/Src/usbh_pipes.c ****   * @}
  56:Middlewares/ST/STM32_USB_Host_Library/Core/Src/usbh_pipes.c ****   */
  57:Middlewares/ST/STM32_USB_Host_Library/Core/Src/usbh_pipes.c **** 
  58:Middlewares/ST/STM32_USB_Host_Library/Core/Src/usbh_pipes.c **** 
  59:Middlewares/ST/STM32_USB_Host_Library/Core/Src/usbh_pipes.c **** /** @defgroup USBH_PIPES_Private_Variables
  60:Middlewares/ST/STM32_USB_Host_Library/Core/Src/usbh_pipes.c ****   * @{
  61:Middlewares/ST/STM32_USB_Host_Library/Core/Src/usbh_pipes.c ****   */
  62:Middlewares/ST/STM32_USB_Host_Library/Core/Src/usbh_pipes.c **** 
  63:Middlewares/ST/STM32_USB_Host_Library/Core/Src/usbh_pipes.c **** /**
  64:Middlewares/ST/STM32_USB_Host_Library/Core/Src/usbh_pipes.c ****   * @}
  65:Middlewares/ST/STM32_USB_Host_Library/Core/Src/usbh_pipes.c ****   */
  66:Middlewares/ST/STM32_USB_Host_Library/Core/Src/usbh_pipes.c **** 
  67:Middlewares/ST/STM32_USB_Host_Library/Core/Src/usbh_pipes.c **** 
  68:Middlewares/ST/STM32_USB_Host_Library/Core/Src/usbh_pipes.c **** /** @defgroup USBH_PIPES_Private_Functions
  69:Middlewares/ST/STM32_USB_Host_Library/Core/Src/usbh_pipes.c ****   * @{
  70:Middlewares/ST/STM32_USB_Host_Library/Core/Src/usbh_pipes.c ****   */
  71:Middlewares/ST/STM32_USB_Host_Library/Core/Src/usbh_pipes.c **** static uint16_t USBH_GetFreePipe(USBH_HandleTypeDef *phost);
  72:Middlewares/ST/STM32_USB_Host_Library/Core/Src/usbh_pipes.c **** 
  73:Middlewares/ST/STM32_USB_Host_Library/Core/Src/usbh_pipes.c **** 
  74:Middlewares/ST/STM32_USB_Host_Library/Core/Src/usbh_pipes.c **** /**
  75:Middlewares/ST/STM32_USB_Host_Library/Core/Src/usbh_pipes.c ****   * @brief  USBH_Open_Pipe
  76:Middlewares/ST/STM32_USB_Host_Library/Core/Src/usbh_pipes.c ****   *         Open a  pipe
  77:Middlewares/ST/STM32_USB_Host_Library/Core/Src/usbh_pipes.c ****   * @param  phost: Host Handle
  78:Middlewares/ST/STM32_USB_Host_Library/Core/Src/usbh_pipes.c ****   * @param  pipe_num: Pipe Number
  79:Middlewares/ST/STM32_USB_Host_Library/Core/Src/usbh_pipes.c ****   * @param  dev_address: USB Device address allocated to attached device
  80:Middlewares/ST/STM32_USB_Host_Library/Core/Src/usbh_pipes.c ****   * @param  speed : USB device speed (Full/Low)
  81:Middlewares/ST/STM32_USB_Host_Library/Core/Src/usbh_pipes.c ****   * @param  ep_type: end point type (Bulk/int/ctl)
  82:Middlewares/ST/STM32_USB_Host_Library/Core/Src/usbh_pipes.c ****   * @param  mps: max pkt size
  83:Middlewares/ST/STM32_USB_Host_Library/Core/Src/usbh_pipes.c ****   * @retval USBH Status
  84:Middlewares/ST/STM32_USB_Host_Library/Core/Src/usbh_pipes.c ****   */
  85:Middlewares/ST/STM32_USB_Host_Library/Core/Src/usbh_pipes.c **** USBH_StatusTypeDef USBH_OpenPipe(USBH_HandleTypeDef *phost, uint8_t pipe_num,
ARM GAS  /tmp/ccOORKqA.s 			page 3


  86:Middlewares/ST/STM32_USB_Host_Library/Core/Src/usbh_pipes.c ****                                  uint8_t epnum, uint8_t dev_address,
  87:Middlewares/ST/STM32_USB_Host_Library/Core/Src/usbh_pipes.c ****                                  uint8_t speed, uint8_t ep_type, uint16_t mps)
  88:Middlewares/ST/STM32_USB_Host_Library/Core/Src/usbh_pipes.c **** {
  31              		.loc 1 88 1 view -0
  32              		.cfi_startproc
  33              		@ args = 12, pretend = 0, frame = 0
  34              		@ frame_needed = 0, uses_anonymous_args = 0
  89:Middlewares/ST/STM32_USB_Host_Library/Core/Src/usbh_pipes.c ****   USBH_LL_OpenPipe(phost, pipe_num, epnum, dev_address, speed, ep_type, mps);
  35              		.loc 1 89 3 view .LVU1
  88:Middlewares/ST/STM32_USB_Host_Library/Core/Src/usbh_pipes.c ****   USBH_LL_OpenPipe(phost, pipe_num, epnum, dev_address, speed, ep_type, mps);
  36              		.loc 1 88 1 is_stmt 0 view .LVU2
  37 0000 10B5     		push	{r4, lr}
  38              	.LCFI0:
  39              		.cfi_def_cfa_offset 8
  40              		.cfi_offset 4, -8
  41              		.cfi_offset 14, -4
  42 0002 84B0     		sub	sp, sp, #16
  43              	.LCFI1:
  44              		.cfi_def_cfa_offset 24
  88:Middlewares/ST/STM32_USB_Host_Library/Core/Src/usbh_pipes.c ****   USBH_LL_OpenPipe(phost, pipe_num, epnum, dev_address, speed, ep_type, mps);
  45              		.loc 1 88 1 view .LVU3
  46 0004 9DF81840 		ldrb	r4, [sp, #24]	@ zero_extendqisi2
  47              		.loc 1 89 3 view .LVU4
  48 0008 0094     		str	r4, [sp]
  88:Middlewares/ST/STM32_USB_Host_Library/Core/Src/usbh_pipes.c ****   USBH_LL_OpenPipe(phost, pipe_num, epnum, dev_address, speed, ep_type, mps);
  49              		.loc 1 88 1 view .LVU5
  50 000a 9DF81C40 		ldrb	r4, [sp, #28]	@ zero_extendqisi2
  51              		.loc 1 89 3 view .LVU6
  52 000e 0194     		str	r4, [sp, #4]
  88:Middlewares/ST/STM32_USB_Host_Library/Core/Src/usbh_pipes.c ****   USBH_LL_OpenPipe(phost, pipe_num, epnum, dev_address, speed, ep_type, mps);
  53              		.loc 1 88 1 view .LVU7
  54 0010 BDF82040 		ldrh	r4, [sp, #32]
  55              		.loc 1 89 3 view .LVU8
  56 0014 0294     		str	r4, [sp, #8]
  57 0016 FFF7FEFF 		bl	USBH_LL_OpenPipe
  58              	.LVL1:
  90:Middlewares/ST/STM32_USB_Host_Library/Core/Src/usbh_pipes.c **** 
  91:Middlewares/ST/STM32_USB_Host_Library/Core/Src/usbh_pipes.c ****   return USBH_OK;
  59              		.loc 1 91 3 is_stmt 1 view .LVU9
  92:Middlewares/ST/STM32_USB_Host_Library/Core/Src/usbh_pipes.c **** }
  60              		.loc 1 92 1 is_stmt 0 view .LVU10
  61 001a 0020     		movs	r0, #0
  62 001c 04B0     		add	sp, sp, #16
  63              	.LCFI2:
  64              		.cfi_def_cfa_offset 8
  65              		@ sp needed
  66 001e 10BD     		pop	{r4, pc}
  67              		.loc 1 92 1 view .LVU11
  68              		.cfi_endproc
  69              	.LFE138:
  71              		.section	.text.USBH_ClosePipe,"ax",%progbits
  72              		.align	1
  73              		.p2align 2,,3
  74              		.global	USBH_ClosePipe
  75              		.syntax unified
  76              		.thumb
  77              		.thumb_func
ARM GAS  /tmp/ccOORKqA.s 			page 4


  79              	USBH_ClosePipe:
  80              	.LVL2:
  81              	.LFB139:
  93:Middlewares/ST/STM32_USB_Host_Library/Core/Src/usbh_pipes.c **** 
  94:Middlewares/ST/STM32_USB_Host_Library/Core/Src/usbh_pipes.c **** 
  95:Middlewares/ST/STM32_USB_Host_Library/Core/Src/usbh_pipes.c **** /**
  96:Middlewares/ST/STM32_USB_Host_Library/Core/Src/usbh_pipes.c ****   * @brief  USBH_ClosePipe
  97:Middlewares/ST/STM32_USB_Host_Library/Core/Src/usbh_pipes.c ****   *         Close a  pipe
  98:Middlewares/ST/STM32_USB_Host_Library/Core/Src/usbh_pipes.c ****   * @param  phost: Host Handle
  99:Middlewares/ST/STM32_USB_Host_Library/Core/Src/usbh_pipes.c ****   * @param  pipe_num: Pipe Number
 100:Middlewares/ST/STM32_USB_Host_Library/Core/Src/usbh_pipes.c ****   * @retval USBH Status
 101:Middlewares/ST/STM32_USB_Host_Library/Core/Src/usbh_pipes.c ****   */
 102:Middlewares/ST/STM32_USB_Host_Library/Core/Src/usbh_pipes.c **** USBH_StatusTypeDef USBH_ClosePipe(USBH_HandleTypeDef *phost, uint8_t pipe_num)
 103:Middlewares/ST/STM32_USB_Host_Library/Core/Src/usbh_pipes.c **** {
  82              		.loc 1 103 1 is_stmt 1 view -0
  83              		.cfi_startproc
  84              		@ args = 0, pretend = 0, frame = 0
  85              		@ frame_needed = 0, uses_anonymous_args = 0
 104:Middlewares/ST/STM32_USB_Host_Library/Core/Src/usbh_pipes.c ****   USBH_LL_ClosePipe(phost, pipe_num);
  86              		.loc 1 104 3 view .LVU13
 103:Middlewares/ST/STM32_USB_Host_Library/Core/Src/usbh_pipes.c ****   USBH_LL_ClosePipe(phost, pipe_num);
  87              		.loc 1 103 1 is_stmt 0 view .LVU14
  88 0000 08B5     		push	{r3, lr}
  89              	.LCFI3:
  90              		.cfi_def_cfa_offset 8
  91              		.cfi_offset 3, -8
  92              		.cfi_offset 14, -4
  93              		.loc 1 104 3 view .LVU15
  94 0002 FFF7FEFF 		bl	USBH_LL_ClosePipe
  95              	.LVL3:
 105:Middlewares/ST/STM32_USB_Host_Library/Core/Src/usbh_pipes.c **** 
 106:Middlewares/ST/STM32_USB_Host_Library/Core/Src/usbh_pipes.c ****   return USBH_OK;
  96              		.loc 1 106 3 is_stmt 1 view .LVU16
 107:Middlewares/ST/STM32_USB_Host_Library/Core/Src/usbh_pipes.c **** }
  97              		.loc 1 107 1 is_stmt 0 view .LVU17
  98 0006 0020     		movs	r0, #0
  99 0008 08BD     		pop	{r3, pc}
 100              		.cfi_endproc
 101              	.LFE139:
 103 000a 00BF     		.section	.text.USBH_AllocPipe,"ax",%progbits
 104              		.align	1
 105              		.p2align 2,,3
 106              		.global	USBH_AllocPipe
 107              		.syntax unified
 108              		.thumb
 109              		.thumb_func
 111              	USBH_AllocPipe:
 112              	.LVL4:
 113              	.LFB140:
 108:Middlewares/ST/STM32_USB_Host_Library/Core/Src/usbh_pipes.c **** 
 109:Middlewares/ST/STM32_USB_Host_Library/Core/Src/usbh_pipes.c **** 
 110:Middlewares/ST/STM32_USB_Host_Library/Core/Src/usbh_pipes.c **** /**
 111:Middlewares/ST/STM32_USB_Host_Library/Core/Src/usbh_pipes.c ****   * @brief  USBH_Alloc_Pipe
 112:Middlewares/ST/STM32_USB_Host_Library/Core/Src/usbh_pipes.c ****   *         Allocate a new Pipe
 113:Middlewares/ST/STM32_USB_Host_Library/Core/Src/usbh_pipes.c ****   * @param  phost: Host Handle
 114:Middlewares/ST/STM32_USB_Host_Library/Core/Src/usbh_pipes.c ****   * @param  ep_addr: End point for which the Pipe to be allocated
 115:Middlewares/ST/STM32_USB_Host_Library/Core/Src/usbh_pipes.c ****   * @retval Pipe number
ARM GAS  /tmp/ccOORKqA.s 			page 5


 116:Middlewares/ST/STM32_USB_Host_Library/Core/Src/usbh_pipes.c ****   */
 117:Middlewares/ST/STM32_USB_Host_Library/Core/Src/usbh_pipes.c **** uint8_t USBH_AllocPipe(USBH_HandleTypeDef *phost, uint8_t ep_addr)
 118:Middlewares/ST/STM32_USB_Host_Library/Core/Src/usbh_pipes.c **** {
 114              		.loc 1 118 1 is_stmt 1 view -0
 115              		.cfi_startproc
 116              		@ args = 0, pretend = 0, frame = 0
 117              		@ frame_needed = 0, uses_anonymous_args = 0
 118              		@ link register save eliminated.
 119:Middlewares/ST/STM32_USB_Host_Library/Core/Src/usbh_pipes.c ****   uint16_t pipe;
 119              		.loc 1 119 3 view .LVU19
 120:Middlewares/ST/STM32_USB_Host_Library/Core/Src/usbh_pipes.c **** 
 121:Middlewares/ST/STM32_USB_Host_Library/Core/Src/usbh_pipes.c ****   pipe =  USBH_GetFreePipe(phost);
 120              		.loc 1 121 3 view .LVU20
 118:Middlewares/ST/STM32_USB_Host_Library/Core/Src/usbh_pipes.c ****   uint16_t pipe;
 121              		.loc 1 118 1 is_stmt 0 view .LVU21
 122 0000 10B4     		push	{r4}
 123              	.LCFI4:
 124              		.cfi_def_cfa_offset 4
 125              		.cfi_offset 4, -4
 118:Middlewares/ST/STM32_USB_Host_Library/Core/Src/usbh_pipes.c ****   uint16_t pipe;
 126              		.loc 1 118 1 view .LVU22
 127 0002 8446     		mov	ip, r0
 128              	.LVL5:
 129              	.LBB4:
 130              	.LBI4:
 122:Middlewares/ST/STM32_USB_Host_Library/Core/Src/usbh_pipes.c **** 
 123:Middlewares/ST/STM32_USB_Host_Library/Core/Src/usbh_pipes.c ****   if (pipe != 0xFFFFU)
 124:Middlewares/ST/STM32_USB_Host_Library/Core/Src/usbh_pipes.c ****   {
 125:Middlewares/ST/STM32_USB_Host_Library/Core/Src/usbh_pipes.c ****     phost->Pipes[pipe & 0xFU] = 0x8000U | ep_addr;
 126:Middlewares/ST/STM32_USB_Host_Library/Core/Src/usbh_pipes.c ****   }
 127:Middlewares/ST/STM32_USB_Host_Library/Core/Src/usbh_pipes.c **** 
 128:Middlewares/ST/STM32_USB_Host_Library/Core/Src/usbh_pipes.c ****   return (uint8_t)pipe;
 129:Middlewares/ST/STM32_USB_Host_Library/Core/Src/usbh_pipes.c **** }
 130:Middlewares/ST/STM32_USB_Host_Library/Core/Src/usbh_pipes.c **** 
 131:Middlewares/ST/STM32_USB_Host_Library/Core/Src/usbh_pipes.c **** 
 132:Middlewares/ST/STM32_USB_Host_Library/Core/Src/usbh_pipes.c **** /**
 133:Middlewares/ST/STM32_USB_Host_Library/Core/Src/usbh_pipes.c ****   * @brief  USBH_Free_Pipe
 134:Middlewares/ST/STM32_USB_Host_Library/Core/Src/usbh_pipes.c ****   *         Free the USB Pipe
 135:Middlewares/ST/STM32_USB_Host_Library/Core/Src/usbh_pipes.c ****   * @param  phost: Host Handle
 136:Middlewares/ST/STM32_USB_Host_Library/Core/Src/usbh_pipes.c ****   * @param  idx: Pipe number to be freed
 137:Middlewares/ST/STM32_USB_Host_Library/Core/Src/usbh_pipes.c ****   * @retval USBH Status
 138:Middlewares/ST/STM32_USB_Host_Library/Core/Src/usbh_pipes.c ****   */
 139:Middlewares/ST/STM32_USB_Host_Library/Core/Src/usbh_pipes.c **** USBH_StatusTypeDef USBH_FreePipe(USBH_HandleTypeDef *phost, uint8_t idx)
 140:Middlewares/ST/STM32_USB_Host_Library/Core/Src/usbh_pipes.c **** {
 141:Middlewares/ST/STM32_USB_Host_Library/Core/Src/usbh_pipes.c ****   if (idx < 11U)
 142:Middlewares/ST/STM32_USB_Host_Library/Core/Src/usbh_pipes.c ****   {
 143:Middlewares/ST/STM32_USB_Host_Library/Core/Src/usbh_pipes.c ****     phost->Pipes[idx] &= 0x7FFFU;
 144:Middlewares/ST/STM32_USB_Host_Library/Core/Src/usbh_pipes.c ****   }
 145:Middlewares/ST/STM32_USB_Host_Library/Core/Src/usbh_pipes.c **** 
 146:Middlewares/ST/STM32_USB_Host_Library/Core/Src/usbh_pipes.c ****   return USBH_OK;
 147:Middlewares/ST/STM32_USB_Host_Library/Core/Src/usbh_pipes.c **** }
 148:Middlewares/ST/STM32_USB_Host_Library/Core/Src/usbh_pipes.c **** 
 149:Middlewares/ST/STM32_USB_Host_Library/Core/Src/usbh_pipes.c **** 
 150:Middlewares/ST/STM32_USB_Host_Library/Core/Src/usbh_pipes.c **** /**
 151:Middlewares/ST/STM32_USB_Host_Library/Core/Src/usbh_pipes.c ****   * @brief  USBH_GetFreePipe
 152:Middlewares/ST/STM32_USB_Host_Library/Core/Src/usbh_pipes.c ****   * @param  phost: Host Handle
 153:Middlewares/ST/STM32_USB_Host_Library/Core/Src/usbh_pipes.c ****   *         Get a free Pipe number for allocation to a device endpoint
ARM GAS  /tmp/ccOORKqA.s 			page 6


 154:Middlewares/ST/STM32_USB_Host_Library/Core/Src/usbh_pipes.c ****   * @retval idx: Free Pipe number
 155:Middlewares/ST/STM32_USB_Host_Library/Core/Src/usbh_pipes.c ****   */
 156:Middlewares/ST/STM32_USB_Host_Library/Core/Src/usbh_pipes.c **** static uint16_t USBH_GetFreePipe(USBH_HandleTypeDef *phost)
 131              		.loc 1 156 17 is_stmt 1 view .LVU23
 132              	.LBB5:
 157:Middlewares/ST/STM32_USB_Host_Library/Core/Src/usbh_pipes.c **** {
 158:Middlewares/ST/STM32_USB_Host_Library/Core/Src/usbh_pipes.c ****   uint8_t idx = 0U;
 133              		.loc 1 158 3 view .LVU24
 159:Middlewares/ST/STM32_USB_Host_Library/Core/Src/usbh_pipes.c **** 
 160:Middlewares/ST/STM32_USB_Host_Library/Core/Src/usbh_pipes.c ****   for (idx = 0U ; idx < 11U ; idx++)
 134              		.loc 1 160 3 view .LVU25
 135              		.loc 1 160 19 view .LVU26
 136 0004 00F56072 		add	r2, r0, #896
 137              	.LBE5:
 138              	.LBE4:
 118:Middlewares/ST/STM32_USB_Host_Library/Core/Src/usbh_pipes.c ****   uint16_t pipe;
 139              		.loc 1 118 1 is_stmt 0 view .LVU27
 140 0008 0023     		movs	r3, #0
 141              	.LVL6:
 142              	.L9:
 143              	.LBB8:
 144              	.LBB6:
 145              		.loc 1 160 31 is_stmt 1 view .LVU28
 146              		.loc 1 160 19 view .LVU29
 161:Middlewares/ST/STM32_USB_Host_Library/Core/Src/usbh_pipes.c ****   {
 162:Middlewares/ST/STM32_USB_Host_Library/Core/Src/usbh_pipes.c ****     if ((phost->Pipes[idx] & 0x8000U) == 0U)
 147              		.loc 1 162 28 is_stmt 0 view .LVU30
 148 000a 52F8044F 		ldr	r4, [r2, #4]!
 149              		.loc 1 162 8 view .LVU31
 150 000e 2404     		lsls	r4, r4, #16
 151 0010 D8B2     		uxtb	r0, r3
 152              	.LVL7:
 153              		.loc 1 162 5 is_stmt 1 view .LVU32
 154              		.loc 1 162 8 is_stmt 0 view .LVU33
 155 0012 06D5     		bpl	.L12
 160:Middlewares/ST/STM32_USB_Host_Library/Core/Src/usbh_pipes.c ****   {
 156              		.loc 1 160 3 view .LVU34
 157 0014 0133     		adds	r3, r3, #1
 158 0016 0B2B     		cmp	r3, #11
 159 0018 F7D1     		bne	.L9
 160 001a FF20     		movs	r0, #255
 161              	.LVL8:
 160:Middlewares/ST/STM32_USB_Host_Library/Core/Src/usbh_pipes.c ****   {
 162              		.loc 1 160 3 view .LVU35
 163              	.LBE6:
 164              	.LBE8:
 128:Middlewares/ST/STM32_USB_Host_Library/Core/Src/usbh_pipes.c **** }
 165              		.loc 1 128 3 is_stmt 1 view .LVU36
 129:Middlewares/ST/STM32_USB_Host_Library/Core/Src/usbh_pipes.c **** 
 166              		.loc 1 129 1 is_stmt 0 view .LVU37
 167 001c 5DF8044B 		ldr	r4, [sp], #4
 168              	.LCFI5:
 169              		.cfi_remember_state
 170              		.cfi_restore 4
 171              		.cfi_def_cfa_offset 0
 172 0020 7047     		bx	lr
 173              	.LVL9:
ARM GAS  /tmp/ccOORKqA.s 			page 7


 174              	.L12:
 175              	.LCFI6:
 176              		.cfi_restore_state
 177              	.LBB9:
 178              	.LBB7:
 163:Middlewares/ST/STM32_USB_Host_Library/Core/Src/usbh_pipes.c ****     {
 164:Middlewares/ST/STM32_USB_Host_Library/Core/Src/usbh_pipes.c ****       return (uint16_t)idx;
 179              		.loc 1 164 7 is_stmt 1 view .LVU38
 180              		.loc 1 164 7 is_stmt 0 view .LVU39
 181              	.LBE7:
 182              	.LBE9:
 123:Middlewares/ST/STM32_USB_Host_Library/Core/Src/usbh_pipes.c ****   {
 183              		.loc 1 123 3 is_stmt 1 view .LVU40
 125:Middlewares/ST/STM32_USB_Host_Library/Core/Src/usbh_pipes.c ****   }
 184              		.loc 1 125 5 view .LVU41
 125:Middlewares/ST/STM32_USB_Host_Library/Core/Src/usbh_pipes.c ****   }
 185              		.loc 1 125 31 is_stmt 0 view .LVU42
 186 0022 0CEB8303 		add	r3, ip, r3, lsl #2
 125:Middlewares/ST/STM32_USB_Host_Library/Core/Src/usbh_pipes.c ****   }
 187              		.loc 1 125 41 view .LVU43
 188 0026 41F40041 		orr	r1, r1, #32768
 189              	.LVL10:
 129:Middlewares/ST/STM32_USB_Host_Library/Core/Src/usbh_pipes.c **** 
 190              		.loc 1 129 1 view .LVU44
 191 002a 5DF8044B 		ldr	r4, [sp], #4
 192              	.LCFI7:
 193              		.cfi_restore 4
 194              		.cfi_def_cfa_offset 0
 125:Middlewares/ST/STM32_USB_Host_Library/Core/Src/usbh_pipes.c ****   }
 195              		.loc 1 125 31 view .LVU45
 196 002e C3F88413 		str	r1, [r3, #900]
 197              	.LVL11:
 128:Middlewares/ST/STM32_USB_Host_Library/Core/Src/usbh_pipes.c **** }
 198              		.loc 1 128 3 is_stmt 1 view .LVU46
 129:Middlewares/ST/STM32_USB_Host_Library/Core/Src/usbh_pipes.c **** 
 199              		.loc 1 129 1 is_stmt 0 view .LVU47
 200 0032 7047     		bx	lr
 201              		.cfi_endproc
 202              	.LFE140:
 204              		.section	.text.USBH_FreePipe,"ax",%progbits
 205              		.align	1
 206              		.p2align 2,,3
 207              		.global	USBH_FreePipe
 208              		.syntax unified
 209              		.thumb
 210              		.thumb_func
 212              	USBH_FreePipe:
 213              	.LVL12:
 214              	.LFB141:
 140:Middlewares/ST/STM32_USB_Host_Library/Core/Src/usbh_pipes.c ****   if (idx < 11U)
 215              		.loc 1 140 1 is_stmt 1 view -0
 216              		.cfi_startproc
 217              		@ args = 0, pretend = 0, frame = 0
 218              		@ frame_needed = 0, uses_anonymous_args = 0
 219              		@ link register save eliminated.
 141:Middlewares/ST/STM32_USB_Host_Library/Core/Src/usbh_pipes.c ****   {
 220              		.loc 1 141 3 view .LVU49
ARM GAS  /tmp/ccOORKqA.s 			page 8


 141:Middlewares/ST/STM32_USB_Host_Library/Core/Src/usbh_pipes.c ****   {
 221              		.loc 1 141 6 is_stmt 0 view .LVU50
 222 0000 0A29     		cmp	r1, #10
 223 0002 07D8     		bhi	.L14
 143:Middlewares/ST/STM32_USB_Host_Library/Core/Src/usbh_pipes.c ****   }
 224              		.loc 1 143 5 is_stmt 1 view .LVU51
 225 0004 00EB8100 		add	r0, r0, r1, lsl #2
 226              	.LVL13:
 143:Middlewares/ST/STM32_USB_Host_Library/Core/Src/usbh_pipes.c ****   }
 227              		.loc 1 143 23 is_stmt 0 view .LVU52
 228 0008 D0F88433 		ldr	r3, [r0, #900]
 229 000c C3F30E03 		ubfx	r3, r3, #0, #15
 230 0010 C0F88433 		str	r3, [r0, #900]
 231              	.L14:
 146:Middlewares/ST/STM32_USB_Host_Library/Core/Src/usbh_pipes.c **** }
 232              		.loc 1 146 3 is_stmt 1 view .LVU53
 147:Middlewares/ST/STM32_USB_Host_Library/Core/Src/usbh_pipes.c **** 
 233              		.loc 1 147 1 is_stmt 0 view .LVU54
 234 0014 0020     		movs	r0, #0
 235 0016 7047     		bx	lr
 236              		.cfi_endproc
 237              	.LFE141:
 239              		.text
 240              	.Letext0:
 241              		.file 2 "/home/irfan/Desktop/arm/gcc-arm-none-eabi-10.3-2021.10-x86_64-linux/gcc-arm-none-eabi-10.
 242              		.file 3 "/home/irfan/Desktop/arm/gcc-arm-none-eabi-10.3-2021.10-x86_64-linux/gcc-arm-none-eabi-10.
 243              		.file 4 "Middlewares/Third_Party/FreeRTOS/Source/include/task.h"
 244              		.file 5 "Middlewares/Third_Party/FreeRTOS/Source/include/queue.h"
 245              		.file 6 "Middlewares/Third_Party/FreeRTOS/Source/CMSIS_RTOS/cmsis_os.h"
 246              		.file 7 "Middlewares/ST/STM32_USB_Host_Library/Core/Inc/usbh_def.h"
 247              		.file 8 "Middlewares/ST/STM32_USB_Host_Library/Core/Inc/usbh_core.h"
ARM GAS  /tmp/ccOORKqA.s 			page 9


DEFINED SYMBOLS
                            *ABS*:0000000000000000 usbh_pipes.c
     /tmp/ccOORKqA.s:20     .text.USBH_OpenPipe:0000000000000000 $t
     /tmp/ccOORKqA.s:27     .text.USBH_OpenPipe:0000000000000000 USBH_OpenPipe
     /tmp/ccOORKqA.s:72     .text.USBH_ClosePipe:0000000000000000 $t
     /tmp/ccOORKqA.s:79     .text.USBH_ClosePipe:0000000000000000 USBH_ClosePipe
     /tmp/ccOORKqA.s:104    .text.USBH_AllocPipe:0000000000000000 $t
     /tmp/ccOORKqA.s:111    .text.USBH_AllocPipe:0000000000000000 USBH_AllocPipe
     /tmp/ccOORKqA.s:205    .text.USBH_FreePipe:0000000000000000 $t
     /tmp/ccOORKqA.s:212    .text.USBH_FreePipe:0000000000000000 USBH_FreePipe

UNDEFINED SYMBOLS
USBH_LL_OpenPipe
USBH_LL_ClosePipe
