ARM GAS  /tmp/ccSY6ZB1.s 			page 1


   1              		.cpu cortex-m3
   2              		.eabi_attribute 20, 1
   3              		.eabi_attribute 21, 1
   4              		.eabi_attribute 23, 3
   5              		.eabi_attribute 24, 1
   6              		.eabi_attribute 25, 1
   7              		.eabi_attribute 26, 1
   8              		.eabi_attribute 30, 1
   9              		.eabi_attribute 34, 1
  10              		.eabi_attribute 18, 4
  11              		.file	"main.c"
  12              		.text
  13              	.Ltext0:
  14              		.cfi_sections	.debug_frame
  15              		.section	.text.MX_GPIO_Init,"ax",%progbits
  16              		.align	1
  17              		.syntax unified
  18              		.thumb
  19              		.thumb_func
  20              		.fpu softvfp
  22              	MX_GPIO_Init:
  23              	.LFB66:
  24              		.file 1 "Src/main.c"
   1:Src/main.c    **** /* USER CODE BEGIN Header */
   2:Src/main.c    **** /**
   3:Src/main.c    ****   ******************************************************************************
   4:Src/main.c    ****   * @file           : main.c
   5:Src/main.c    ****   * @brief          : Main program body
   6:Src/main.c    ****   ******************************************************************************
   7:Src/main.c    ****   * @attention
   8:Src/main.c    ****   *
   9:Src/main.c    ****   * <h2><center>&copy; Copyright (c) 2019 STMicroelectronics.
  10:Src/main.c    ****   * All rights reserved.</center></h2>
  11:Src/main.c    ****   *
  12:Src/main.c    ****   * This software component is licensed by ST under BSD 3-Clause license,
  13:Src/main.c    ****   * the "License"; You may not use this file except in compliance with the
  14:Src/main.c    ****   * License. You may obtain a copy of the License at:
  15:Src/main.c    ****   *                        opensource.org/licenses/BSD-3-Clause
  16:Src/main.c    ****   *
  17:Src/main.c    ****   ******************************************************************************
  18:Src/main.c    ****   */
  19:Src/main.c    **** /* USER CODE END Header */
  20:Src/main.c    **** 
  21:Src/main.c    **** /* Includes ------------------------------------------------------------------*/
  22:Src/main.c    **** #include "main.h"
  23:Src/main.c    **** 
  24:Src/main.c    **** /* Private includes ----------------------------------------------------------*/
  25:Src/main.c    **** /* USER CODE BEGIN Includes */
  26:Src/main.c    **** 
  27:Src/main.c    **** /* USER CODE END Includes */
  28:Src/main.c    **** 
  29:Src/main.c    **** /* Private typedef -----------------------------------------------------------*/
  30:Src/main.c    **** /* USER CODE BEGIN PTD */
  31:Src/main.c    **** 
  32:Src/main.c    **** /* USER CODE END PTD */
  33:Src/main.c    **** 
  34:Src/main.c    **** /* Private define ------------------------------------------------------------*/
ARM GAS  /tmp/ccSY6ZB1.s 			page 2


  35:Src/main.c    **** /* USER CODE BEGIN PD */
  36:Src/main.c    **** 
  37:Src/main.c    **** /* USER CODE END PD */
  38:Src/main.c    **** 
  39:Src/main.c    **** /* Private macro -------------------------------------------------------------*/
  40:Src/main.c    **** /* USER CODE BEGIN PM */
  41:Src/main.c    **** 
  42:Src/main.c    **** /* USER CODE END PM */
  43:Src/main.c    **** 
  44:Src/main.c    **** /* Private variables ---------------------------------------------------------*/
  45:Src/main.c    **** 
  46:Src/main.c    **** /* USER CODE BEGIN PV */
  47:Src/main.c    **** 
  48:Src/main.c    **** /* USER CODE END PV */
  49:Src/main.c    **** 
  50:Src/main.c    **** /* Private function prototypes -----------------------------------------------*/
  51:Src/main.c    **** void SystemClock_Config(void);
  52:Src/main.c    **** static void MX_GPIO_Init(void);
  53:Src/main.c    **** /* USER CODE BEGIN PFP */
  54:Src/main.c    **** 
  55:Src/main.c    **** /* USER CODE END PFP */
  56:Src/main.c    **** 
  57:Src/main.c    **** /* Private user code ---------------------------------------------------------*/
  58:Src/main.c    **** /* USER CODE BEGIN 0 */
  59:Src/main.c    **** 
  60:Src/main.c    **** /* USER CODE END 0 */
  61:Src/main.c    **** 
  62:Src/main.c    **** /**
  63:Src/main.c    ****   * @brief  The application entry point.
  64:Src/main.c    ****   * @retval int
  65:Src/main.c    ****   */
  66:Src/main.c    **** int main(void)
  67:Src/main.c    **** {
  68:Src/main.c    ****   /* USER CODE BEGIN 1 */
  69:Src/main.c    **** 
  70:Src/main.c    ****   /* USER CODE END 1 */
  71:Src/main.c    **** 
  72:Src/main.c    ****   /* MCU Configuration--------------------------------------------------------*/
  73:Src/main.c    **** 
  74:Src/main.c    ****   /* Reset of all peripherals, Initializes the Flash interface and the Systick. */
  75:Src/main.c    ****   HAL_Init();
  76:Src/main.c    **** 
  77:Src/main.c    ****   /* USER CODE BEGIN Init */
  78:Src/main.c    **** 
  79:Src/main.c    ****   /* USER CODE END Init */
  80:Src/main.c    **** 
  81:Src/main.c    ****   /* Configure the system clock */
  82:Src/main.c    ****   SystemClock_Config();
  83:Src/main.c    **** 
  84:Src/main.c    ****   /* USER CODE BEGIN SysInit */
  85:Src/main.c    **** 
  86:Src/main.c    ****   /* USER CODE END SysInit */
  87:Src/main.c    **** 
  88:Src/main.c    ****   /* Initialize all configured peripherals */
  89:Src/main.c    ****   MX_GPIO_Init();
  90:Src/main.c    ****   /* USER CODE BEGIN 2 */
  91:Src/main.c    **** 
ARM GAS  /tmp/ccSY6ZB1.s 			page 3


  92:Src/main.c    ****   /* USER CODE END 2 */
  93:Src/main.c    **** 
  94:Src/main.c    ****   /* Infinite loop */
  95:Src/main.c    ****   /* USER CODE BEGIN WHILE */
  96:Src/main.c    ****   while (1)
  97:Src/main.c    ****   {
  98:Src/main.c    ****     /* USER CODE END WHILE */
  99:Src/main.c    ****  HAL_GPIO_TogglePin(GPIOB, GPIO_PIN_12);
 100:Src/main.c    ****    HAL_Delay(1000);   // 500ms
 101:Src/main.c    ****     /* USER CODE BEGIN 3 */
 102:Src/main.c    ****   }
 103:Src/main.c    ****   /* USER CODE END 3 */
 104:Src/main.c    **** }
 105:Src/main.c    **** 
 106:Src/main.c    **** /**
 107:Src/main.c    ****   * @brief System Clock Configuration
 108:Src/main.c    ****   * @retval None
 109:Src/main.c    ****   */
 110:Src/main.c    **** void SystemClock_Config(void)
 111:Src/main.c    **** {
 112:Src/main.c    ****   RCC_OscInitTypeDef RCC_OscInitStruct = {0};
 113:Src/main.c    ****   RCC_ClkInitTypeDef RCC_ClkInitStruct = {0};
 114:Src/main.c    **** 
 115:Src/main.c    ****   /** Initializes the CPU, AHB and APB busses clocks 
 116:Src/main.c    ****   */
 117:Src/main.c    ****   RCC_OscInitStruct.OscillatorType = RCC_OSCILLATORTYPE_HSI;
 118:Src/main.c    ****   RCC_OscInitStruct.HSIState = RCC_HSI_ON;
 119:Src/main.c    ****   RCC_OscInitStruct.HSICalibrationValue = RCC_HSICALIBRATION_DEFAULT;
 120:Src/main.c    ****   RCC_OscInitStruct.PLL.PLLState = RCC_PLL_NONE;
 121:Src/main.c    ****   if (HAL_RCC_OscConfig(&RCC_OscInitStruct) != HAL_OK)
 122:Src/main.c    ****   {
 123:Src/main.c    ****     Error_Handler();
 124:Src/main.c    ****   }
 125:Src/main.c    ****   /** Initializes the CPU, AHB and APB busses clocks 
 126:Src/main.c    ****   */
 127:Src/main.c    ****   RCC_ClkInitStruct.ClockType = RCC_CLOCKTYPE_HCLK|RCC_CLOCKTYPE_SYSCLK
 128:Src/main.c    ****                               |RCC_CLOCKTYPE_PCLK1|RCC_CLOCKTYPE_PCLK2;
 129:Src/main.c    ****   RCC_ClkInitStruct.SYSCLKSource = RCC_SYSCLKSOURCE_HSI;
 130:Src/main.c    ****   RCC_ClkInitStruct.AHBCLKDivider = RCC_SYSCLK_DIV1;
 131:Src/main.c    ****   RCC_ClkInitStruct.APB1CLKDivider = RCC_HCLK_DIV1;
 132:Src/main.c    ****   RCC_ClkInitStruct.APB2CLKDivider = RCC_HCLK_DIV1;
 133:Src/main.c    **** 
 134:Src/main.c    ****   if (HAL_RCC_ClockConfig(&RCC_ClkInitStruct, FLASH_LATENCY_0) != HAL_OK)
 135:Src/main.c    ****   {
 136:Src/main.c    ****     Error_Handler();
 137:Src/main.c    ****   }
 138:Src/main.c    **** }
 139:Src/main.c    **** 
 140:Src/main.c    **** /**
 141:Src/main.c    ****   * @brief GPIO Initialization Function
 142:Src/main.c    ****   * @param None
 143:Src/main.c    ****   * @retval None
 144:Src/main.c    ****   */
 145:Src/main.c    **** static void MX_GPIO_Init(void)
 146:Src/main.c    **** {
  25              		.loc 1 146 0
  26              		.cfi_startproc
ARM GAS  /tmp/ccSY6ZB1.s 			page 4


  27              		@ args = 0, pretend = 0, frame = 24
  28              		@ frame_needed = 0, uses_anonymous_args = 0
  29 0000 30B5     		push	{r4, r5, lr}
  30              	.LCFI0:
  31              		.cfi_def_cfa_offset 12
  32              		.cfi_offset 4, -12
  33              		.cfi_offset 5, -8
  34              		.cfi_offset 14, -4
  35 0002 87B0     		sub	sp, sp, #28
  36              	.LCFI1:
  37              		.cfi_def_cfa_offset 40
 147:Src/main.c    ****   GPIO_InitTypeDef GPIO_InitStruct = {0};
  38              		.loc 1 147 0
  39 0004 0024     		movs	r4, #0
  40 0006 0294     		str	r4, [sp, #8]
  41 0008 0394     		str	r4, [sp, #12]
  42 000a 0494     		str	r4, [sp, #16]
  43 000c 0594     		str	r4, [sp, #20]
  44              	.LBB2:
 148:Src/main.c    **** 
 149:Src/main.c    ****   /* GPIO Ports Clock Enable */
 150:Src/main.c    ****   __HAL_RCC_GPIOD_CLK_ENABLE();
  45              		.loc 1 150 0
  46 000e 144B     		ldr	r3, .L3
  47 0010 9A69     		ldr	r2, [r3, #24]
  48 0012 42F02002 		orr	r2, r2, #32
  49 0016 9A61     		str	r2, [r3, #24]
  50 0018 9A69     		ldr	r2, [r3, #24]
  51 001a 02F02002 		and	r2, r2, #32
  52 001e 0092     		str	r2, [sp]
  53 0020 009A     		ldr	r2, [sp]
  54              	.LBE2:
  55              	.LBB3:
 151:Src/main.c    ****   __HAL_RCC_GPIOB_CLK_ENABLE();
  56              		.loc 1 151 0
  57 0022 9A69     		ldr	r2, [r3, #24]
  58 0024 42F00802 		orr	r2, r2, #8
  59 0028 9A61     		str	r2, [r3, #24]
  60 002a 9B69     		ldr	r3, [r3, #24]
  61 002c 03F00803 		and	r3, r3, #8
  62 0030 0193     		str	r3, [sp, #4]
  63 0032 019B     		ldr	r3, [sp, #4]
  64              	.LBE3:
 152:Src/main.c    **** 
 153:Src/main.c    ****   /*Configure GPIO pin Output Level */
 154:Src/main.c    ****   HAL_GPIO_WritePin(GPIOB, GPIO_PIN_12, GPIO_PIN_RESET);
  65              		.loc 1 154 0
  66 0034 0B4D     		ldr	r5, .L3+4
  67 0036 2246     		mov	r2, r4
  68 0038 4FF48051 		mov	r1, #4096
  69 003c 2846     		mov	r0, r5
  70 003e FFF7FEFF 		bl	HAL_GPIO_WritePin
  71              	.LVL0:
 155:Src/main.c    **** 
 156:Src/main.c    ****   /*Configure GPIO pin : PB12 */
 157:Src/main.c    ****   GPIO_InitStruct.Pin = GPIO_PIN_12;
  72              		.loc 1 157 0
ARM GAS  /tmp/ccSY6ZB1.s 			page 5


  73 0042 4FF48053 		mov	r3, #4096
  74 0046 0293     		str	r3, [sp, #8]
 158:Src/main.c    ****   GPIO_InitStruct.Mode = GPIO_MODE_OUTPUT_PP;
  75              		.loc 1 158 0
  76 0048 0123     		movs	r3, #1
  77 004a 0393     		str	r3, [sp, #12]
 159:Src/main.c    ****   GPIO_InitStruct.Pull = GPIO_NOPULL;
  78              		.loc 1 159 0
  79 004c 0494     		str	r4, [sp, #16]
 160:Src/main.c    ****   GPIO_InitStruct.Speed = GPIO_SPEED_FREQ_LOW;
  80              		.loc 1 160 0
  81 004e 0223     		movs	r3, #2
  82 0050 0593     		str	r3, [sp, #20]
 161:Src/main.c    ****   HAL_GPIO_Init(GPIOB, &GPIO_InitStruct);
  83              		.loc 1 161 0
  84 0052 02A9     		add	r1, sp, #8
  85 0054 2846     		mov	r0, r5
  86 0056 FFF7FEFF 		bl	HAL_GPIO_Init
  87              	.LVL1:
 162:Src/main.c    **** 
 163:Src/main.c    **** }
  88              		.loc 1 163 0
  89 005a 07B0     		add	sp, sp, #28
  90              	.LCFI2:
  91              		.cfi_def_cfa_offset 12
  92              		@ sp needed
  93 005c 30BD     		pop	{r4, r5, pc}
  94              	.L4:
  95 005e 00BF     		.align	2
  96              	.L3:
  97 0060 00100240 		.word	1073876992
  98 0064 000C0140 		.word	1073810432
  99              		.cfi_endproc
 100              	.LFE66:
 102              		.section	.text.SystemClock_Config,"ax",%progbits
 103              		.align	1
 104              		.global	SystemClock_Config
 105              		.syntax unified
 106              		.thumb
 107              		.thumb_func
 108              		.fpu softvfp
 110              	SystemClock_Config:
 111              	.LFB65:
 111:Src/main.c    ****   RCC_OscInitTypeDef RCC_OscInitStruct = {0};
 112              		.loc 1 111 0
 113              		.cfi_startproc
 114              		@ args = 0, pretend = 0, frame = 64
 115              		@ frame_needed = 0, uses_anonymous_args = 0
 116 0000 10B5     		push	{r4, lr}
 117              	.LCFI3:
 118              		.cfi_def_cfa_offset 8
 119              		.cfi_offset 4, -8
 120              		.cfi_offset 14, -4
 121 0002 90B0     		sub	sp, sp, #64
 122              	.LCFI4:
 123              		.cfi_def_cfa_offset 72
 112:Src/main.c    ****   RCC_ClkInitTypeDef RCC_ClkInitStruct = {0};
ARM GAS  /tmp/ccSY6ZB1.s 			page 6


 124              		.loc 1 112 0
 125 0004 2822     		movs	r2, #40
 126 0006 0021     		movs	r1, #0
 127 0008 06A8     		add	r0, sp, #24
 128 000a FFF7FEFF 		bl	memset
 129              	.LVL2:
 113:Src/main.c    **** 
 130              		.loc 1 113 0
 131 000e 0024     		movs	r4, #0
 132 0010 0194     		str	r4, [sp, #4]
 133 0012 0294     		str	r4, [sp, #8]
 134 0014 0394     		str	r4, [sp, #12]
 135 0016 0494     		str	r4, [sp, #16]
 136 0018 0594     		str	r4, [sp, #20]
 117:Src/main.c    ****   RCC_OscInitStruct.HSIState = RCC_HSI_ON;
 137              		.loc 1 117 0
 138 001a 0223     		movs	r3, #2
 139 001c 0693     		str	r3, [sp, #24]
 118:Src/main.c    ****   RCC_OscInitStruct.HSICalibrationValue = RCC_HSICALIBRATION_DEFAULT;
 140              		.loc 1 118 0
 141 001e 0123     		movs	r3, #1
 142 0020 0A93     		str	r3, [sp, #40]
 119:Src/main.c    ****   RCC_OscInitStruct.PLL.PLLState = RCC_PLL_NONE;
 143              		.loc 1 119 0
 144 0022 1023     		movs	r3, #16
 145 0024 0B93     		str	r3, [sp, #44]
 121:Src/main.c    ****   {
 146              		.loc 1 121 0
 147 0026 06A8     		add	r0, sp, #24
 148 0028 FFF7FEFF 		bl	HAL_RCC_OscConfig
 149              	.LVL3:
 127:Src/main.c    ****                               |RCC_CLOCKTYPE_PCLK1|RCC_CLOCKTYPE_PCLK2;
 150              		.loc 1 127 0
 151 002c 0F23     		movs	r3, #15
 152 002e 0193     		str	r3, [sp, #4]
 129:Src/main.c    ****   RCC_ClkInitStruct.AHBCLKDivider = RCC_SYSCLK_DIV1;
 153              		.loc 1 129 0
 154 0030 0294     		str	r4, [sp, #8]
 130:Src/main.c    ****   RCC_ClkInitStruct.APB1CLKDivider = RCC_HCLK_DIV1;
 155              		.loc 1 130 0
 156 0032 0394     		str	r4, [sp, #12]
 131:Src/main.c    ****   RCC_ClkInitStruct.APB2CLKDivider = RCC_HCLK_DIV1;
 157              		.loc 1 131 0
 158 0034 0494     		str	r4, [sp, #16]
 132:Src/main.c    **** 
 159              		.loc 1 132 0
 160 0036 0594     		str	r4, [sp, #20]
 134:Src/main.c    ****   {
 161              		.loc 1 134 0
 162 0038 2146     		mov	r1, r4
 163 003a 01A8     		add	r0, sp, #4
 164 003c FFF7FEFF 		bl	HAL_RCC_ClockConfig
 165              	.LVL4:
 138:Src/main.c    **** 
 166              		.loc 1 138 0
 167 0040 10B0     		add	sp, sp, #64
 168              	.LCFI5:
ARM GAS  /tmp/ccSY6ZB1.s 			page 7


 169              		.cfi_def_cfa_offset 8
 170              		@ sp needed
 171 0042 10BD     		pop	{r4, pc}
 172              		.cfi_endproc
 173              	.LFE65:
 175              		.section	.text.main,"ax",%progbits
 176              		.align	1
 177              		.global	main
 178              		.syntax unified
 179              		.thumb
 180              		.thumb_func
 181              		.fpu softvfp
 183              	main:
 184              	.LFB64:
  67:Src/main.c    ****   /* USER CODE BEGIN 1 */
 185              		.loc 1 67 0
 186              		.cfi_startproc
 187              		@ Volatile: function does not return.
 188              		@ args = 0, pretend = 0, frame = 0
 189              		@ frame_needed = 0, uses_anonymous_args = 0
 190 0000 08B5     		push	{r3, lr}
 191              	.LCFI6:
 192              		.cfi_def_cfa_offset 8
 193              		.cfi_offset 3, -8
 194              		.cfi_offset 14, -4
  75:Src/main.c    **** 
 195              		.loc 1 75 0
 196 0002 FFF7FEFF 		bl	HAL_Init
 197              	.LVL5:
  82:Src/main.c    **** 
 198              		.loc 1 82 0
 199 0006 FFF7FEFF 		bl	SystemClock_Config
 200              	.LVL6:
  89:Src/main.c    ****   /* USER CODE BEGIN 2 */
 201              		.loc 1 89 0
 202 000a FFF7FEFF 		bl	MX_GPIO_Init
 203              	.LVL7:
 204              	.L8:
  99:Src/main.c    ****    HAL_Delay(1000);   // 500ms
 205              		.loc 1 99 0 discriminator 1
 206 000e 4FF48051 		mov	r1, #4096
 207 0012 0448     		ldr	r0, .L10
 208 0014 FFF7FEFF 		bl	HAL_GPIO_TogglePin
 209              	.LVL8:
 100:Src/main.c    ****     /* USER CODE BEGIN 3 */
 210              		.loc 1 100 0 discriminator 1
 211 0018 4FF47A70 		mov	r0, #1000
 212 001c FFF7FEFF 		bl	HAL_Delay
 213              	.LVL9:
 214 0020 F5E7     		b	.L8
 215              	.L11:
 216 0022 00BF     		.align	2
 217              	.L10:
 218 0024 000C0140 		.word	1073810432
 219              		.cfi_endproc
 220              	.LFE64:
 222              		.section	.text.Error_Handler,"ax",%progbits
ARM GAS  /tmp/ccSY6ZB1.s 			page 8


 223              		.align	1
 224              		.global	Error_Handler
 225              		.syntax unified
 226              		.thumb
 227              		.thumb_func
 228              		.fpu softvfp
 230              	Error_Handler:
 231              	.LFB67:
 164:Src/main.c    **** 
 165:Src/main.c    **** /* USER CODE BEGIN 4 */
 166:Src/main.c    **** 
 167:Src/main.c    **** /* USER CODE END 4 */
 168:Src/main.c    **** 
 169:Src/main.c    **** /**
 170:Src/main.c    ****   * @brief  This function is executed in case of error occurrence.
 171:Src/main.c    ****   * @retval None
 172:Src/main.c    ****   */
 173:Src/main.c    **** void Error_Handler(void)
 174:Src/main.c    **** {
 232              		.loc 1 174 0
 233              		.cfi_startproc
 234              		@ args = 0, pretend = 0, frame = 0
 235              		@ frame_needed = 0, uses_anonymous_args = 0
 236              		@ link register save eliminated.
 237 0000 7047     		bx	lr
 238              		.cfi_endproc
 239              	.LFE67:
 241              		.text
 242              	.Letext0:
 243              		.file 2 "/usr/include/newlib/machine/_default_types.h"
 244              		.file 3 "/usr/include/newlib/sys/_stdint.h"
 245              		.file 4 "Drivers/CMSIS/Include/core_cm3.h"
 246              		.file 5 "Drivers/CMSIS/Device/ST/STM32F1xx/Include/system_stm32f1xx.h"
 247              		.file 6 "Drivers/CMSIS/Device/ST/STM32F1xx/Include/stm32f103xb.h"
 248              		.file 7 "/usr/include/newlib/sys/lock.h"
 249              		.file 8 "/usr/include/newlib/sys/_types.h"
 250              		.file 9 "/usr/lib/gcc/arm-none-eabi/6.3.1/include/stddef.h"
 251              		.file 10 "/usr/include/newlib/sys/reent.h"
 252              		.file 11 "Drivers/STM32F1xx_HAL_Driver/Inc/stm32f1xx_hal_rcc.h"
 253              		.file 12 "Drivers/STM32F1xx_HAL_Driver/Inc/stm32f1xx_hal_rcc_ex.h"
 254              		.file 13 "Drivers/STM32F1xx_HAL_Driver/Inc/stm32f1xx_hal_gpio.h"
 255              		.file 14 "Drivers/STM32F1xx_HAL_Driver/Inc/stm32f1xx_hal_def.h"
 256              		.file 15 "Drivers/STM32F1xx_HAL_Driver/Inc/stm32f1xx_hal.h"
ARM GAS  /tmp/ccSY6ZB1.s 			page 9


DEFINED SYMBOLS
                            *ABS*:0000000000000000 main.c
     /tmp/ccSY6ZB1.s:16     .text.MX_GPIO_Init:0000000000000000 $t
     /tmp/ccSY6ZB1.s:22     .text.MX_GPIO_Init:0000000000000000 MX_GPIO_Init
     /tmp/ccSY6ZB1.s:97     .text.MX_GPIO_Init:0000000000000060 $d
     /tmp/ccSY6ZB1.s:103    .text.SystemClock_Config:0000000000000000 $t
     /tmp/ccSY6ZB1.s:110    .text.SystemClock_Config:0000000000000000 SystemClock_Config
     /tmp/ccSY6ZB1.s:176    .text.main:0000000000000000 $t
     /tmp/ccSY6ZB1.s:183    .text.main:0000000000000000 main
     /tmp/ccSY6ZB1.s:218    .text.main:0000000000000024 $d
     /tmp/ccSY6ZB1.s:223    .text.Error_Handler:0000000000000000 $t
     /tmp/ccSY6ZB1.s:230    .text.Error_Handler:0000000000000000 Error_Handler
                     .debug_frame:0000000000000010 $d

UNDEFINED SYMBOLS
HAL_GPIO_WritePin
HAL_GPIO_Init
memset
HAL_RCC_OscConfig
HAL_RCC_ClockConfig
HAL_Init
HAL_GPIO_TogglePin
HAL_Delay
