ARM GAS  /tmp/ccRqcHBx.s 			page 1


   1              		.cpu cortex-m3
   2              		.eabi_attribute 20, 1
   3              		.eabi_attribute 21, 1
   4              		.eabi_attribute 23, 3
   5              		.eabi_attribute 24, 1
   6              		.eabi_attribute 25, 1
   7              		.eabi_attribute 26, 1
   8              		.eabi_attribute 30, 2
   9              		.eabi_attribute 34, 1
  10              		.eabi_attribute 18, 4
  11              		.file	"main.c"
  12              		.section	.text.SystemClock_Config,"ax",%progbits
  13              		.align	1
  14              		.p2align 2,,3
  15              		.global	SystemClock_Config
  16              		.syntax unified
  17              		.thumb
  18              		.thumb_func
  19              		.fpu softvfp
  21              	SystemClock_Config:
  22              		@ args = 0, pretend = 0, frame = 64
  23              		@ frame_needed = 0, uses_anonymous_args = 0
  24 0000 10B5     		push	{r4, lr}
  25 0002 90B0     		sub	sp, sp, #64
  26 0004 06A8     		add	r0, sp, #24
  27 0006 2822     		movs	r2, #40
  28 0008 0021     		movs	r1, #0
  29 000a FFF7FEFF 		bl	memset
  30 000e 0024     		movs	r4, #0
  31 0010 0122     		movs	r2, #1
  32 0012 0221     		movs	r1, #2
  33 0014 1023     		movs	r3, #16
  34 0016 06A8     		add	r0, sp, #24
  35 0018 0691     		str	r1, [sp, #24]
  36 001a 0A92     		str	r2, [sp, #40]
  37 001c 0B93     		str	r3, [sp, #44]
  38 001e 0194     		str	r4, [sp, #4]
  39 0020 0294     		str	r4, [sp, #8]
  40 0022 0394     		str	r4, [sp, #12]
  41 0024 0494     		str	r4, [sp, #16]
  42 0026 0594     		str	r4, [sp, #20]
  43 0028 FFF7FEFF 		bl	HAL_RCC_OscConfig
  44 002c 0F23     		movs	r3, #15
  45 002e 01A8     		add	r0, sp, #4
  46 0030 2146     		mov	r1, r4
  47 0032 0294     		str	r4, [sp, #8]
  48 0034 0394     		str	r4, [sp, #12]
  49 0036 0494     		str	r4, [sp, #16]
  50 0038 0594     		str	r4, [sp, #20]
  51 003a 0193     		str	r3, [sp, #4]
  52 003c FFF7FEFF 		bl	HAL_RCC_ClockConfig
  53 0040 10B0     		add	sp, sp, #64
  54              		@ sp needed
  55 0042 10BD     		pop	{r4, pc}
  57              		.section	.text.startup.main,"ax",%progbits
  58              		.align	1
  59              		.p2align 2,,3
ARM GAS  /tmp/ccRqcHBx.s 			page 2


  60              		.global	main
  61              		.syntax unified
  62              		.thumb
  63              		.thumb_func
  64              		.fpu softvfp
  66              	main:
  67              		@ Volatile: function does not return.
  68              		@ args = 0, pretend = 0, frame = 24
  69              		@ frame_needed = 0, uses_anonymous_args = 0
  70 0000 0024     		movs	r4, #0
  71 0002 00B5     		push	{lr}
  72 0004 87B0     		sub	sp, sp, #28
  73 0006 FFF7FEFF 		bl	HAL_Init
  74 000a FFF7FEFF 		bl	SystemClock_Config
  75 000e 154B     		ldr	r3, .L7
  76 0010 0294     		str	r4, [sp, #8]
  77 0012 0394     		str	r4, [sp, #12]
  78 0014 0494     		str	r4, [sp, #16]
  79 0016 0594     		str	r4, [sp, #20]
  80 0018 9969     		ldr	r1, [r3, #24]
  81 001a 2246     		mov	r2, r4
  82 001c 41F00801 		orr	r1, r1, #8
  83 0020 9961     		str	r1, [r3, #24]
  84 0022 9B69     		ldr	r3, [r3, #24]
  85 0024 4FF48051 		mov	r1, #4096
  86 0028 03F00803 		and	r3, r3, #8
  87 002c 0193     		str	r3, [sp, #4]
  88 002e 0E48     		ldr	r0, .L7+4
  89 0030 019B     		ldr	r3, [sp, #4]
  90 0032 4FF48055 		mov	r5, #4096
  91 0036 FFF7FEFF 		bl	HAL_GPIO_WritePin
  92 003a 0122     		movs	r2, #1
  93 003c 0223     		movs	r3, #2
  94 003e 02A9     		add	r1, sp, #8
  95 0040 0948     		ldr	r0, .L7+4
  96 0042 0494     		str	r4, [sp, #16]
  97 0044 0295     		str	r5, [sp, #8]
  98 0046 0392     		str	r2, [sp, #12]
  99 0048 0593     		str	r3, [sp, #20]
 100 004a FFF7FEFF 		bl	HAL_GPIO_Init
 101 004e 064C     		ldr	r4, .L7+4
 102              	.L4:
 103 0050 2046     		mov	r0, r4
 104 0052 4FF48051 		mov	r1, #4096
 105 0056 FFF7FEFF 		bl	HAL_GPIO_TogglePin
 106 005a 4FF47A70 		mov	r0, #1000
 107 005e FFF7FEFF 		bl	HAL_Delay
 108 0062 F5E7     		b	.L4
 109              	.L8:
 110              		.align	2
 111              	.L7:
 112 0064 00100240 		.word	1073876992
 113 0068 000C0140 		.word	1073810432
 115              		.section	.text.Error_Handler,"ax",%progbits
 116              		.align	1
 117              		.p2align 2,,3
 118              		.global	Error_Handler
ARM GAS  /tmp/ccRqcHBx.s 			page 3


 119              		.syntax unified
 120              		.thumb
 121              		.thumb_func
 122              		.fpu softvfp
 124              	Error_Handler:
 125              		@ args = 0, pretend = 0, frame = 0
 126              		@ frame_needed = 0, uses_anonymous_args = 0
 127              		@ link register save eliminated.
 128 0000 7047     		bx	lr
 130 0002 00BF     		.ident	"GCC: (15:6.3.1+svn253039-1build1) 6.3.1 20170620"
ARM GAS  /tmp/ccRqcHBx.s 			page 4


DEFINED SYMBOLS
                            *ABS*:0000000000000000 main.c
     /tmp/ccRqcHBx.s:13     .text.SystemClock_Config:0000000000000000 $t
     /tmp/ccRqcHBx.s:21     .text.SystemClock_Config:0000000000000000 SystemClock_Config
     /tmp/ccRqcHBx.s:58     .text.startup.main:0000000000000000 $t
     /tmp/ccRqcHBx.s:66     .text.startup.main:0000000000000000 main
     /tmp/ccRqcHBx.s:112    .text.startup.main:0000000000000064 $d
     /tmp/ccRqcHBx.s:116    .text.Error_Handler:0000000000000000 $t
     /tmp/ccRqcHBx.s:124    .text.Error_Handler:0000000000000000 Error_Handler

UNDEFINED SYMBOLS
memset
HAL_RCC_OscConfig
HAL_RCC_ClockConfig
HAL_Init
HAL_GPIO_WritePin
HAL_GPIO_Init
HAL_GPIO_TogglePin
HAL_Delay
