ARM GAS  /tmp/ccJ0eEU3.s 			page 1


   1              		.cpu cortex-m3
   2              		.eabi_attribute 20, 1
   3              		.eabi_attribute 21, 1
   4              		.eabi_attribute 23, 3
   5              		.eabi_attribute 24, 1
   6              		.eabi_attribute 25, 1
   7              		.eabi_attribute 26, 1
   8              		.eabi_attribute 30, 2
   9              		.eabi_attribute 34, 1
  10              		.eabi_attribute 18, 4
  11              		.file	"stm32f1xx_hal_cortex.c"
  12              		.section	.text.HAL_NVIC_SetPriorityGrouping,"ax",%progbits
  13              		.align	1
  14              		.p2align 2,,3
  15              		.global	HAL_NVIC_SetPriorityGrouping
  16              		.syntax unified
  17              		.thumb
  18              		.thumb_func
  19              		.fpu softvfp
  21              	HAL_NVIC_SetPriorityGrouping:
  22              		@ args = 0, pretend = 0, frame = 0
  23              		@ frame_needed = 0, uses_anonymous_args = 0
  24              		@ link register save eliminated.
  25 0000 4FF6FF01 		movw	r1, #63743
  26 0004 064A     		ldr	r2, .L2
  27 0006 0002     		lsls	r0, r0, #8
  28 0008 D368     		ldr	r3, [r2, #12]
  29 000a 00F4E060 		and	r0, r0, #1792
  30 000e 0B40     		ands	r3, r3, r1
  31 0010 43F0BF63 		orr	r3, r3, #100139008
  32 0014 43F40033 		orr	r3, r3, #131072
  33 0018 0343     		orrs	r3, r3, r0
  34 001a D360     		str	r3, [r2, #12]
  35 001c 7047     		bx	lr
  36              	.L3:
  37 001e 00BF     		.align	2
  38              	.L2:
  39 0020 00ED00E0 		.word	-536810240
  41              		.section	.text.HAL_NVIC_SetPriority,"ax",%progbits
  42              		.align	1
  43              		.p2align 2,,3
  44              		.global	HAL_NVIC_SetPriority
  45              		.syntax unified
  46              		.thumb
  47              		.thumb_func
  48              		.fpu softvfp
  50              	HAL_NVIC_SetPriority:
  51              		@ args = 0, pretend = 0, frame = 0
  52              		@ frame_needed = 0, uses_anonymous_args = 0
  53              		@ link register save eliminated.
  54 0000 184B     		ldr	r3, .L12
  55 0002 70B4     		push	{r4, r5, r6}
  56 0004 DC68     		ldr	r4, [r3, #12]
  57 0006 C4F30224 		ubfx	r4, r4, #8, #3
  58 000a C4F10706 		rsb	r6, r4, #7
  59 000e 042E     		cmp	r6, #4
  60 0010 04F10403 		add	r3, r4, #4
ARM GAS  /tmp/ccJ0eEU3.s 			page 2


  61 0014 28BF     		it	cs
  62 0016 0426     		movcs	r6, #4
  63 0018 062B     		cmp	r3, #6
  64 001a 17D9     		bls	.L8
  65 001c 0125     		movs	r5, #1
  66 001e 033C     		subs	r4, r4, #3
  67 0020 A540     		lsls	r5, r5, r4
  68 0022 013D     		subs	r5, r5, #1
  69 0024 2A40     		ands	r2, r2, r5
  70              	.L5:
  71 0026 0123     		movs	r3, #1
  72 0028 B340     		lsls	r3, r3, r6
  73 002a 013B     		subs	r3, r3, #1
  74 002c 1940     		ands	r1, r1, r3
  75 002e A140     		lsls	r1, r1, r4
  76 0030 0028     		cmp	r0, #0
  77 0032 41EA0201 		orr	r1, r1, r2
  78 0036 0CDB     		blt	.L11
  79 0038 0901     		lsls	r1, r1, #4
  80 003a 00F16040 		add	r0, r0, #-536870912
  81 003e C9B2     		uxtb	r1, r1
  82 0040 00F56140 		add	r0, r0, #57600
  83 0044 80F80013 		strb	r1, [r0, #768]
  84 0048 70BC     		pop	{r4, r5, r6}
  85 004a 7047     		bx	lr
  86              	.L8:
  87 004c 0022     		movs	r2, #0
  88 004e 1446     		mov	r4, r2
  89 0050 E9E7     		b	.L5
  90              	.L11:
  91 0052 054B     		ldr	r3, .L12+4
  92 0054 00F00F00 		and	r0, r0, #15
  93 0058 0901     		lsls	r1, r1, #4
  94 005a C9B2     		uxtb	r1, r1
  95 005c 0344     		add	r3, r3, r0
  96 005e 1976     		strb	r1, [r3, #24]
  97 0060 70BC     		pop	{r4, r5, r6}
  98 0062 7047     		bx	lr
  99              	.L13:
 100              		.align	2
 101              	.L12:
 102 0064 00ED00E0 		.word	-536810240
 103 0068 FCEC00E0 		.word	-536810244
 105              		.section	.text.HAL_NVIC_EnableIRQ,"ax",%progbits
 106              		.align	1
 107              		.p2align 2,,3
 108              		.global	HAL_NVIC_EnableIRQ
 109              		.syntax unified
 110              		.thumb
 111              		.thumb_func
 112              		.fpu softvfp
 114              	HAL_NVIC_EnableIRQ:
 115              		@ args = 0, pretend = 0, frame = 0
 116              		@ frame_needed = 0, uses_anonymous_args = 0
 117              		@ link register save eliminated.
 118 0000 0123     		movs	r3, #1
 119 0002 00F01F01 		and	r1, r0, #31
ARM GAS  /tmp/ccJ0eEU3.s 			page 3


 120 0006 034A     		ldr	r2, .L15
 121 0008 4009     		lsrs	r0, r0, #5
 122 000a 8B40     		lsls	r3, r3, r1
 123 000c 42F82030 		str	r3, [r2, r0, lsl #2]
 124 0010 7047     		bx	lr
 125              	.L16:
 126 0012 00BF     		.align	2
 127              	.L15:
 128 0014 00E100E0 		.word	-536813312
 130              		.section	.text.HAL_NVIC_DisableIRQ,"ax",%progbits
 131              		.align	1
 132              		.p2align 2,,3
 133              		.global	HAL_NVIC_DisableIRQ
 134              		.syntax unified
 135              		.thumb
 136              		.thumb_func
 137              		.fpu softvfp
 139              	HAL_NVIC_DisableIRQ:
 140              		@ args = 0, pretend = 0, frame = 0
 141              		@ frame_needed = 0, uses_anonymous_args = 0
 142              		@ link register save eliminated.
 143 0000 0122     		movs	r2, #1
 144 0002 4309     		lsrs	r3, r0, #5
 145 0004 0449     		ldr	r1, .L18
 146 0006 00F01F00 		and	r0, r0, #31
 147 000a 2033     		adds	r3, r3, #32
 148 000c 02FA00F0 		lsl	r0, r2, r0
 149 0010 41F82300 		str	r0, [r1, r3, lsl #2]
 150 0014 7047     		bx	lr
 151              	.L19:
 152 0016 00BF     		.align	2
 153              	.L18:
 154 0018 00E100E0 		.word	-536813312
 156              		.section	.text.HAL_NVIC_SystemReset,"ax",%progbits
 157              		.align	1
 158              		.p2align 2,,3
 159              		.global	HAL_NVIC_SystemReset
 160              		.syntax unified
 161              		.thumb
 162              		.thumb_func
 163              		.fpu softvfp
 165              	HAL_NVIC_SystemReset:
 166              		@ Volatile: function does not return.
 167              		@ args = 0, pretend = 0, frame = 0
 168              		@ frame_needed = 0, uses_anonymous_args = 0
 169              		@ link register save eliminated.
 170              		.syntax unified
 171              	@ 429 "Drivers/CMSIS/Include/cmsis_gcc.h" 1
 172 0000 BFF34F8F 		dsb 0xF
 173              	@ 0 "" 2
 174              		.thumb
 175              		.syntax unified
 176 0004 0549     		ldr	r1, .L22
 177 0006 064B     		ldr	r3, .L22+4
 178 0008 CA68     		ldr	r2, [r1, #12]
 179 000a 02F4E062 		and	r2, r2, #1792
 180 000e 1343     		orrs	r3, r3, r2
ARM GAS  /tmp/ccJ0eEU3.s 			page 4


 181 0010 CB60     		str	r3, [r1, #12]
 182              		.syntax unified
 183              	@ 429 "Drivers/CMSIS/Include/cmsis_gcc.h" 1
 184 0012 BFF34F8F 		dsb 0xF
 185              	@ 0 "" 2
 186              		.thumb
 187              		.syntax unified
 188              	.L21:
 189              		.syntax unified
 190              	@ 375 "Drivers/CMSIS/Include/cmsis_gcc.h" 1
 191 0016 00BF     		nop
 192              	@ 0 "" 2
 193              		.thumb
 194              		.syntax unified
 195 0018 FDE7     		b	.L21
 196              	.L23:
 197 001a 00BF     		.align	2
 198              	.L22:
 199 001c 00ED00E0 		.word	-536810240
 200 0020 0400FA05 		.word	100270084
 202              		.section	.text.HAL_SYSTICK_Config,"ax",%progbits
 203              		.align	1
 204              		.p2align 2,,3
 205              		.global	HAL_SYSTICK_Config
 206              		.syntax unified
 207              		.thumb
 208              		.thumb_func
 209              		.fpu softvfp
 211              	HAL_SYSTICK_Config:
 212              		@ args = 0, pretend = 0, frame = 0
 213              		@ frame_needed = 0, uses_anonymous_args = 0
 214              		@ link register save eliminated.
 215 0000 0138     		subs	r0, r0, #1
 216 0002 B0F1807F 		cmp	r0, #16777216
 217 0006 0DD2     		bcs	.L26
 218 0008 30B4     		push	{r4, r5}
 219 000a F025     		movs	r5, #240
 220 000c 0022     		movs	r2, #0
 221 000e 0721     		movs	r1, #7
 222 0010 054B     		ldr	r3, .L31
 223 0012 064C     		ldr	r4, .L31+4
 224 0014 5860     		str	r0, [r3, #4]
 225 0016 84F82350 		strb	r5, [r4, #35]
 226 001a 1046     		mov	r0, r2
 227 001c 30BC     		pop	{r4, r5}
 228 001e 9A60     		str	r2, [r3, #8]
 229 0020 1960     		str	r1, [r3]
 230 0022 7047     		bx	lr
 231              	.L26:
 232 0024 0120     		movs	r0, #1
 233 0026 7047     		bx	lr
 234              	.L32:
 235              		.align	2
 236              	.L31:
 237 0028 10E000E0 		.word	-536813552
 238 002c 00ED00E0 		.word	-536810240
 240              		.section	.text.HAL_NVIC_GetPriorityGrouping,"ax",%progbits
ARM GAS  /tmp/ccJ0eEU3.s 			page 5


 241              		.align	1
 242              		.p2align 2,,3
 243              		.global	HAL_NVIC_GetPriorityGrouping
 244              		.syntax unified
 245              		.thumb
 246              		.thumb_func
 247              		.fpu softvfp
 249              	HAL_NVIC_GetPriorityGrouping:
 250              		@ args = 0, pretend = 0, frame = 0
 251              		@ frame_needed = 0, uses_anonymous_args = 0
 252              		@ link register save eliminated.
 253 0000 024B     		ldr	r3, .L34
 254 0002 D868     		ldr	r0, [r3, #12]
 255 0004 C0F30220 		ubfx	r0, r0, #8, #3
 256 0008 7047     		bx	lr
 257              	.L35:
 258 000a 00BF     		.align	2
 259              	.L34:
 260 000c 00ED00E0 		.word	-536810240
 262              		.section	.text.HAL_NVIC_GetPriority,"ax",%progbits
 263              		.align	1
 264              		.p2align 2,,3
 265              		.global	HAL_NVIC_GetPriority
 266              		.syntax unified
 267              		.thumb
 268              		.thumb_func
 269              		.fpu softvfp
 271              	HAL_NVIC_GetPriority:
 272              		@ args = 0, pretend = 0, frame = 0
 273              		@ frame_needed = 0, uses_anonymous_args = 0
 274              		@ link register save eliminated.
 275 0000 0028     		cmp	r0, #0
 276 0002 70B4     		push	{r4, r5, r6}
 277 0004 22DB     		blt	.L42
 278 0006 00F16040 		add	r0, r0, #-536870912
 279 000a 00F56140 		add	r0, r0, #57600
 280 000e 90F80043 		ldrb	r4, [r0, #768]	@ zero_extendqisi2
 281 0012 2409     		lsrs	r4, r4, #4
 282              	.L38:
 283 0014 01F00701 		and	r1, r1, #7
 284 0018 C1F10706 		rsb	r6, r1, #7
 285 001c 042E     		cmp	r6, #4
 286 001e 01F10400 		add	r0, r1, #4
 287 0022 28BF     		it	cs
 288 0024 0426     		movcs	r6, #4
 289 0026 0628     		cmp	r0, #6
 290 0028 0DD9     		bls	.L40
 291 002a 0125     		movs	r5, #1
 292 002c 0339     		subs	r1, r1, #3
 293 002e 8D40     		lsls	r5, r5, r1
 294 0030 013D     		subs	r5, r5, #1
 295 0032 2540     		ands	r5, r5, r4
 296              	.L39:
 297 0034 0120     		movs	r0, #1
 298 0036 B040     		lsls	r0, r0, r6
 299 0038 CC40     		lsrs	r4, r4, r1
 300 003a 411E     		subs	r1, r0, #1
ARM GAS  /tmp/ccJ0eEU3.s 			page 6


 301 003c 2140     		ands	r1, r1, r4
 302 003e 1160     		str	r1, [r2]
 303 0040 1D60     		str	r5, [r3]
 304 0042 70BC     		pop	{r4, r5, r6}
 305 0044 7047     		bx	lr
 306              	.L40:
 307 0046 0025     		movs	r5, #0
 308 0048 2946     		mov	r1, r5
 309 004a F3E7     		b	.L39
 310              	.L42:
 311 004c 034C     		ldr	r4, .L43
 312 004e 00F00F00 		and	r0, r0, #15
 313 0052 0444     		add	r4, r4, r0
 314 0054 247E     		ldrb	r4, [r4, #24]	@ zero_extendqisi2
 315 0056 2409     		lsrs	r4, r4, #4
 316 0058 DCE7     		b	.L38
 317              	.L44:
 318 005a 00BF     		.align	2
 319              	.L43:
 320 005c FCEC00E0 		.word	-536810244
 322              		.section	.text.HAL_NVIC_SetPendingIRQ,"ax",%progbits
 323              		.align	1
 324              		.p2align 2,,3
 325              		.global	HAL_NVIC_SetPendingIRQ
 326              		.syntax unified
 327              		.thumb
 328              		.thumb_func
 329              		.fpu softvfp
 331              	HAL_NVIC_SetPendingIRQ:
 332              		@ args = 0, pretend = 0, frame = 0
 333              		@ frame_needed = 0, uses_anonymous_args = 0
 334              		@ link register save eliminated.
 335 0000 0122     		movs	r2, #1
 336 0002 4309     		lsrs	r3, r0, #5
 337 0004 0449     		ldr	r1, .L46
 338 0006 00F01F00 		and	r0, r0, #31
 339 000a 4033     		adds	r3, r3, #64
 340 000c 02FA00F0 		lsl	r0, r2, r0
 341 0010 41F82300 		str	r0, [r1, r3, lsl #2]
 342 0014 7047     		bx	lr
 343              	.L47:
 344 0016 00BF     		.align	2
 345              	.L46:
 346 0018 00E100E0 		.word	-536813312
 348              		.section	.text.HAL_NVIC_GetPendingIRQ,"ax",%progbits
 349              		.align	1
 350              		.p2align 2,,3
 351              		.global	HAL_NVIC_GetPendingIRQ
 352              		.syntax unified
 353              		.thumb
 354              		.thumb_func
 355              		.fpu softvfp
 357              	HAL_NVIC_GetPendingIRQ:
 358              		@ args = 0, pretend = 0, frame = 0
 359              		@ frame_needed = 0, uses_anonymous_args = 0
 360              		@ link register save eliminated.
 361 0000 054A     		ldr	r2, .L49
ARM GAS  /tmp/ccJ0eEU3.s 			page 7


 362 0002 4309     		lsrs	r3, r0, #5
 363 0004 4033     		adds	r3, r3, #64
 364 0006 52F82330 		ldr	r3, [r2, r3, lsl #2]
 365 000a 00F01F00 		and	r0, r0, #31
 366 000e 23FA00F0 		lsr	r0, r3, r0
 367 0012 00F00100 		and	r0, r0, #1
 368 0016 7047     		bx	lr
 369              	.L50:
 370              		.align	2
 371              	.L49:
 372 0018 00E100E0 		.word	-536813312
 374              		.section	.text.HAL_NVIC_ClearPendingIRQ,"ax",%progbits
 375              		.align	1
 376              		.p2align 2,,3
 377              		.global	HAL_NVIC_ClearPendingIRQ
 378              		.syntax unified
 379              		.thumb
 380              		.thumb_func
 381              		.fpu softvfp
 383              	HAL_NVIC_ClearPendingIRQ:
 384              		@ args = 0, pretend = 0, frame = 0
 385              		@ frame_needed = 0, uses_anonymous_args = 0
 386              		@ link register save eliminated.
 387 0000 0122     		movs	r2, #1
 388 0002 4309     		lsrs	r3, r0, #5
 389 0004 0449     		ldr	r1, .L52
 390 0006 00F01F00 		and	r0, r0, #31
 391 000a 6033     		adds	r3, r3, #96
 392 000c 02FA00F0 		lsl	r0, r2, r0
 393 0010 41F82300 		str	r0, [r1, r3, lsl #2]
 394 0014 7047     		bx	lr
 395              	.L53:
 396 0016 00BF     		.align	2
 397              	.L52:
 398 0018 00E100E0 		.word	-536813312
 400              		.section	.text.HAL_NVIC_GetActive,"ax",%progbits
 401              		.align	1
 402              		.p2align 2,,3
 403              		.global	HAL_NVIC_GetActive
 404              		.syntax unified
 405              		.thumb
 406              		.thumb_func
 407              		.fpu softvfp
 409              	HAL_NVIC_GetActive:
 410              		@ args = 0, pretend = 0, frame = 0
 411              		@ frame_needed = 0, uses_anonymous_args = 0
 412              		@ link register save eliminated.
 413 0000 054A     		ldr	r2, .L55
 414 0002 4309     		lsrs	r3, r0, #5
 415 0004 8033     		adds	r3, r3, #128
 416 0006 52F82330 		ldr	r3, [r2, r3, lsl #2]
 417 000a 00F01F00 		and	r0, r0, #31
 418 000e 23FA00F0 		lsr	r0, r3, r0
 419 0012 00F00100 		and	r0, r0, #1
 420 0016 7047     		bx	lr
 421              	.L56:
 422              		.align	2
ARM GAS  /tmp/ccJ0eEU3.s 			page 8


 423              	.L55:
 424 0018 00E100E0 		.word	-536813312
 426              		.section	.text.HAL_SYSTICK_CLKSourceConfig,"ax",%progbits
 427              		.align	1
 428              		.p2align 2,,3
 429              		.global	HAL_SYSTICK_CLKSourceConfig
 430              		.syntax unified
 431              		.thumb
 432              		.thumb_func
 433              		.fpu softvfp
 435              	HAL_SYSTICK_CLKSourceConfig:
 436              		@ args = 0, pretend = 0, frame = 0
 437              		@ frame_needed = 0, uses_anonymous_args = 0
 438              		@ link register save eliminated.
 439 0000 044A     		ldr	r2, .L60
 440 0002 0428     		cmp	r0, #4
 441 0004 1368     		ldr	r3, [r2]
 442 0006 0CBF     		ite	eq
 443 0008 43F00403 		orreq	r3, r3, #4
 444 000c 23F00403 		bicne	r3, r3, #4
 445 0010 1360     		str	r3, [r2]
 446 0012 7047     		bx	lr
 447              	.L61:
 448              		.align	2
 449              	.L60:
 450 0014 10E000E0 		.word	-536813552
 452              		.section	.text.HAL_SYSTICK_Callback,"ax",%progbits
 453              		.align	1
 454              		.p2align 2,,3
 455              		.weak	HAL_SYSTICK_Callback
 456              		.syntax unified
 457              		.thumb
 458              		.thumb_func
 459              		.fpu softvfp
 461              	HAL_SYSTICK_Callback:
 462              		@ args = 0, pretend = 0, frame = 0
 463              		@ frame_needed = 0, uses_anonymous_args = 0
 464              		@ link register save eliminated.
 465 0000 7047     		bx	lr
 467 0002 00BF     		.section	.text.HAL_SYSTICK_IRQHandler,"ax",%progbits
 468              		.align	1
 469              		.p2align 2,,3
 470              		.global	HAL_SYSTICK_IRQHandler
 471              		.syntax unified
 472              		.thumb
 473              		.thumb_func
 474              		.fpu softvfp
 476              	HAL_SYSTICK_IRQHandler:
 477              		@ args = 0, pretend = 0, frame = 0
 478              		@ frame_needed = 0, uses_anonymous_args = 0
 479 0000 08B5     		push	{r3, lr}
 480 0002 FFF7FEFF 		bl	HAL_SYSTICK_Callback
 481 0006 08BD     		pop	{r3, pc}
 483              		.ident	"GCC: (15:6.3.1+svn253039-1build1) 6.3.1 20170620"
ARM GAS  /tmp/ccJ0eEU3.s 			page 9


DEFINED SYMBOLS
                            *ABS*:0000000000000000 stm32f1xx_hal_cortex.c
     /tmp/ccJ0eEU3.s:13     .text.HAL_NVIC_SetPriorityGrouping:0000000000000000 $t
     /tmp/ccJ0eEU3.s:21     .text.HAL_NVIC_SetPriorityGrouping:0000000000000000 HAL_NVIC_SetPriorityGrouping
     /tmp/ccJ0eEU3.s:39     .text.HAL_NVIC_SetPriorityGrouping:0000000000000020 $d
     /tmp/ccJ0eEU3.s:42     .text.HAL_NVIC_SetPriority:0000000000000000 $t
     /tmp/ccJ0eEU3.s:50     .text.HAL_NVIC_SetPriority:0000000000000000 HAL_NVIC_SetPriority
     /tmp/ccJ0eEU3.s:102    .text.HAL_NVIC_SetPriority:0000000000000064 $d
     /tmp/ccJ0eEU3.s:106    .text.HAL_NVIC_EnableIRQ:0000000000000000 $t
     /tmp/ccJ0eEU3.s:114    .text.HAL_NVIC_EnableIRQ:0000000000000000 HAL_NVIC_EnableIRQ
     /tmp/ccJ0eEU3.s:128    .text.HAL_NVIC_EnableIRQ:0000000000000014 $d
     /tmp/ccJ0eEU3.s:131    .text.HAL_NVIC_DisableIRQ:0000000000000000 $t
     /tmp/ccJ0eEU3.s:139    .text.HAL_NVIC_DisableIRQ:0000000000000000 HAL_NVIC_DisableIRQ
     /tmp/ccJ0eEU3.s:154    .text.HAL_NVIC_DisableIRQ:0000000000000018 $d
     /tmp/ccJ0eEU3.s:157    .text.HAL_NVIC_SystemReset:0000000000000000 $t
     /tmp/ccJ0eEU3.s:165    .text.HAL_NVIC_SystemReset:0000000000000000 HAL_NVIC_SystemReset
     /tmp/ccJ0eEU3.s:199    .text.HAL_NVIC_SystemReset:000000000000001c $d
     /tmp/ccJ0eEU3.s:203    .text.HAL_SYSTICK_Config:0000000000000000 $t
     /tmp/ccJ0eEU3.s:211    .text.HAL_SYSTICK_Config:0000000000000000 HAL_SYSTICK_Config
     /tmp/ccJ0eEU3.s:237    .text.HAL_SYSTICK_Config:0000000000000028 $d
     /tmp/ccJ0eEU3.s:241    .text.HAL_NVIC_GetPriorityGrouping:0000000000000000 $t
     /tmp/ccJ0eEU3.s:249    .text.HAL_NVIC_GetPriorityGrouping:0000000000000000 HAL_NVIC_GetPriorityGrouping
     /tmp/ccJ0eEU3.s:260    .text.HAL_NVIC_GetPriorityGrouping:000000000000000c $d
     /tmp/ccJ0eEU3.s:263    .text.HAL_NVIC_GetPriority:0000000000000000 $t
     /tmp/ccJ0eEU3.s:271    .text.HAL_NVIC_GetPriority:0000000000000000 HAL_NVIC_GetPriority
     /tmp/ccJ0eEU3.s:320    .text.HAL_NVIC_GetPriority:000000000000005c $d
     /tmp/ccJ0eEU3.s:323    .text.HAL_NVIC_SetPendingIRQ:0000000000000000 $t
     /tmp/ccJ0eEU3.s:331    .text.HAL_NVIC_SetPendingIRQ:0000000000000000 HAL_NVIC_SetPendingIRQ
     /tmp/ccJ0eEU3.s:346    .text.HAL_NVIC_SetPendingIRQ:0000000000000018 $d
     /tmp/ccJ0eEU3.s:349    .text.HAL_NVIC_GetPendingIRQ:0000000000000000 $t
     /tmp/ccJ0eEU3.s:357    .text.HAL_NVIC_GetPendingIRQ:0000000000000000 HAL_NVIC_GetPendingIRQ
     /tmp/ccJ0eEU3.s:372    .text.HAL_NVIC_GetPendingIRQ:0000000000000018 $d
     /tmp/ccJ0eEU3.s:375    .text.HAL_NVIC_ClearPendingIRQ:0000000000000000 $t
     /tmp/ccJ0eEU3.s:383    .text.HAL_NVIC_ClearPendingIRQ:0000000000000000 HAL_NVIC_ClearPendingIRQ
     /tmp/ccJ0eEU3.s:398    .text.HAL_NVIC_ClearPendingIRQ:0000000000000018 $d
     /tmp/ccJ0eEU3.s:401    .text.HAL_NVIC_GetActive:0000000000000000 $t
     /tmp/ccJ0eEU3.s:409    .text.HAL_NVIC_GetActive:0000000000000000 HAL_NVIC_GetActive
     /tmp/ccJ0eEU3.s:424    .text.HAL_NVIC_GetActive:0000000000000018 $d
     /tmp/ccJ0eEU3.s:427    .text.HAL_SYSTICK_CLKSourceConfig:0000000000000000 $t
     /tmp/ccJ0eEU3.s:435    .text.HAL_SYSTICK_CLKSourceConfig:0000000000000000 HAL_SYSTICK_CLKSourceConfig
     /tmp/ccJ0eEU3.s:450    .text.HAL_SYSTICK_CLKSourceConfig:0000000000000014 $d
     /tmp/ccJ0eEU3.s:453    .text.HAL_SYSTICK_Callback:0000000000000000 $t
     /tmp/ccJ0eEU3.s:461    .text.HAL_SYSTICK_Callback:0000000000000000 HAL_SYSTICK_Callback
     /tmp/ccJ0eEU3.s:468    .text.HAL_SYSTICK_IRQHandler:0000000000000000 $t
     /tmp/ccJ0eEU3.s:476    .text.HAL_SYSTICK_IRQHandler:0000000000000000 HAL_SYSTICK_IRQHandler

NO UNDEFINED SYMBOLS
