ARM GAS  /tmp/cc4TNR5K.s 			page 1


   1              		.cpu cortex-m3
   2              		.eabi_attribute 20, 1
   3              		.eabi_attribute 21, 1
   4              		.eabi_attribute 23, 3
   5              		.eabi_attribute 24, 1
   6              		.eabi_attribute 25, 1
   7              		.eabi_attribute 26, 1
   8              		.eabi_attribute 30, 2
   9              		.eabi_attribute 34, 1
  10              		.eabi_attribute 18, 4
  11              		.file	"stm32f1xx_hal_msp.c"
  12              		.section	.text.HAL_MspInit,"ax",%progbits
  13              		.align	1
  14              		.p2align 2,,3
  15              		.global	HAL_MspInit
  16              		.syntax unified
  17              		.thumb
  18              		.thumb_func
  19              		.fpu softvfp
  21              	HAL_MspInit:
  22              		@ args = 0, pretend = 0, frame = 8
  23              		@ frame_needed = 0, uses_anonymous_args = 0
  24              		@ link register save eliminated.
  25 0000 0E4B     		ldr	r3, .L3
  26 0002 82B0     		sub	sp, sp, #8
  27 0004 9A69     		ldr	r2, [r3, #24]
  28 0006 0E49     		ldr	r1, .L3+4
  29 0008 42F00102 		orr	r2, r2, #1
  30 000c 9A61     		str	r2, [r3, #24]
  31 000e 9A69     		ldr	r2, [r3, #24]
  32 0010 02F00102 		and	r2, r2, #1
  33 0014 0092     		str	r2, [sp]
  34 0016 009A     		ldr	r2, [sp]
  35 0018 DA69     		ldr	r2, [r3, #28]
  36 001a 42F08052 		orr	r2, r2, #268435456
  37 001e DA61     		str	r2, [r3, #28]
  38 0020 DB69     		ldr	r3, [r3, #28]
  39 0022 03F08053 		and	r3, r3, #268435456
  40 0026 0193     		str	r3, [sp, #4]
  41 0028 019B     		ldr	r3, [sp, #4]
  42 002a 4B68     		ldr	r3, [r1, #4]
  43 002c 23F0E063 		bic	r3, r3, #117440512
  44 0030 43F08063 		orr	r3, r3, #67108864
  45 0034 4B60     		str	r3, [r1, #4]
  46 0036 02B0     		add	sp, sp, #8
  47              		@ sp needed
  48 0038 7047     		bx	lr
  49              	.L4:
  50 003a 00BF     		.align	2
  51              	.L3:
  52 003c 00100240 		.word	1073876992
  53 0040 00000140 		.word	1073807360
  55              		.ident	"GCC: (15:6.3.1+svn253039-1build1) 6.3.1 20170620"
ARM GAS  /tmp/cc4TNR5K.s 			page 2


DEFINED SYMBOLS
                            *ABS*:0000000000000000 stm32f1xx_hal_msp.c
     /tmp/cc4TNR5K.s:13     .text.HAL_MspInit:0000000000000000 $t
     /tmp/cc4TNR5K.s:21     .text.HAL_MspInit:0000000000000000 HAL_MspInit
     /tmp/cc4TNR5K.s:52     .text.HAL_MspInit:000000000000003c $d

NO UNDEFINED SYMBOLS
