ARM GAS  /tmp/ccHPmVra.s 			page 1


   1              		.cpu cortex-m3
   2              		.eabi_attribute 20, 1
   3              		.eabi_attribute 21, 1
   4              		.eabi_attribute 23, 3
   5              		.eabi_attribute 24, 1
   6              		.eabi_attribute 25, 1
   7              		.eabi_attribute 26, 1
   8              		.eabi_attribute 30, 2
   9              		.eabi_attribute 34, 1
  10              		.eabi_attribute 18, 4
  11              		.file	"stm32f1xx_hal_rcc_ex.c"
  12              		.section	.text.HAL_RCCEx_PeriphCLKConfig,"ax",%progbits
  13              		.align	1
  14              		.p2align 2,,3
  15              		.global	HAL_RCCEx_PeriphCLKConfig
  16              		.syntax unified
  17              		.thumb
  18              		.thumb_func
  19              		.fpu softvfp
  21              	HAL_RCCEx_PeriphCLKConfig:
  22              		@ args = 0, pretend = 0, frame = 8
  23              		@ frame_needed = 0, uses_anonymous_args = 0
  24 0000 2DE9F041 		push	{r4, r5, r6, r7, r8, lr}
  25 0004 0446     		mov	r4, r0
  26 0006 0068     		ldr	r0, [r0]
  27 0008 82B0     		sub	sp, sp, #8
  28 000a C307     		lsls	r3, r0, #31
  29 000c 27D5     		bpl	.L2
  30 000e 3B4B     		ldr	r3, .L36
  31 0010 DA69     		ldr	r2, [r3, #28]
  32 0012 D700     		lsls	r7, r2, #3
  33 0014 3BD5     		bpl	.L32
  34 0016 3A4B     		ldr	r3, .L36+4
  35 0018 0025     		movs	r5, #0
  36 001a 1A68     		ldr	r2, [r3]
  37 001c D605     		lsls	r6, r2, #23
  38 001e 44D5     		bpl	.L4
  39              	.L10:
  40 0020 364A     		ldr	r2, .L36
  41 0022 136A     		ldr	r3, [r2, #32]
  42 0024 13F44073 		ands	r3, r3, #768
  43 0028 0FD0     		beq	.L29
  44 002a 6168     		ldr	r1, [r4, #4]
  45 002c 01F44070 		and	r0, r1, #768
  46 0030 8342     		cmp	r3, r0
  47 0032 0BD0     		beq	.L11
  48 0034 0127     		movs	r7, #1
  49 0036 0026     		movs	r6, #0
  50 0038 136A     		ldr	r3, [r2, #32]
  51 003a 3249     		ldr	r1, .L36+8
  52 003c 23F44070 		bic	r0, r3, #768
  53 0040 0F60     		str	r7, [r1]
  54 0042 0E60     		str	r6, [r1]
  55 0044 D907     		lsls	r1, r3, #31
  56 0046 1062     		str	r0, [r2, #32]
  57 0048 46D4     		bmi	.L33
  58              	.L29:
ARM GAS  /tmp/ccHPmVra.s 			page 2


  59 004a 6168     		ldr	r1, [r4, #4]
  60              	.L11:
  61 004c 2B4A     		ldr	r2, .L36
  62 004e 136A     		ldr	r3, [r2, #32]
  63 0050 23F44073 		bic	r3, r3, #768
  64 0054 0B43     		orrs	r3, r3, r1
  65 0056 1362     		str	r3, [r2, #32]
  66 0058 002D     		cmp	r5, #0
  67 005a 38D1     		bne	.L34
  68              	.L30:
  69 005c 2068     		ldr	r0, [r4]
  70              	.L2:
  71 005e 8307     		lsls	r3, r0, #30
  72 0060 0DD4     		bmi	.L35
  73              	.L17:
  74 0062 10F01000 		ands	r0, r0, #16
  75 0066 07D0     		beq	.L8
  76 0068 0020     		movs	r0, #0
  77 006a 244A     		ldr	r2, .L36
  78 006c E168     		ldr	r1, [r4, #12]
  79 006e 5368     		ldr	r3, [r2, #4]
  80 0070 23F48003 		bic	r3, r3, #4194304
  81 0074 0B43     		orrs	r3, r3, r1
  82 0076 5360     		str	r3, [r2, #4]
  83              	.L8:
  84 0078 02B0     		add	sp, sp, #8
  85              		@ sp needed
  86 007a BDE8F081 		pop	{r4, r5, r6, r7, r8, pc}
  87              	.L35:
  88 007e 1F4A     		ldr	r2, .L36
  89 0080 A168     		ldr	r1, [r4, #8]
  90 0082 5368     		ldr	r3, [r2, #4]
  91 0084 23F44043 		bic	r3, r3, #49152
  92 0088 0B43     		orrs	r3, r3, r1
  93 008a 5360     		str	r3, [r2, #4]
  94 008c E9E7     		b	.L17
  95              	.L32:
  96 008e DA69     		ldr	r2, [r3, #28]
  97 0090 0125     		movs	r5, #1
  98 0092 42F08052 		orr	r2, r2, #268435456
  99 0096 DA61     		str	r2, [r3, #28]
 100 0098 DB69     		ldr	r3, [r3, #28]
 101 009a 03F08053 		and	r3, r3, #268435456
 102 009e 0193     		str	r3, [sp, #4]
 103 00a0 019B     		ldr	r3, [sp, #4]
 104 00a2 174B     		ldr	r3, .L36+4
 105 00a4 1A68     		ldr	r2, [r3]
 106 00a6 D605     		lsls	r6, r2, #23
 107 00a8 BAD4     		bmi	.L10
 108              	.L4:
 109 00aa 1A68     		ldr	r2, [r3]
 110 00ac 1E46     		mov	r6, r3
 111 00ae 42F48072 		orr	r2, r2, #256
 112 00b2 1A60     		str	r2, [r3]
 113 00b4 FFF7FEFF 		bl	HAL_GetTick
 114 00b8 0746     		mov	r7, r0
 115              	.L7:
ARM GAS  /tmp/ccHPmVra.s 			page 3


 116 00ba 3368     		ldr	r3, [r6]
 117 00bc D805     		lsls	r0, r3, #23
 118 00be AFD4     		bmi	.L10
 119 00c0 FFF7FEFF 		bl	HAL_GetTick
 120 00c4 C01B     		subs	r0, r0, r7
 121 00c6 6428     		cmp	r0, #100
 122 00c8 F7D9     		bls	.L7
 123              	.L14:
 124 00ca 0320     		movs	r0, #3
 125 00cc D4E7     		b	.L8
 126              	.L34:
 127 00ce D369     		ldr	r3, [r2, #28]
 128 00d0 23F08053 		bic	r3, r3, #268435456
 129 00d4 D361     		str	r3, [r2, #28]
 130 00d6 C1E7     		b	.L30
 131              	.L33:
 132 00d8 1646     		mov	r6, r2
 133 00da FFF7FEFF 		bl	HAL_GetTick
 134 00de 41F28837 		movw	r7, #5000
 135 00e2 8046     		mov	r8, r0
 136 00e4 05E0     		b	.L13
 137              	.L15:
 138 00e6 FFF7FEFF 		bl	HAL_GetTick
 139 00ea A0EB0800 		sub	r0, r0, r8
 140 00ee B842     		cmp	r0, r7
 141 00f0 EBD8     		bhi	.L14
 142              	.L13:
 143 00f2 336A     		ldr	r3, [r6, #32]
 144 00f4 9A07     		lsls	r2, r3, #30
 145 00f6 F6D5     		bpl	.L15
 146 00f8 A7E7     		b	.L29
 147              	.L37:
 148 00fa 00BF     		.align	2
 149              	.L36:
 150 00fc 00100240 		.word	1073876992
 151 0100 00700040 		.word	1073770496
 152 0104 40044242 		.word	1111622720
 154              		.section	.text.HAL_RCCEx_GetPeriphCLKConfig,"ax",%progbits
 155              		.align	1
 156              		.p2align 2,,3
 157              		.global	HAL_RCCEx_GetPeriphCLKConfig
 158              		.syntax unified
 159              		.thumb
 160              		.thumb_func
 161              		.fpu softvfp
 163              	HAL_RCCEx_GetPeriphCLKConfig:
 164              		@ args = 0, pretend = 0, frame = 0
 165              		@ frame_needed = 0, uses_anonymous_args = 0
 166              		@ link register save eliminated.
 167 0000 1321     		movs	r1, #19
 168 0002 074B     		ldr	r3, .L39
 169 0004 1A6A     		ldr	r2, [r3, #32]
 170 0006 02F44072 		and	r2, r2, #768
 171 000a 4260     		str	r2, [r0, #4]
 172 000c 5A68     		ldr	r2, [r3, #4]
 173 000e 0160     		str	r1, [r0]
 174 0010 02F44042 		and	r2, r2, #49152
ARM GAS  /tmp/ccHPmVra.s 			page 4


 175 0014 8260     		str	r2, [r0, #8]
 176 0016 5B68     		ldr	r3, [r3, #4]
 177 0018 03F48003 		and	r3, r3, #4194304
 178 001c C360     		str	r3, [r0, #12]
 179 001e 7047     		bx	lr
 180              	.L40:
 181              		.align	2
 182              	.L39:
 183 0020 00100240 		.word	1073876992
 185              		.section	.text.HAL_RCCEx_GetPeriphCLKFreq,"ax",%progbits
 186              		.align	1
 187              		.p2align 2,,3
 188              		.global	HAL_RCCEx_GetPeriphCLKFreq
 189              		.syntax unified
 190              		.thumb
 191              		.thumb_func
 192              		.fpu softvfp
 194              	HAL_RCCEx_GetPeriphCLKFreq:
 195              		@ args = 0, pretend = 0, frame = 24
 196              		@ frame_needed = 0, uses_anonymous_args = 0
 197 0000 30B5     		push	{r4, r5, lr}
 198 0002 0446     		mov	r4, r0
 199 0004 0225     		movs	r5, #2
 200 0006 0122     		movs	r2, #1
 201 0008 87B0     		sub	sp, sp, #28
 202 000a 354B     		ldr	r3, .L60
 203 000c 8DF80550 		strb	r5, [sp, #5]
 204 0010 022C     		cmp	r4, #2
 205 0012 06AD     		add	r5, sp, #24
 206 0014 8DF80420 		strb	r2, [sp, #4]
 207 0018 0FCB     		ldm	r3, {r0, r1, r2, r3}
 208 001a 05E90F00 		stmdb	r5, {r0, r1, r2, r3}
 209 001e 42D0     		beq	.L43
 210 0020 102C     		cmp	r4, #16
 211 0022 1CD0     		beq	.L44
 212 0024 012C     		cmp	r4, #1
 213 0026 02D0     		beq	.L58
 214              	.L53:
 215 0028 0020     		movs	r0, #0
 216              	.L41:
 217 002a 07B0     		add	sp, sp, #28
 218              		@ sp needed
 219 002c 30BD     		pop	{r4, r5, pc}
 220              	.L58:
 221 002e 40F20232 		movw	r2, #770
 222 0032 2C49     		ldr	r1, .L60+4
 223 0034 0B6A     		ldr	r3, [r1, #32]
 224 0036 1A40     		ands	r2, r2, r3
 225 0038 B2F5817F 		cmp	r2, #258
 226 003c 3FD0     		beq	.L51
 227 003e 03F44073 		and	r3, r3, #768
 228 0042 B3F5007F 		cmp	r3, #512
 229 0046 42D0     		beq	.L59
 230 0048 B3F5407F 		cmp	r3, #768
 231 004c ECD1     		bne	.L53
 232 004e 0B68     		ldr	r3, [r1]
 233 0050 4FF22440 		movw	r0, #62500
ARM GAS  /tmp/ccHPmVra.s 			page 5


 234 0054 13F4003F 		tst	r3, #131072
 235 0058 08BF     		it	eq
 236 005a 0020     		moveq	r0, #0
 237 005c E5E7     		b	.L41
 238              	.L44:
 239 005e 214B     		ldr	r3, .L60+4
 240 0060 5968     		ldr	r1, [r3, #4]
 241 0062 1868     		ldr	r0, [r3]
 242 0064 10F08070 		ands	r0, r0, #16777216
 243 0068 DFD0     		beq	.L41
 244 006a 06A8     		add	r0, sp, #24
 245 006c C1F38342 		ubfx	r2, r1, #18, #4
 246 0070 0244     		add	r2, r2, r0
 247 0072 12F8100C 		ldrb	r0, [r2, #-16]	@ zero_extendqisi2
 248 0076 CA03     		lsls	r2, r1, #15
 249 0078 25D5     		bpl	.L46
 250 007a 5B68     		ldr	r3, [r3, #4]
 251 007c 06A9     		add	r1, sp, #24
 252 007e C3F34043 		ubfx	r3, r3, #17, #1
 253 0082 0B44     		add	r3, r3, r1
 254 0084 184A     		ldr	r2, .L60+8
 255 0086 13F8143C 		ldrb	r3, [r3, #-20]	@ zero_extendqisi2
 256 008a B2FBF3F3 		udiv	r3, r2, r3
 257 008e 00FB03F0 		mul	r0, r0, r3
 258              	.L47:
 259 0092 144B     		ldr	r3, .L60+4
 260 0094 5B68     		ldr	r3, [r3, #4]
 261 0096 5B02     		lsls	r3, r3, #9
 262 0098 C7D4     		bmi	.L41
 263 009a 144B     		ldr	r3, .L60+12
 264 009c 4000     		lsls	r0, r0, #1
 265 009e A3FB0030 		umull	r3, r0, r3, r0
 266 00a2 4008     		lsrs	r0, r0, #1
 267 00a4 C1E7     		b	.L41
 268              	.L43:
 269 00a6 FFF7FEFF 		bl	HAL_RCC_GetPCLK2Freq
 270 00aa 0E4B     		ldr	r3, .L60+4
 271 00ac 5B68     		ldr	r3, [r3, #4]
 272 00ae C3F38133 		ubfx	r3, r3, #14, #2
 273 00b2 0133     		adds	r3, r3, #1
 274 00b4 5B00     		lsls	r3, r3, #1
 275 00b6 B0FBF3F0 		udiv	r0, r0, r3
 276 00ba 07B0     		add	sp, sp, #28
 277              		@ sp needed
 278 00bc 30BD     		pop	{r4, r5, pc}
 279              	.L51:
 280 00be 4FF40040 		mov	r0, #32768
 281 00c2 07B0     		add	sp, sp, #28
 282              		@ sp needed
 283 00c4 30BD     		pop	{r4, r5, pc}
 284              	.L46:
 285 00c6 0A4B     		ldr	r3, .L60+16
 286 00c8 03FB00F0 		mul	r0, r3, r0
 287 00cc E1E7     		b	.L47
 288              	.L59:
 289 00ce 4B6A     		ldr	r3, [r1, #36]
 290 00d0 49F64040 		movw	r0, #40000
ARM GAS  /tmp/ccHPmVra.s 			page 6


 291 00d4 13F0020F 		tst	r3, #2
 292 00d8 08BF     		it	eq
 293 00da 0020     		moveq	r0, #0
 294 00dc A5E7     		b	.L41
 295              	.L61:
 296 00de 00BF     		.align	2
 297              	.L60:
 298 00e0 00000000 		.word	.LANCHOR0
 299 00e4 00100240 		.word	1073876992
 300 00e8 00127A00 		.word	8000000
 301 00ec ABAAAAAA 		.word	-1431655765
 302 00f0 00093D00 		.word	4000000
 304              		.section	.rodata
 305              		.align	2
 306              		.set	.LANCHOR0,. + 0
 307              	.LC0:
 308 0000 02       		.byte	2
 309 0001 03       		.byte	3
 310 0002 04       		.byte	4
 311 0003 05       		.byte	5
 312 0004 06       		.byte	6
 313 0005 07       		.byte	7
 314 0006 08       		.byte	8
 315 0007 09       		.byte	9
 316 0008 0A       		.byte	10
 317 0009 0B       		.byte	11
 318 000a 0C       		.byte	12
 319 000b 0D       		.byte	13
 320 000c 0E       		.byte	14
 321 000d 0F       		.byte	15
 322 000e 10       		.byte	16
 323 000f 10       		.byte	16
 324              		.ident	"GCC: (15:6.3.1+svn253039-1build1) 6.3.1 20170620"
ARM GAS  /tmp/ccHPmVra.s 			page 7


DEFINED SYMBOLS
                            *ABS*:0000000000000000 stm32f1xx_hal_rcc_ex.c
     /tmp/ccHPmVra.s:13     .text.HAL_RCCEx_PeriphCLKConfig:0000000000000000 $t
     /tmp/ccHPmVra.s:21     .text.HAL_RCCEx_PeriphCLKConfig:0000000000000000 HAL_RCCEx_PeriphCLKConfig
     /tmp/ccHPmVra.s:150    .text.HAL_RCCEx_PeriphCLKConfig:00000000000000fc $d
     /tmp/ccHPmVra.s:155    .text.HAL_RCCEx_GetPeriphCLKConfig:0000000000000000 $t
     /tmp/ccHPmVra.s:163    .text.HAL_RCCEx_GetPeriphCLKConfig:0000000000000000 HAL_RCCEx_GetPeriphCLKConfig
     /tmp/ccHPmVra.s:183    .text.HAL_RCCEx_GetPeriphCLKConfig:0000000000000020 $d
     /tmp/ccHPmVra.s:186    .text.HAL_RCCEx_GetPeriphCLKFreq:0000000000000000 $t
     /tmp/ccHPmVra.s:194    .text.HAL_RCCEx_GetPeriphCLKFreq:0000000000000000 HAL_RCCEx_GetPeriphCLKFreq
     /tmp/ccHPmVra.s:298    .text.HAL_RCCEx_GetPeriphCLKFreq:00000000000000e0 $d
     /tmp/ccHPmVra.s:305    .rodata:0000000000000000 $d

UNDEFINED SYMBOLS
HAL_GetTick
HAL_RCC_GetPCLK2Freq
