ARM GAS  /tmp/ccQfdysj.s 			page 1


   1              		.cpu cortex-m3
   2              		.eabi_attribute 20, 1
   3              		.eabi_attribute 21, 1
   4              		.eabi_attribute 23, 3
   5              		.eabi_attribute 24, 1
   6              		.eabi_attribute 25, 1
   7              		.eabi_attribute 26, 1
   8              		.eabi_attribute 30, 2
   9              		.eabi_attribute 34, 1
  10              		.eabi_attribute 18, 4
  11              		.file	"stm32f1xx_hal_gpio_ex.c"
  12              		.section	.text.HAL_GPIOEx_ConfigEventout,"ax",%progbits
  13              		.align	1
  14              		.p2align 2,,3
  15              		.global	HAL_GPIOEx_ConfigEventout
  16              		.syntax unified
  17              		.thumb
  18              		.thumb_func
  19              		.fpu softvfp
  21              	HAL_GPIOEx_ConfigEventout:
  22              		@ args = 0, pretend = 0, frame = 0
  23              		@ frame_needed = 0, uses_anonymous_args = 0
  24              		@ link register save eliminated.
  25 0000 034A     		ldr	r2, .L2
  26 0002 1368     		ldr	r3, [r2]
  27 0004 23F07F03 		bic	r3, r3, #127
  28 0008 1943     		orrs	r1, r1, r3
  29 000a 0143     		orrs	r1, r1, r0
  30 000c 1160     		str	r1, [r2]
  31 000e 7047     		bx	lr
  32              	.L3:
  33              		.align	2
  34              	.L2:
  35 0010 00000140 		.word	1073807360
  37              		.section	.text.HAL_GPIOEx_EnableEventout,"ax",%progbits
  38              		.align	1
  39              		.p2align 2,,3
  40              		.global	HAL_GPIOEx_EnableEventout
  41              		.syntax unified
  42              		.thumb
  43              		.thumb_func
  44              		.fpu softvfp
  46              	HAL_GPIOEx_EnableEventout:
  47              		@ args = 0, pretend = 0, frame = 0
  48              		@ frame_needed = 0, uses_anonymous_args = 0
  49              		@ link register save eliminated.
  50 0000 024A     		ldr	r2, .L5
  51 0002 1368     		ldr	r3, [r2]
  52 0004 43F08003 		orr	r3, r3, #128
  53 0008 1360     		str	r3, [r2]
  54 000a 7047     		bx	lr
  55              	.L6:
  56              		.align	2
  57              	.L5:
  58 000c 00000140 		.word	1073807360
  60              		.section	.text.HAL_GPIOEx_DisableEventout,"ax",%progbits
  61              		.align	1
ARM GAS  /tmp/ccQfdysj.s 			page 2


  62              		.p2align 2,,3
  63              		.global	HAL_GPIOEx_DisableEventout
  64              		.syntax unified
  65              		.thumb
  66              		.thumb_func
  67              		.fpu softvfp
  69              	HAL_GPIOEx_DisableEventout:
  70              		@ args = 0, pretend = 0, frame = 0
  71              		@ frame_needed = 0, uses_anonymous_args = 0
  72              		@ link register save eliminated.
  73 0000 024A     		ldr	r2, .L8
  74 0002 1368     		ldr	r3, [r2]
  75 0004 23F08003 		bic	r3, r3, #128
  76 0008 1360     		str	r3, [r2]
  77 000a 7047     		bx	lr
  78              	.L9:
  79              		.align	2
  80              	.L8:
  81 000c 00000140 		.word	1073807360
  83              		.ident	"GCC: (15:6.3.1+svn253039-1build1) 6.3.1 20170620"
ARM GAS  /tmp/ccQfdysj.s 			page 3


DEFINED SYMBOLS
                            *ABS*:0000000000000000 stm32f1xx_hal_gpio_ex.c
     /tmp/ccQfdysj.s:13     .text.HAL_GPIOEx_ConfigEventout:0000000000000000 $t
     /tmp/ccQfdysj.s:21     .text.HAL_GPIOEx_ConfigEventout:0000000000000000 HAL_GPIOEx_ConfigEventout
     /tmp/ccQfdysj.s:35     .text.HAL_GPIOEx_ConfigEventout:0000000000000010 $d
     /tmp/ccQfdysj.s:38     .text.HAL_GPIOEx_EnableEventout:0000000000000000 $t
     /tmp/ccQfdysj.s:46     .text.HAL_GPIOEx_EnableEventout:0000000000000000 HAL_GPIOEx_EnableEventout
     /tmp/ccQfdysj.s:58     .text.HAL_GPIOEx_EnableEventout:000000000000000c $d
     /tmp/ccQfdysj.s:61     .text.HAL_GPIOEx_DisableEventout:0000000000000000 $t
     /tmp/ccQfdysj.s:69     .text.HAL_GPIOEx_DisableEventout:0000000000000000 HAL_GPIOEx_DisableEventout
     /tmp/ccQfdysj.s:81     .text.HAL_GPIOEx_DisableEventout:000000000000000c $d

NO UNDEFINED SYMBOLS
