ARM GAS  /tmp/ccdrW9TT.s 			page 1


   1              		.cpu cortex-m3
   2              		.eabi_attribute 20, 1
   3              		.eabi_attribute 21, 1
   4              		.eabi_attribute 23, 3
   5              		.eabi_attribute 24, 1
   6              		.eabi_attribute 25, 1
   7              		.eabi_attribute 26, 1
   8              		.eabi_attribute 30, 2
   9              		.eabi_attribute 34, 1
  10              		.eabi_attribute 18, 4
  11              		.file	"stm32f1xx_it.c"
  12              		.section	.text.NMI_Handler,"ax",%progbits
  13              		.align	1
  14              		.p2align 2,,3
  15              		.global	NMI_Handler
  16              		.syntax unified
  17              		.thumb
  18              		.thumb_func
  19              		.fpu softvfp
  21              	NMI_Handler:
  22              		@ args = 0, pretend = 0, frame = 0
  23              		@ frame_needed = 0, uses_anonymous_args = 0
  24              		@ link register save eliminated.
  25 0000 7047     		bx	lr
  27 0002 00BF     		.section	.text.HardFault_Handler,"ax",%progbits
  28              		.align	1
  29              		.p2align 2,,3
  30              		.global	HardFault_Handler
  31              		.syntax unified
  32              		.thumb
  33              		.thumb_func
  34              		.fpu softvfp
  36              	HardFault_Handler:
  37              		@ Volatile: function does not return.
  38              		@ args = 0, pretend = 0, frame = 0
  39              		@ frame_needed = 0, uses_anonymous_args = 0
  40              		@ link register save eliminated.
  41              	.L3:
  42 0000 FEE7     		b	.L3
  44 0002 00BF     		.section	.text.MemManage_Handler,"ax",%progbits
  45              		.align	1
  46              		.p2align 2,,3
  47              		.global	MemManage_Handler
  48              		.syntax unified
  49              		.thumb
  50              		.thumb_func
  51              		.fpu softvfp
  53              	MemManage_Handler:
  54              		@ Volatile: function does not return.
  55              		@ args = 0, pretend = 0, frame = 0
  56              		@ frame_needed = 0, uses_anonymous_args = 0
  57              		@ link register save eliminated.
  58              	.L5:
  59 0000 FEE7     		b	.L5
  61 0002 00BF     		.section	.text.BusFault_Handler,"ax",%progbits
  62              		.align	1
  63              		.p2align 2,,3
ARM GAS  /tmp/ccdrW9TT.s 			page 2


  64              		.global	BusFault_Handler
  65              		.syntax unified
  66              		.thumb
  67              		.thumb_func
  68              		.fpu softvfp
  70              	BusFault_Handler:
  71              		@ Volatile: function does not return.
  72              		@ args = 0, pretend = 0, frame = 0
  73              		@ frame_needed = 0, uses_anonymous_args = 0
  74              		@ link register save eliminated.
  75              	.L7:
  76 0000 FEE7     		b	.L7
  78 0002 00BF     		.section	.text.UsageFault_Handler,"ax",%progbits
  79              		.align	1
  80              		.p2align 2,,3
  81              		.global	UsageFault_Handler
  82              		.syntax unified
  83              		.thumb
  84              		.thumb_func
  85              		.fpu softvfp
  87              	UsageFault_Handler:
  88              		@ Volatile: function does not return.
  89              		@ args = 0, pretend = 0, frame = 0
  90              		@ frame_needed = 0, uses_anonymous_args = 0
  91              		@ link register save eliminated.
  92              	.L9:
  93 0000 FEE7     		b	.L9
  95 0002 00BF     		.section	.text.SVC_Handler,"ax",%progbits
  96              		.align	1
  97              		.p2align 2,,3
  98              		.global	SVC_Handler
  99              		.syntax unified
 100              		.thumb
 101              		.thumb_func
 102              		.fpu softvfp
 104              	SVC_Handler:
 105              		@ args = 0, pretend = 0, frame = 0
 106              		@ frame_needed = 0, uses_anonymous_args = 0
 107              		@ link register save eliminated.
 108 0000 7047     		bx	lr
 110 0002 00BF     		.section	.text.DebugMon_Handler,"ax",%progbits
 111              		.align	1
 112              		.p2align 2,,3
 113              		.global	DebugMon_Handler
 114              		.syntax unified
 115              		.thumb
 116              		.thumb_func
 117              		.fpu softvfp
 119              	DebugMon_Handler:
 120              		@ args = 0, pretend = 0, frame = 0
 121              		@ frame_needed = 0, uses_anonymous_args = 0
 122              		@ link register save eliminated.
 123 0000 7047     		bx	lr
 125 0002 00BF     		.section	.text.PendSV_Handler,"ax",%progbits
 126              		.align	1
 127              		.p2align 2,,3
 128              		.global	PendSV_Handler
ARM GAS  /tmp/ccdrW9TT.s 			page 3


 129              		.syntax unified
 130              		.thumb
 131              		.thumb_func
 132              		.fpu softvfp
 134              	PendSV_Handler:
 135              		@ args = 0, pretend = 0, frame = 0
 136              		@ frame_needed = 0, uses_anonymous_args = 0
 137              		@ link register save eliminated.
 138 0000 7047     		bx	lr
 140 0002 00BF     		.section	.text.SysTick_Handler,"ax",%progbits
 141              		.align	1
 142              		.p2align 2,,3
 143              		.global	SysTick_Handler
 144              		.syntax unified
 145              		.thumb
 146              		.thumb_func
 147              		.fpu softvfp
 149              	SysTick_Handler:
 150              		@ args = 0, pretend = 0, frame = 0
 151              		@ frame_needed = 0, uses_anonymous_args = 0
 152              		@ link register save eliminated.
 153 0000 FFF7FEBF 		b	HAL_IncTick
 155              		.ident	"GCC: (15:6.3.1+svn253039-1build1) 6.3.1 20170620"
ARM GAS  /tmp/ccdrW9TT.s 			page 4


DEFINED SYMBOLS
                            *ABS*:0000000000000000 stm32f1xx_it.c
     /tmp/ccdrW9TT.s:13     .text.NMI_Handler:0000000000000000 $t
     /tmp/ccdrW9TT.s:21     .text.NMI_Handler:0000000000000000 NMI_Handler
     /tmp/ccdrW9TT.s:28     .text.HardFault_Handler:0000000000000000 $t
     /tmp/ccdrW9TT.s:36     .text.HardFault_Handler:0000000000000000 HardFault_Handler
     /tmp/ccdrW9TT.s:45     .text.MemManage_Handler:0000000000000000 $t
     /tmp/ccdrW9TT.s:53     .text.MemManage_Handler:0000000000000000 MemManage_Handler
     /tmp/ccdrW9TT.s:62     .text.BusFault_Handler:0000000000000000 $t
     /tmp/ccdrW9TT.s:70     .text.BusFault_Handler:0000000000000000 BusFault_Handler
     /tmp/ccdrW9TT.s:79     .text.UsageFault_Handler:0000000000000000 $t
     /tmp/ccdrW9TT.s:87     .text.UsageFault_Handler:0000000000000000 UsageFault_Handler
     /tmp/ccdrW9TT.s:96     .text.SVC_Handler:0000000000000000 $t
     /tmp/ccdrW9TT.s:104    .text.SVC_Handler:0000000000000000 SVC_Handler
     /tmp/ccdrW9TT.s:111    .text.DebugMon_Handler:0000000000000000 $t
     /tmp/ccdrW9TT.s:119    .text.DebugMon_Handler:0000000000000000 DebugMon_Handler
     /tmp/ccdrW9TT.s:126    .text.PendSV_Handler:0000000000000000 $t
     /tmp/ccdrW9TT.s:134    .text.PendSV_Handler:0000000000000000 PendSV_Handler
     /tmp/ccdrW9TT.s:141    .text.SysTick_Handler:0000000000000000 $t
     /tmp/ccdrW9TT.s:149    .text.SysTick_Handler:0000000000000000 SysTick_Handler

UNDEFINED SYMBOLS
HAL_IncTick
