ARM GAS  /tmp/ccvyW1cW.s 			page 1


   1              		.cpu cortex-m3
   2              		.eabi_attribute 20, 1
   3              		.eabi_attribute 21, 1
   4              		.eabi_attribute 23, 3
   5              		.eabi_attribute 24, 1
   6              		.eabi_attribute 25, 1
   7              		.eabi_attribute 26, 1
   8              		.eabi_attribute 30, 2
   9              		.eabi_attribute 34, 1
  10              		.eabi_attribute 18, 4
  11              		.file	"stm32f1xx_hal.c"
  12              		.section	.text.HAL_MspInit,"ax",%progbits
  13              		.align	1
  14              		.p2align 2,,3
  15              		.weak	HAL_MspInit
  16              		.syntax unified
  17              		.thumb
  18              		.thumb_func
  19              		.fpu softvfp
  21              	HAL_MspInit:
  22              		@ args = 0, pretend = 0, frame = 0
  23              		@ frame_needed = 0, uses_anonymous_args = 0
  24              		@ link register save eliminated.
  25 0000 7047     		bx	lr
  27 0002 00BF     		.section	.text.HAL_MspDeInit,"ax",%progbits
  28              		.align	1
  29              		.p2align 2,,3
  30              		.weak	HAL_MspDeInit
  31              		.syntax unified
  32              		.thumb
  33              		.thumb_func
  34              		.fpu softvfp
  36              	HAL_MspDeInit:
  37              		@ args = 0, pretend = 0, frame = 0
  38              		@ frame_needed = 0, uses_anonymous_args = 0
  39              		@ link register save eliminated.
  40 0000 7047     		bx	lr
  42 0002 00BF     		.section	.text.HAL_DeInit,"ax",%progbits
  43              		.align	1
  44              		.p2align 2,,3
  45              		.global	HAL_DeInit
  46              		.syntax unified
  47              		.thumb
  48              		.thumb_func
  49              		.fpu softvfp
  51              	HAL_DeInit:
  52              		@ args = 0, pretend = 0, frame = 0
  53              		@ frame_needed = 0, uses_anonymous_args = 0
  54 0000 10B5     		push	{r4, lr}
  55 0002 4FF0FF32 		mov	r2, #-1
  56 0006 0024     		movs	r4, #0
  57 0008 044B     		ldr	r3, .L5
  58 000a DA60     		str	r2, [r3, #12]
  59 000c 1C61     		str	r4, [r3, #16]
  60 000e DA60     		str	r2, [r3, #12]
  61 0010 DC60     		str	r4, [r3, #12]
  62 0012 FFF7FEFF 		bl	HAL_MspDeInit
ARM GAS  /tmp/ccvyW1cW.s 			page 2


  63 0016 2046     		mov	r0, r4
  64 0018 10BD     		pop	{r4, pc}
  65              	.L6:
  66 001a 00BF     		.align	2
  67              	.L5:
  68 001c 00100240 		.word	1073876992
  70              		.section	.text.HAL_InitTick,"ax",%progbits
  71              		.align	1
  72              		.p2align 2,,3
  73              		.weak	HAL_InitTick
  74              		.syntax unified
  75              		.thumb
  76              		.thumb_func
  77              		.fpu softvfp
  79              	HAL_InitTick:
  80              		@ args = 0, pretend = 0, frame = 0
  81              		@ frame_needed = 0, uses_anonymous_args = 0
  82 0000 38B5     		push	{r3, r4, r5, lr}
  83 0002 4FF47A73 		mov	r3, #1000
  84 0006 0D49     		ldr	r1, .L14
  85 0008 0D4A     		ldr	r2, .L14+4
  86 000a 0978     		ldrb	r1, [r1]	@ zero_extendqisi2
  87 000c 1268     		ldr	r2, [r2]
  88 000e B3FBF1F3 		udiv	r3, r3, r1
  89 0012 0546     		mov	r5, r0
  90 0014 B2FBF3F0 		udiv	r0, r2, r3
  91 0018 FFF7FEFF 		bl	HAL_SYSTICK_Config
  92 001c 08B9     		cbnz	r0, .L10
  93 001e 0F2D     		cmp	r5, #15
  94 0020 01D9     		bls	.L13
  95              	.L10:
  96 0022 0120     		movs	r0, #1
  97 0024 38BD     		pop	{r3, r4, r5, pc}
  98              	.L13:
  99 0026 0446     		mov	r4, r0
 100 0028 0246     		mov	r2, r0
 101 002a 2946     		mov	r1, r5
 102 002c 4FF0FF30 		mov	r0, #-1
 103 0030 FFF7FEFF 		bl	HAL_NVIC_SetPriority
 104 0034 034B     		ldr	r3, .L14+8
 105 0036 2046     		mov	r0, r4
 106 0038 1D60     		str	r5, [r3]
 107 003a 38BD     		pop	{r3, r4, r5, pc}
 108              	.L15:
 109              		.align	2
 110              	.L14:
 111 003c 00000000 		.word	.LANCHOR0
 112 0040 00000000 		.word	SystemCoreClock
 113 0044 00000000 		.word	.LANCHOR1
 115              		.section	.text.HAL_Init,"ax",%progbits
 116              		.align	1
 117              		.p2align 2,,3
 118              		.global	HAL_Init
 119              		.syntax unified
 120              		.thumb
 121              		.thumb_func
 122              		.fpu softvfp
ARM GAS  /tmp/ccvyW1cW.s 			page 3


 124              	HAL_Init:
 125              		@ args = 0, pretend = 0, frame = 0
 126              		@ frame_needed = 0, uses_anonymous_args = 0
 127 0000 074A     		ldr	r2, .L18
 128 0002 08B5     		push	{r3, lr}
 129 0004 1368     		ldr	r3, [r2]
 130 0006 0320     		movs	r0, #3
 131 0008 43F01003 		orr	r3, r3, #16
 132 000c 1360     		str	r3, [r2]
 133 000e FFF7FEFF 		bl	HAL_NVIC_SetPriorityGrouping
 134 0012 0020     		movs	r0, #0
 135 0014 FFF7FEFF 		bl	HAL_InitTick
 136 0018 FFF7FEFF 		bl	HAL_MspInit
 137 001c 0020     		movs	r0, #0
 138 001e 08BD     		pop	{r3, pc}
 139              	.L19:
 140              		.align	2
 141              	.L18:
 142 0020 00200240 		.word	1073881088
 144              		.section	.text.HAL_IncTick,"ax",%progbits
 145              		.align	1
 146              		.p2align 2,,3
 147              		.weak	HAL_IncTick
 148              		.syntax unified
 149              		.thumb
 150              		.thumb_func
 151              		.fpu softvfp
 153              	HAL_IncTick:
 154              		@ args = 0, pretend = 0, frame = 0
 155              		@ frame_needed = 0, uses_anonymous_args = 0
 156              		@ link register save eliminated.
 157 0000 034A     		ldr	r2, .L21
 158 0002 044B     		ldr	r3, .L21+4
 159 0004 1168     		ldr	r1, [r2]
 160 0006 1B78     		ldrb	r3, [r3]	@ zero_extendqisi2
 161 0008 0B44     		add	r3, r3, r1
 162 000a 1360     		str	r3, [r2]
 163 000c 7047     		bx	lr
 164              	.L22:
 165 000e 00BF     		.align	2
 166              	.L21:
 167 0010 00000000 		.word	uwTick
 168 0014 00000000 		.word	.LANCHOR0
 170              		.section	.text.HAL_GetTick,"ax",%progbits
 171              		.align	1
 172              		.p2align 2,,3
 173              		.weak	HAL_GetTick
 174              		.syntax unified
 175              		.thumb
 176              		.thumb_func
 177              		.fpu softvfp
 179              	HAL_GetTick:
 180              		@ args = 0, pretend = 0, frame = 0
 181              		@ frame_needed = 0, uses_anonymous_args = 0
 182              		@ link register save eliminated.
 183 0000 014B     		ldr	r3, .L24
 184 0002 1868     		ldr	r0, [r3]
ARM GAS  /tmp/ccvyW1cW.s 			page 4


 185 0004 7047     		bx	lr
 186              	.L25:
 187 0006 00BF     		.align	2
 188              	.L24:
 189 0008 00000000 		.word	uwTick
 191              		.section	.text.HAL_GetTickPrio,"ax",%progbits
 192              		.align	1
 193              		.p2align 2,,3
 194              		.global	HAL_GetTickPrio
 195              		.syntax unified
 196              		.thumb
 197              		.thumb_func
 198              		.fpu softvfp
 200              	HAL_GetTickPrio:
 201              		@ args = 0, pretend = 0, frame = 0
 202              		@ frame_needed = 0, uses_anonymous_args = 0
 203              		@ link register save eliminated.
 204 0000 014B     		ldr	r3, .L27
 205 0002 1868     		ldr	r0, [r3]
 206 0004 7047     		bx	lr
 207              	.L28:
 208 0006 00BF     		.align	2
 209              	.L27:
 210 0008 00000000 		.word	.LANCHOR1
 212              		.section	.text.HAL_SetTickFreq,"ax",%progbits
 213              		.align	1
 214              		.p2align 2,,3
 215              		.global	HAL_SetTickFreq
 216              		.syntax unified
 217              		.thumb
 218              		.thumb_func
 219              		.fpu softvfp
 221              	HAL_SetTickFreq:
 222              		@ args = 0, pretend = 0, frame = 0
 223              		@ frame_needed = 0, uses_anonymous_args = 0
 224 0000 08B5     		push	{r3, lr}
 225 0002 064B     		ldr	r3, .L33
 226 0004 1A78     		ldrb	r2, [r3]	@ zero_extendqisi2
 227 0006 8242     		cmp	r2, r0
 228 0008 05D0     		beq	.L31
 229 000a 054A     		ldr	r2, .L33+4
 230 000c 1870     		strb	r0, [r3]
 231 000e 1068     		ldr	r0, [r2]
 232 0010 FFF7FEFF 		bl	HAL_InitTick
 233 0014 08BD     		pop	{r3, pc}
 234              	.L31:
 235 0016 0020     		movs	r0, #0
 236 0018 08BD     		pop	{r3, pc}
 237              	.L34:
 238 001a 00BF     		.align	2
 239              	.L33:
 240 001c 00000000 		.word	.LANCHOR0
 241 0020 00000000 		.word	.LANCHOR1
 243              		.section	.text.HAL_GetTickFreq,"ax",%progbits
 244              		.align	1
 245              		.p2align 2,,3
 246              		.global	HAL_GetTickFreq
ARM GAS  /tmp/ccvyW1cW.s 			page 5


 247              		.syntax unified
 248              		.thumb
 249              		.thumb_func
 250              		.fpu softvfp
 252              	HAL_GetTickFreq:
 253              		@ args = 0, pretend = 0, frame = 0
 254              		@ frame_needed = 0, uses_anonymous_args = 0
 255              		@ link register save eliminated.
 256 0000 014B     		ldr	r3, .L36
 257 0002 1878     		ldrb	r0, [r3]	@ zero_extendqisi2
 258 0004 7047     		bx	lr
 259              	.L37:
 260 0006 00BF     		.align	2
 261              	.L36:
 262 0008 00000000 		.word	.LANCHOR0
 264              		.section	.text.HAL_Delay,"ax",%progbits
 265              		.align	1
 266              		.p2align 2,,3
 267              		.weak	HAL_Delay
 268              		.syntax unified
 269              		.thumb
 270              		.thumb_func
 271              		.fpu softvfp
 273              	HAL_Delay:
 274              		@ args = 0, pretend = 0, frame = 0
 275              		@ frame_needed = 0, uses_anonymous_args = 0
 276 0000 38B5     		push	{r3, r4, r5, lr}
 277 0002 0446     		mov	r4, r0
 278 0004 FFF7FEFF 		bl	HAL_GetTick
 279 0008 631C     		adds	r3, r4, #1
 280 000a 0546     		mov	r5, r0
 281 000c 02D0     		beq	.L40
 282 000e 044B     		ldr	r3, .L46
 283 0010 1B78     		ldrb	r3, [r3]	@ zero_extendqisi2
 284 0012 1C44     		add	r4, r4, r3
 285              	.L40:
 286 0014 FFF7FEFF 		bl	HAL_GetTick
 287 0018 401B     		subs	r0, r0, r5
 288 001a 8442     		cmp	r4, r0
 289 001c FAD8     		bhi	.L40
 290 001e 38BD     		pop	{r3, r4, r5, pc}
 291              	.L47:
 292              		.align	2
 293              	.L46:
 294 0020 00000000 		.word	.LANCHOR0
 296              		.section	.text.HAL_SuspendTick,"ax",%progbits
 297              		.align	1
 298              		.p2align 2,,3
 299              		.weak	HAL_SuspendTick
 300              		.syntax unified
 301              		.thumb
 302              		.thumb_func
 303              		.fpu softvfp
 305              	HAL_SuspendTick:
 306              		@ args = 0, pretend = 0, frame = 0
 307              		@ frame_needed = 0, uses_anonymous_args = 0
 308              		@ link register save eliminated.
ARM GAS  /tmp/ccvyW1cW.s 			page 6


 309 0000 024A     		ldr	r2, .L49
 310 0002 1368     		ldr	r3, [r2]
 311 0004 23F00203 		bic	r3, r3, #2
 312 0008 1360     		str	r3, [r2]
 313 000a 7047     		bx	lr
 314              	.L50:
 315              		.align	2
 316              	.L49:
 317 000c 10E000E0 		.word	-536813552
 319              		.section	.text.HAL_ResumeTick,"ax",%progbits
 320              		.align	1
 321              		.p2align 2,,3
 322              		.weak	HAL_ResumeTick
 323              		.syntax unified
 324              		.thumb
 325              		.thumb_func
 326              		.fpu softvfp
 328              	HAL_ResumeTick:
 329              		@ args = 0, pretend = 0, frame = 0
 330              		@ frame_needed = 0, uses_anonymous_args = 0
 331              		@ link register save eliminated.
 332 0000 024A     		ldr	r2, .L52
 333 0002 1368     		ldr	r3, [r2]
 334 0004 43F00203 		orr	r3, r3, #2
 335 0008 1360     		str	r3, [r2]
 336 000a 7047     		bx	lr
 337              	.L53:
 338              		.align	2
 339              	.L52:
 340 000c 10E000E0 		.word	-536813552
 342              		.section	.text.HAL_GetHalVersion,"ax",%progbits
 343              		.align	1
 344              		.p2align 2,,3
 345              		.global	HAL_GetHalVersion
 346              		.syntax unified
 347              		.thumb
 348              		.thumb_func
 349              		.fpu softvfp
 351              	HAL_GetHalVersion:
 352              		@ args = 0, pretend = 0, frame = 0
 353              		@ frame_needed = 0, uses_anonymous_args = 0
 354              		@ link register save eliminated.
 355 0000 0048     		ldr	r0, .L55
 356 0002 7047     		bx	lr
 357              	.L56:
 358              		.align	2
 359              	.L55:
 360 0004 00030101 		.word	16843520
 362              		.section	.text.HAL_GetREVID,"ax",%progbits
 363              		.align	1
 364              		.p2align 2,,3
 365              		.global	HAL_GetREVID
 366              		.syntax unified
 367              		.thumb
 368              		.thumb_func
 369              		.fpu softvfp
 371              	HAL_GetREVID:
ARM GAS  /tmp/ccvyW1cW.s 			page 7


 372              		@ args = 0, pretend = 0, frame = 0
 373              		@ frame_needed = 0, uses_anonymous_args = 0
 374              		@ link register save eliminated.
 375 0000 014B     		ldr	r3, .L58
 376 0002 1868     		ldr	r0, [r3]
 377 0004 000C     		lsrs	r0, r0, #16
 378 0006 7047     		bx	lr
 379              	.L59:
 380              		.align	2
 381              	.L58:
 382 0008 002004E0 		.word	-536600576
 384              		.section	.text.HAL_GetDEVID,"ax",%progbits
 385              		.align	1
 386              		.p2align 2,,3
 387              		.global	HAL_GetDEVID
 388              		.syntax unified
 389              		.thumb
 390              		.thumb_func
 391              		.fpu softvfp
 393              	HAL_GetDEVID:
 394              		@ args = 0, pretend = 0, frame = 0
 395              		@ frame_needed = 0, uses_anonymous_args = 0
 396              		@ link register save eliminated.
 397 0000 024B     		ldr	r3, .L61
 398 0002 1868     		ldr	r0, [r3]
 399 0004 C0F30B00 		ubfx	r0, r0, #0, #12
 400 0008 7047     		bx	lr
 401              	.L62:
 402 000a 00BF     		.align	2
 403              	.L61:
 404 000c 002004E0 		.word	-536600576
 406              		.section	.text.HAL_DBGMCU_EnableDBGSleepMode,"ax",%progbits
 407              		.align	1
 408              		.p2align 2,,3
 409              		.global	HAL_DBGMCU_EnableDBGSleepMode
 410              		.syntax unified
 411              		.thumb
 412              		.thumb_func
 413              		.fpu softvfp
 415              	HAL_DBGMCU_EnableDBGSleepMode:
 416              		@ args = 0, pretend = 0, frame = 0
 417              		@ frame_needed = 0, uses_anonymous_args = 0
 418              		@ link register save eliminated.
 419 0000 024A     		ldr	r2, .L64
 420 0002 5368     		ldr	r3, [r2, #4]
 421 0004 43F00103 		orr	r3, r3, #1
 422 0008 5360     		str	r3, [r2, #4]
 423 000a 7047     		bx	lr
 424              	.L65:
 425              		.align	2
 426              	.L64:
 427 000c 002004E0 		.word	-536600576
 429              		.section	.text.HAL_DBGMCU_DisableDBGSleepMode,"ax",%progbits
 430              		.align	1
 431              		.p2align 2,,3
 432              		.global	HAL_DBGMCU_DisableDBGSleepMode
 433              		.syntax unified
ARM GAS  /tmp/ccvyW1cW.s 			page 8


 434              		.thumb
 435              		.thumb_func
 436              		.fpu softvfp
 438              	HAL_DBGMCU_DisableDBGSleepMode:
 439              		@ args = 0, pretend = 0, frame = 0
 440              		@ frame_needed = 0, uses_anonymous_args = 0
 441              		@ link register save eliminated.
 442 0000 024A     		ldr	r2, .L67
 443 0002 5368     		ldr	r3, [r2, #4]
 444 0004 23F00103 		bic	r3, r3, #1
 445 0008 5360     		str	r3, [r2, #4]
 446 000a 7047     		bx	lr
 447              	.L68:
 448              		.align	2
 449              	.L67:
 450 000c 002004E0 		.word	-536600576
 452              		.section	.text.HAL_DBGMCU_EnableDBGStopMode,"ax",%progbits
 453              		.align	1
 454              		.p2align 2,,3
 455              		.global	HAL_DBGMCU_EnableDBGStopMode
 456              		.syntax unified
 457              		.thumb
 458              		.thumb_func
 459              		.fpu softvfp
 461              	HAL_DBGMCU_EnableDBGStopMode:
 462              		@ args = 0, pretend = 0, frame = 0
 463              		@ frame_needed = 0, uses_anonymous_args = 0
 464              		@ link register save eliminated.
 465 0000 024A     		ldr	r2, .L70
 466 0002 5368     		ldr	r3, [r2, #4]
 467 0004 43F00203 		orr	r3, r3, #2
 468 0008 5360     		str	r3, [r2, #4]
 469 000a 7047     		bx	lr
 470              	.L71:
 471              		.align	2
 472              	.L70:
 473 000c 002004E0 		.word	-536600576
 475              		.section	.text.HAL_DBGMCU_DisableDBGStopMode,"ax",%progbits
 476              		.align	1
 477              		.p2align 2,,3
 478              		.global	HAL_DBGMCU_DisableDBGStopMode
 479              		.syntax unified
 480              		.thumb
 481              		.thumb_func
 482              		.fpu softvfp
 484              	HAL_DBGMCU_DisableDBGStopMode:
 485              		@ args = 0, pretend = 0, frame = 0
 486              		@ frame_needed = 0, uses_anonymous_args = 0
 487              		@ link register save eliminated.
 488 0000 024A     		ldr	r2, .L73
 489 0002 5368     		ldr	r3, [r2, #4]
 490 0004 23F00203 		bic	r3, r3, #2
 491 0008 5360     		str	r3, [r2, #4]
 492 000a 7047     		bx	lr
 493              	.L74:
 494              		.align	2
 495              	.L73:
ARM GAS  /tmp/ccvyW1cW.s 			page 9


 496 000c 002004E0 		.word	-536600576
 498              		.section	.text.HAL_DBGMCU_EnableDBGStandbyMode,"ax",%progbits
 499              		.align	1
 500              		.p2align 2,,3
 501              		.global	HAL_DBGMCU_EnableDBGStandbyMode
 502              		.syntax unified
 503              		.thumb
 504              		.thumb_func
 505              		.fpu softvfp
 507              	HAL_DBGMCU_EnableDBGStandbyMode:
 508              		@ args = 0, pretend = 0, frame = 0
 509              		@ frame_needed = 0, uses_anonymous_args = 0
 510              		@ link register save eliminated.
 511 0000 024A     		ldr	r2, .L76
 512 0002 5368     		ldr	r3, [r2, #4]
 513 0004 43F00403 		orr	r3, r3, #4
 514 0008 5360     		str	r3, [r2, #4]
 515 000a 7047     		bx	lr
 516              	.L77:
 517              		.align	2
 518              	.L76:
 519 000c 002004E0 		.word	-536600576
 521              		.section	.text.HAL_DBGMCU_DisableDBGStandbyMode,"ax",%progbits
 522              		.align	1
 523              		.p2align 2,,3
 524              		.global	HAL_DBGMCU_DisableDBGStandbyMode
 525              		.syntax unified
 526              		.thumb
 527              		.thumb_func
 528              		.fpu softvfp
 530              	HAL_DBGMCU_DisableDBGStandbyMode:
 531              		@ args = 0, pretend = 0, frame = 0
 532              		@ frame_needed = 0, uses_anonymous_args = 0
 533              		@ link register save eliminated.
 534 0000 024A     		ldr	r2, .L79
 535 0002 5368     		ldr	r3, [r2, #4]
 536 0004 23F00403 		bic	r3, r3, #4
 537 0008 5360     		str	r3, [r2, #4]
 538 000a 7047     		bx	lr
 539              	.L80:
 540              		.align	2
 541              	.L79:
 542 000c 002004E0 		.word	-536600576
 544              		.section	.text.HAL_GetUID,"ax",%progbits
 545              		.align	1
 546              		.p2align 2,,3
 547              		.global	HAL_GetUID
 548              		.syntax unified
 549              		.thumb
 550              		.thumb_func
 551              		.fpu softvfp
 553              	HAL_GetUID:
 554              		@ args = 0, pretend = 0, frame = 0
 555              		@ frame_needed = 0, uses_anonymous_args = 0
 556              		@ link register save eliminated.
 557 0000 044B     		ldr	r3, .L82
 558 0002 054A     		ldr	r2, .L82+4
ARM GAS  /tmp/ccvyW1cW.s 			page 10


 559 0004 1968     		ldr	r1, [r3]
 560 0006 0833     		adds	r3, r3, #8
 561 0008 0160     		str	r1, [r0]
 562 000a 1268     		ldr	r2, [r2]
 563 000c 4260     		str	r2, [r0, #4]
 564 000e 1B68     		ldr	r3, [r3]
 565 0010 8360     		str	r3, [r0, #8]
 566 0012 7047     		bx	lr
 567              	.L83:
 568              		.align	2
 569              	.L82:
 570 0014 E8F7FF1F 		.word	536868840
 571 0018 ECF7FF1F 		.word	536868844
 573              		.global	uwTickFreq
 574              		.global	uwTickPrio
 575              		.comm	uwTick,4,4
 576              		.section	.data.uwTickFreq,"aw",%progbits
 577              		.set	.LANCHOR0,. + 0
 580              	uwTickFreq:
 581 0000 01       		.byte	1
 582              		.section	.data.uwTickPrio,"aw",%progbits
 583              		.align	2
 584              		.set	.LANCHOR1,. + 0
 587              	uwTickPrio:
 588 0000 10000000 		.word	16
 589              		.ident	"GCC: (15:6.3.1+svn253039-1build1) 6.3.1 20170620"
ARM GAS  /tmp/ccvyW1cW.s 			page 11


DEFINED SYMBOLS
                            *ABS*:0000000000000000 stm32f1xx_hal.c
     /tmp/ccvyW1cW.s:13     .text.HAL_MspInit:0000000000000000 $t
     /tmp/ccvyW1cW.s:21     .text.HAL_MspInit:0000000000000000 HAL_MspInit
     /tmp/ccvyW1cW.s:28     .text.HAL_MspDeInit:0000000000000000 $t
     /tmp/ccvyW1cW.s:36     .text.HAL_MspDeInit:0000000000000000 HAL_MspDeInit
     /tmp/ccvyW1cW.s:43     .text.HAL_DeInit:0000000000000000 $t
     /tmp/ccvyW1cW.s:51     .text.HAL_DeInit:0000000000000000 HAL_DeInit
     /tmp/ccvyW1cW.s:68     .text.HAL_DeInit:000000000000001c $d
     /tmp/ccvyW1cW.s:71     .text.HAL_InitTick:0000000000000000 $t
     /tmp/ccvyW1cW.s:79     .text.HAL_InitTick:0000000000000000 HAL_InitTick
     /tmp/ccvyW1cW.s:111    .text.HAL_InitTick:000000000000003c $d
     /tmp/ccvyW1cW.s:116    .text.HAL_Init:0000000000000000 $t
     /tmp/ccvyW1cW.s:124    .text.HAL_Init:0000000000000000 HAL_Init
     /tmp/ccvyW1cW.s:142    .text.HAL_Init:0000000000000020 $d
     /tmp/ccvyW1cW.s:145    .text.HAL_IncTick:0000000000000000 $t
     /tmp/ccvyW1cW.s:153    .text.HAL_IncTick:0000000000000000 HAL_IncTick
     /tmp/ccvyW1cW.s:167    .text.HAL_IncTick:0000000000000010 $d
                            *COM*:0000000000000004 uwTick
     /tmp/ccvyW1cW.s:171    .text.HAL_GetTick:0000000000000000 $t
     /tmp/ccvyW1cW.s:179    .text.HAL_GetTick:0000000000000000 HAL_GetTick
     /tmp/ccvyW1cW.s:189    .text.HAL_GetTick:0000000000000008 $d
     /tmp/ccvyW1cW.s:192    .text.HAL_GetTickPrio:0000000000000000 $t
     /tmp/ccvyW1cW.s:200    .text.HAL_GetTickPrio:0000000000000000 HAL_GetTickPrio
     /tmp/ccvyW1cW.s:210    .text.HAL_GetTickPrio:0000000000000008 $d
     /tmp/ccvyW1cW.s:213    .text.HAL_SetTickFreq:0000000000000000 $t
     /tmp/ccvyW1cW.s:221    .text.HAL_SetTickFreq:0000000000000000 HAL_SetTickFreq
     /tmp/ccvyW1cW.s:240    .text.HAL_SetTickFreq:000000000000001c $d
     /tmp/ccvyW1cW.s:244    .text.HAL_GetTickFreq:0000000000000000 $t
     /tmp/ccvyW1cW.s:252    .text.HAL_GetTickFreq:0000000000000000 HAL_GetTickFreq
     /tmp/ccvyW1cW.s:262    .text.HAL_GetTickFreq:0000000000000008 $d
     /tmp/ccvyW1cW.s:265    .text.HAL_Delay:0000000000000000 $t
     /tmp/ccvyW1cW.s:273    .text.HAL_Delay:0000000000000000 HAL_Delay
     /tmp/ccvyW1cW.s:294    .text.HAL_Delay:0000000000000020 $d
     /tmp/ccvyW1cW.s:297    .text.HAL_SuspendTick:0000000000000000 $t
     /tmp/ccvyW1cW.s:305    .text.HAL_SuspendTick:0000000000000000 HAL_SuspendTick
     /tmp/ccvyW1cW.s:317    .text.HAL_SuspendTick:000000000000000c $d
     /tmp/ccvyW1cW.s:320    .text.HAL_ResumeTick:0000000000000000 $t
     /tmp/ccvyW1cW.s:328    .text.HAL_ResumeTick:0000000000000000 HAL_ResumeTick
     /tmp/ccvyW1cW.s:340    .text.HAL_ResumeTick:000000000000000c $d
     /tmp/ccvyW1cW.s:343    .text.HAL_GetHalVersion:0000000000000000 $t
     /tmp/ccvyW1cW.s:351    .text.HAL_GetHalVersion:0000000000000000 HAL_GetHalVersion
     /tmp/ccvyW1cW.s:360    .text.HAL_GetHalVersion:0000000000000004 $d
     /tmp/ccvyW1cW.s:363    .text.HAL_GetREVID:0000000000000000 $t
     /tmp/ccvyW1cW.s:371    .text.HAL_GetREVID:0000000000000000 HAL_GetREVID
     /tmp/ccvyW1cW.s:382    .text.HAL_GetREVID:0000000000000008 $d
     /tmp/ccvyW1cW.s:385    .text.HAL_GetDEVID:0000000000000000 $t
     /tmp/ccvyW1cW.s:393    .text.HAL_GetDEVID:0000000000000000 HAL_GetDEVID
     /tmp/ccvyW1cW.s:404    .text.HAL_GetDEVID:000000000000000c $d
     /tmp/ccvyW1cW.s:407    .text.HAL_DBGMCU_EnableDBGSleepMode:0000000000000000 $t
     /tmp/ccvyW1cW.s:415    .text.HAL_DBGMCU_EnableDBGSleepMode:0000000000000000 HAL_DBGMCU_EnableDBGSleepMode
     /tmp/ccvyW1cW.s:427    .text.HAL_DBGMCU_EnableDBGSleepMode:000000000000000c $d
     /tmp/ccvyW1cW.s:430    .text.HAL_DBGMCU_DisableDBGSleepMode:0000000000000000 $t
     /tmp/ccvyW1cW.s:438    .text.HAL_DBGMCU_DisableDBGSleepMode:0000000000000000 HAL_DBGMCU_DisableDBGSleepMode
     /tmp/ccvyW1cW.s:450    .text.HAL_DBGMCU_DisableDBGSleepMode:000000000000000c $d
     /tmp/ccvyW1cW.s:453    .text.HAL_DBGMCU_EnableDBGStopMode:0000000000000000 $t
     /tmp/ccvyW1cW.s:461    .text.HAL_DBGMCU_EnableDBGStopMode:0000000000000000 HAL_DBGMCU_EnableDBGStopMode
ARM GAS  /tmp/ccvyW1cW.s 			page 12


     /tmp/ccvyW1cW.s:473    .text.HAL_DBGMCU_EnableDBGStopMode:000000000000000c $d
     /tmp/ccvyW1cW.s:476    .text.HAL_DBGMCU_DisableDBGStopMode:0000000000000000 $t
     /tmp/ccvyW1cW.s:484    .text.HAL_DBGMCU_DisableDBGStopMode:0000000000000000 HAL_DBGMCU_DisableDBGStopMode
     /tmp/ccvyW1cW.s:496    .text.HAL_DBGMCU_DisableDBGStopMode:000000000000000c $d
     /tmp/ccvyW1cW.s:499    .text.HAL_DBGMCU_EnableDBGStandbyMode:0000000000000000 $t
     /tmp/ccvyW1cW.s:507    .text.HAL_DBGMCU_EnableDBGStandbyMode:0000000000000000 HAL_DBGMCU_EnableDBGStandbyMode
     /tmp/ccvyW1cW.s:519    .text.HAL_DBGMCU_EnableDBGStandbyMode:000000000000000c $d
     /tmp/ccvyW1cW.s:522    .text.HAL_DBGMCU_DisableDBGStandbyMode:0000000000000000 $t
     /tmp/ccvyW1cW.s:530    .text.HAL_DBGMCU_DisableDBGStandbyMode:0000000000000000 HAL_DBGMCU_DisableDBGStandbyMode
     /tmp/ccvyW1cW.s:542    .text.HAL_DBGMCU_DisableDBGStandbyMode:000000000000000c $d
     /tmp/ccvyW1cW.s:545    .text.HAL_GetUID:0000000000000000 $t
     /tmp/ccvyW1cW.s:553    .text.HAL_GetUID:0000000000000000 HAL_GetUID
     /tmp/ccvyW1cW.s:570    .text.HAL_GetUID:0000000000000014 $d
     /tmp/ccvyW1cW.s:580    .data.uwTickFreq:0000000000000000 uwTickFreq
     /tmp/ccvyW1cW.s:587    .data.uwTickPrio:0000000000000000 uwTickPrio
     /tmp/ccvyW1cW.s:583    .data.uwTickPrio:0000000000000000 $d

UNDEFINED SYMBOLS
HAL_SYSTICK_Config
HAL_NVIC_SetPriority
SystemCoreClock
HAL_NVIC_SetPriorityGrouping
