ARM GAS  /tmp/ccmhq1Wa.s 			page 1


   1              		.cpu cortex-m3
   2              		.eabi_attribute 20, 1
   3              		.eabi_attribute 21, 1
   4              		.eabi_attribute 23, 3
   5              		.eabi_attribute 24, 1
   6              		.eabi_attribute 25, 1
   7              		.eabi_attribute 26, 1
   8              		.eabi_attribute 30, 1
   9              		.eabi_attribute 34, 1
  10              		.eabi_attribute 18, 4
  11              		.file	"main.c"
  12              		.text
  13              	.Ltext0:
  14              		.cfi_sections	.debug_frame
  15              		.section	.text.MX_GPIO_Init,"ax",%progbits
  16              		.align	1
  17              		.syntax unified
  18              		.thumb
  19              		.thumb_func
  20              		.fpu softvfp
  22              	MX_GPIO_Init:
  23              	.LFB66:
  24              		.file 1 "Src/main.c"
   1:Src/main.c    **** /* USER CODE BEGIN Header */
   2:Src/main.c    **** /**
   3:Src/main.c    ****   ******************************************************************************
   4:Src/main.c    ****   * @file           : main.c
   5:Src/main.c    ****   * @brief          : Main program body
   6:Src/main.c    ****   ******************************************************************************
   7:Src/main.c    ****   * @attention
   8:Src/main.c    ****   *
   9:Src/main.c    ****   * <h2><center>&copy; Copyright (c) 2019 STMicroelectronics.
  10:Src/main.c    ****   * All rights reserved.</center></h2>
  11:Src/main.c    ****   *
  12:Src/main.c    ****   * This software component is licensed by ST under BSD 3-Clause license,
  13:Src/main.c    ****   * the "License"; You may not use this file except in compliance with the
  14:Src/main.c    ****   * License. You may obtain a copy of the License at:
  15:Src/main.c    ****   *                        opensource.org/licenses/BSD-3-Clause
  16:Src/main.c    ****   *
  17:Src/main.c    ****   ******************************************************************************
  18:Src/main.c    ****   */
  19:Src/main.c    **** /* USER CODE END Header */
  20:Src/main.c    **** 
  21:Src/main.c    **** /* Includes ------------------------------------------------------------------*/
  22:Src/main.c    **** #include "main.h"
  23:Src/main.c    **** 
  24:Src/main.c    **** /* Private includes ----------------------------------------------------------*/
  25:Src/main.c    **** /* USER CODE BEGIN Includes */
  26:Src/main.c    **** 
  27:Src/main.c    **** /* USER CODE END Includes */
  28:Src/main.c    **** 
  29:Src/main.c    **** /* Private typedef -----------------------------------------------------------*/
  30:Src/main.c    **** /* USER CODE BEGIN PTD */
  31:Src/main.c    **** 
  32:Src/main.c    **** /* USER CODE END PTD */
  33:Src/main.c    **** 
  34:Src/main.c    **** /* Private define ------------------------------------------------------------*/
ARM GAS  /tmp/ccmhq1Wa.s 			page 2


  35:Src/main.c    **** /* USER CODE BEGIN PD */
  36:Src/main.c    **** 
  37:Src/main.c    **** /* USER CODE END PD */
  38:Src/main.c    **** 
  39:Src/main.c    **** /* Private macro -------------------------------------------------------------*/
  40:Src/main.c    **** /* USER CODE BEGIN PM */
  41:Src/main.c    **** 
  42:Src/main.c    **** /* USER CODE END PM */
  43:Src/main.c    **** 
  44:Src/main.c    **** /* Private variables ---------------------------------------------------------*/
  45:Src/main.c    **** 
  46:Src/main.c    **** /* USER CODE BEGIN PV */
  47:Src/main.c    **** 
  48:Src/main.c    **** /* USER CODE END PV */
  49:Src/main.c    **** 
  50:Src/main.c    **** /* Private function prototypes -----------------------------------------------*/
  51:Src/main.c    **** void SystemClock_Config(void);
  52:Src/main.c    **** static void MX_GPIO_Init(void);
  53:Src/main.c    **** /* USER CODE BEGIN PFP */
  54:Src/main.c    **** 
  55:Src/main.c    **** /* USER CODE END PFP */
  56:Src/main.c    **** 
  57:Src/main.c    **** /* Private user code ---------------------------------------------------------*/
  58:Src/main.c    **** /* USER CODE BEGIN 0 */
  59:Src/main.c    **** 
  60:Src/main.c    **** /* USER CODE END 0 */
  61:Src/main.c    **** 
  62:Src/main.c    **** /**
  63:Src/main.c    ****   * @brief  The application entry point.
  64:Src/main.c    ****   * @retval int
  65:Src/main.c    ****   */
  66:Src/main.c    **** int main(void)
  67:Src/main.c    **** {
  68:Src/main.c    ****   /* USER CODE BEGIN 1 */
  69:Src/main.c    ****    HAL_GPIO_TogglePin(GPIOB, GPIO_PIN_12);
  70:Src/main.c    ****    HAL_Delay(500);   // 500ms
  71:Src/main.c    ****   /* USER CODE END 1 */
  72:Src/main.c    **** 
  73:Src/main.c    ****   /* MCU Configuration--------------------------------------------------------*/
  74:Src/main.c    **** 
  75:Src/main.c    ****   /* Reset of all peripherals, Initializes the Flash interface and the Systick. */
  76:Src/main.c    ****   HAL_Init();
  77:Src/main.c    **** 
  78:Src/main.c    ****   /* USER CODE BEGIN Init */
  79:Src/main.c    **** 
  80:Src/main.c    ****   /* USER CODE END Init */
  81:Src/main.c    **** 
  82:Src/main.c    ****   /* Configure the system clock */
  83:Src/main.c    ****   SystemClock_Config();
  84:Src/main.c    **** 
  85:Src/main.c    ****   /* USER CODE BEGIN SysInit */
  86:Src/main.c    **** 
  87:Src/main.c    ****   /* USER CODE END SysInit */
  88:Src/main.c    **** 
  89:Src/main.c    ****   /* Initialize all configured peripherals */
  90:Src/main.c    ****   MX_GPIO_Init();
  91:Src/main.c    ****   /* USER CODE BEGIN 2 */
ARM GAS  /tmp/ccmhq1Wa.s 			page 3


  92:Src/main.c    **** 
  93:Src/main.c    ****   /* USER CODE END 2 */
  94:Src/main.c    **** 
  95:Src/main.c    ****   /* Infinite loop */
  96:Src/main.c    ****   /* USER CODE BEGIN WHILE */
  97:Src/main.c    ****   while (1)
  98:Src/main.c    ****   {
  99:Src/main.c    ****     /* USER CODE END WHILE */
 100:Src/main.c    **** 
 101:Src/main.c    ****     /* USER CODE BEGIN 3 */
 102:Src/main.c    ****   }
 103:Src/main.c    ****   /* USER CODE END 3 */
 104:Src/main.c    **** }
 105:Src/main.c    **** 
 106:Src/main.c    **** /**
 107:Src/main.c    ****   * @brief System Clock Configuration
 108:Src/main.c    ****   * @retval None
 109:Src/main.c    ****   */
 110:Src/main.c    **** void SystemClock_Config(void)
 111:Src/main.c    **** {
 112:Src/main.c    ****   RCC_OscInitTypeDef RCC_OscInitStruct = {0};
 113:Src/main.c    ****   RCC_ClkInitTypeDef RCC_ClkInitStruct = {0};
 114:Src/main.c    **** 
 115:Src/main.c    ****   /** Initializes the CPU, AHB and APB busses clocks 
 116:Src/main.c    ****   */
 117:Src/main.c    ****   RCC_OscInitStruct.OscillatorType = RCC_OSCILLATORTYPE_HSI;
 118:Src/main.c    ****   RCC_OscInitStruct.HSIState = RCC_HSI_ON;
 119:Src/main.c    ****   RCC_OscInitStruct.HSICalibrationValue = RCC_HSICALIBRATION_DEFAULT;
 120:Src/main.c    ****   RCC_OscInitStruct.PLL.PLLState = RCC_PLL_NONE;
 121:Src/main.c    ****   if (HAL_RCC_OscConfig(&RCC_OscInitStruct) != HAL_OK)
 122:Src/main.c    ****   {
 123:Src/main.c    ****     Error_Handler();
 124:Src/main.c    ****   }
 125:Src/main.c    ****   /** Initializes the CPU, AHB and APB busses clocks 
 126:Src/main.c    ****   */
 127:Src/main.c    ****   RCC_ClkInitStruct.ClockType = RCC_CLOCKTYPE_HCLK|RCC_CLOCKTYPE_SYSCLK
 128:Src/main.c    ****                               |RCC_CLOCKTYPE_PCLK1|RCC_CLOCKTYPE_PCLK2;
 129:Src/main.c    ****   RCC_ClkInitStruct.SYSCLKSource = RCC_SYSCLKSOURCE_HSI;
 130:Src/main.c    ****   RCC_ClkInitStruct.AHBCLKDivider = RCC_SYSCLK_DIV1;
 131:Src/main.c    ****   RCC_ClkInitStruct.APB1CLKDivider = RCC_HCLK_DIV1;
 132:Src/main.c    ****   RCC_ClkInitStruct.APB2CLKDivider = RCC_HCLK_DIV1;
 133:Src/main.c    **** 
 134:Src/main.c    ****   if (HAL_RCC_ClockConfig(&RCC_ClkInitStruct, FLASH_LATENCY_0) != HAL_OK)
 135:Src/main.c    ****   {
 136:Src/main.c    ****     Error_Handler();
 137:Src/main.c    ****   }
 138:Src/main.c    **** }
 139:Src/main.c    **** 
 140:Src/main.c    **** /**
 141:Src/main.c    ****   * @brief GPIO Initialization Function
 142:Src/main.c    ****   * @param None
 143:Src/main.c    ****   * @retval None
 144:Src/main.c    ****   */
 145:Src/main.c    **** static void MX_GPIO_Init(void)
 146:Src/main.c    **** {
  25              		.loc 1 146 0
  26              		.cfi_startproc
ARM GAS  /tmp/ccmhq1Wa.s 			page 4


  27              		@ args = 0, pretend = 0, frame = 32
  28              		@ frame_needed = 0, uses_anonymous_args = 0
  29 0000 30B5     		push	{r4, r5, lr}
  30              	.LCFI0:
  31              		.cfi_def_cfa_offset 12
  32              		.cfi_offset 4, -12
  33              		.cfi_offset 5, -8
  34              		.cfi_offset 14, -4
  35 0002 89B0     		sub	sp, sp, #36
  36              	.LCFI1:
  37              		.cfi_def_cfa_offset 48
 147:Src/main.c    ****   GPIO_InitTypeDef GPIO_InitStruct = {0};
  38              		.loc 1 147 0
  39 0004 0024     		movs	r4, #0
  40 0006 0494     		str	r4, [sp, #16]
  41 0008 0594     		str	r4, [sp, #20]
  42 000a 0694     		str	r4, [sp, #24]
  43 000c 0794     		str	r4, [sp, #28]
  44              	.LBB2:
 148:Src/main.c    **** 
 149:Src/main.c    ****   /* GPIO Ports Clock Enable */
 150:Src/main.c    ****   __HAL_RCC_GPIOD_CLK_ENABLE();
  45              		.loc 1 150 0
  46 000e 184B     		ldr	r3, .L3
  47 0010 9A69     		ldr	r2, [r3, #24]
  48 0012 42F02002 		orr	r2, r2, #32
  49 0016 9A61     		str	r2, [r3, #24]
  50 0018 9A69     		ldr	r2, [r3, #24]
  51 001a 02F02002 		and	r2, r2, #32
  52 001e 0192     		str	r2, [sp, #4]
  53 0020 019A     		ldr	r2, [sp, #4]
  54              	.LBE2:
  55              	.LBB3:
 151:Src/main.c    ****   __HAL_RCC_GPIOB_CLK_ENABLE();
  56              		.loc 1 151 0
  57 0022 9A69     		ldr	r2, [r3, #24]
  58 0024 42F00802 		orr	r2, r2, #8
  59 0028 9A61     		str	r2, [r3, #24]
  60 002a 9A69     		ldr	r2, [r3, #24]
  61 002c 02F00802 		and	r2, r2, #8
  62 0030 0292     		str	r2, [sp, #8]
  63 0032 029A     		ldr	r2, [sp, #8]
  64              	.LBE3:
  65              	.LBB4:
 152:Src/main.c    ****   __HAL_RCC_GPIOA_CLK_ENABLE();
  66              		.loc 1 152 0
  67 0034 9A69     		ldr	r2, [r3, #24]
  68 0036 42F00402 		orr	r2, r2, #4
  69 003a 9A61     		str	r2, [r3, #24]
  70 003c 9B69     		ldr	r3, [r3, #24]
  71 003e 03F00403 		and	r3, r3, #4
  72 0042 0393     		str	r3, [sp, #12]
  73 0044 039B     		ldr	r3, [sp, #12]
  74              	.LBE4:
 153:Src/main.c    **** 
 154:Src/main.c    ****   /*Configure GPIO pin Output Level */
 155:Src/main.c    ****   HAL_GPIO_WritePin(GPIOB, GPIO_PIN_12, GPIO_PIN_RESET);
ARM GAS  /tmp/ccmhq1Wa.s 			page 5


  75              		.loc 1 155 0
  76 0046 0B4D     		ldr	r5, .L3+4
  77 0048 2246     		mov	r2, r4
  78 004a 4FF48051 		mov	r1, #4096
  79 004e 2846     		mov	r0, r5
  80 0050 FFF7FEFF 		bl	HAL_GPIO_WritePin
  81              	.LVL0:
 156:Src/main.c    **** 
 157:Src/main.c    ****   /*Configure GPIO pin : PB12 */
 158:Src/main.c    ****   GPIO_InitStruct.Pin = GPIO_PIN_12;
  82              		.loc 1 158 0
  83 0054 4FF48053 		mov	r3, #4096
  84 0058 0493     		str	r3, [sp, #16]
 159:Src/main.c    ****   GPIO_InitStruct.Mode = GPIO_MODE_OUTPUT_PP;
  85              		.loc 1 159 0
  86 005a 0123     		movs	r3, #1
  87 005c 0593     		str	r3, [sp, #20]
 160:Src/main.c    ****   GPIO_InitStruct.Pull = GPIO_NOPULL;
  88              		.loc 1 160 0
  89 005e 0694     		str	r4, [sp, #24]
 161:Src/main.c    ****   GPIO_InitStruct.Speed = GPIO_SPEED_FREQ_LOW;
  90              		.loc 1 161 0
  91 0060 0223     		movs	r3, #2
  92 0062 0793     		str	r3, [sp, #28]
 162:Src/main.c    ****   HAL_GPIO_Init(GPIOB, &GPIO_InitStruct);
  93              		.loc 1 162 0
  94 0064 04A9     		add	r1, sp, #16
  95 0066 2846     		mov	r0, r5
  96 0068 FFF7FEFF 		bl	HAL_GPIO_Init
  97              	.LVL1:
 163:Src/main.c    **** 
 164:Src/main.c    **** }
  98              		.loc 1 164 0
  99 006c 09B0     		add	sp, sp, #36
 100              	.LCFI2:
 101              		.cfi_def_cfa_offset 12
 102              		@ sp needed
 103 006e 30BD     		pop	{r4, r5, pc}
 104              	.L4:
 105              		.align	2
 106              	.L3:
 107 0070 00100240 		.word	1073876992
 108 0074 000C0140 		.word	1073810432
 109              		.cfi_endproc
 110              	.LFE66:
 112              		.section	.text.SystemClock_Config,"ax",%progbits
 113              		.align	1
 114              		.global	SystemClock_Config
 115              		.syntax unified
 116              		.thumb
 117              		.thumb_func
 118              		.fpu softvfp
 120              	SystemClock_Config:
 121              	.LFB65:
 111:Src/main.c    ****   RCC_OscInitTypeDef RCC_OscInitStruct = {0};
 122              		.loc 1 111 0
 123              		.cfi_startproc
ARM GAS  /tmp/ccmhq1Wa.s 			page 6


 124              		@ args = 0, pretend = 0, frame = 64
 125              		@ frame_needed = 0, uses_anonymous_args = 0
 126 0000 10B5     		push	{r4, lr}
 127              	.LCFI3:
 128              		.cfi_def_cfa_offset 8
 129              		.cfi_offset 4, -8
 130              		.cfi_offset 14, -4
 131 0002 90B0     		sub	sp, sp, #64
 132              	.LCFI4:
 133              		.cfi_def_cfa_offset 72
 112:Src/main.c    ****   RCC_ClkInitTypeDef RCC_ClkInitStruct = {0};
 134              		.loc 1 112 0
 135 0004 2822     		movs	r2, #40
 136 0006 0021     		movs	r1, #0
 137 0008 06A8     		add	r0, sp, #24
 138 000a FFF7FEFF 		bl	memset
 139              	.LVL2:
 113:Src/main.c    **** 
 140              		.loc 1 113 0
 141 000e 0024     		movs	r4, #0
 142 0010 0194     		str	r4, [sp, #4]
 143 0012 0294     		str	r4, [sp, #8]
 144 0014 0394     		str	r4, [sp, #12]
 145 0016 0494     		str	r4, [sp, #16]
 146 0018 0594     		str	r4, [sp, #20]
 117:Src/main.c    ****   RCC_OscInitStruct.HSIState = RCC_HSI_ON;
 147              		.loc 1 117 0
 148 001a 0223     		movs	r3, #2
 149 001c 0693     		str	r3, [sp, #24]
 118:Src/main.c    ****   RCC_OscInitStruct.HSICalibrationValue = RCC_HSICALIBRATION_DEFAULT;
 150              		.loc 1 118 0
 151 001e 0123     		movs	r3, #1
 152 0020 0A93     		str	r3, [sp, #40]
 119:Src/main.c    ****   RCC_OscInitStruct.PLL.PLLState = RCC_PLL_NONE;
 153              		.loc 1 119 0
 154 0022 1023     		movs	r3, #16
 155 0024 0B93     		str	r3, [sp, #44]
 121:Src/main.c    ****   {
 156              		.loc 1 121 0
 157 0026 06A8     		add	r0, sp, #24
 158 0028 FFF7FEFF 		bl	HAL_RCC_OscConfig
 159              	.LVL3:
 127:Src/main.c    ****                               |RCC_CLOCKTYPE_PCLK1|RCC_CLOCKTYPE_PCLK2;
 160              		.loc 1 127 0
 161 002c 0F23     		movs	r3, #15
 162 002e 0193     		str	r3, [sp, #4]
 129:Src/main.c    ****   RCC_ClkInitStruct.AHBCLKDivider = RCC_SYSCLK_DIV1;
 163              		.loc 1 129 0
 164 0030 0294     		str	r4, [sp, #8]
 130:Src/main.c    ****   RCC_ClkInitStruct.APB1CLKDivider = RCC_HCLK_DIV1;
 165              		.loc 1 130 0
 166 0032 0394     		str	r4, [sp, #12]
 131:Src/main.c    ****   RCC_ClkInitStruct.APB2CLKDivider = RCC_HCLK_DIV1;
 167              		.loc 1 131 0
 168 0034 0494     		str	r4, [sp, #16]
 132:Src/main.c    **** 
 169              		.loc 1 132 0
ARM GAS  /tmp/ccmhq1Wa.s 			page 7


 170 0036 0594     		str	r4, [sp, #20]
 134:Src/main.c    ****   {
 171              		.loc 1 134 0
 172 0038 2146     		mov	r1, r4
 173 003a 01A8     		add	r0, sp, #4
 174 003c FFF7FEFF 		bl	HAL_RCC_ClockConfig
 175              	.LVL4:
 138:Src/main.c    **** 
 176              		.loc 1 138 0
 177 0040 10B0     		add	sp, sp, #64
 178              	.LCFI5:
 179              		.cfi_def_cfa_offset 8
 180              		@ sp needed
 181 0042 10BD     		pop	{r4, pc}
 182              		.cfi_endproc
 183              	.LFE65:
 185              		.section	.text.main,"ax",%progbits
 186              		.align	1
 187              		.global	main
 188              		.syntax unified
 189              		.thumb
 190              		.thumb_func
 191              		.fpu softvfp
 193              	main:
 194              	.LFB64:
  67:Src/main.c    ****   /* USER CODE BEGIN 1 */
 195              		.loc 1 67 0
 196              		.cfi_startproc
 197              		@ Volatile: function does not return.
 198              		@ args = 0, pretend = 0, frame = 0
 199              		@ frame_needed = 0, uses_anonymous_args = 0
 200 0000 08B5     		push	{r3, lr}
 201              	.LCFI6:
 202              		.cfi_def_cfa_offset 8
 203              		.cfi_offset 3, -8
 204              		.cfi_offset 14, -4
  69:Src/main.c    ****    HAL_Delay(500);   // 500ms
 205              		.loc 1 69 0
 206 0002 4FF48051 		mov	r1, #4096
 207 0006 0748     		ldr	r0, .L10
 208 0008 FFF7FEFF 		bl	HAL_GPIO_TogglePin
 209              	.LVL5:
  70:Src/main.c    ****   /* USER CODE END 1 */
 210              		.loc 1 70 0
 211 000c 4FF4FA70 		mov	r0, #500
 212 0010 FFF7FEFF 		bl	HAL_Delay
 213              	.LVL6:
  76:Src/main.c    **** 
 214              		.loc 1 76 0
 215 0014 FFF7FEFF 		bl	HAL_Init
 216              	.LVL7:
  83:Src/main.c    **** 
 217              		.loc 1 83 0
 218 0018 FFF7FEFF 		bl	SystemClock_Config
 219              	.LVL8:
  90:Src/main.c    ****   /* USER CODE BEGIN 2 */
 220              		.loc 1 90 0
ARM GAS  /tmp/ccmhq1Wa.s 			page 8


 221 001c FFF7FEFF 		bl	MX_GPIO_Init
 222              	.LVL9:
 223              	.L8:
 224 0020 FEE7     		b	.L8
 225              	.L11:
 226 0022 00BF     		.align	2
 227              	.L10:
 228 0024 000C0140 		.word	1073810432
 229              		.cfi_endproc
 230              	.LFE64:
 232              		.section	.text.Error_Handler,"ax",%progbits
 233              		.align	1
 234              		.global	Error_Handler
 235              		.syntax unified
 236              		.thumb
 237              		.thumb_func
 238              		.fpu softvfp
 240              	Error_Handler:
 241              	.LFB67:
 165:Src/main.c    **** 
 166:Src/main.c    **** /* USER CODE BEGIN 4 */
 167:Src/main.c    **** 
 168:Src/main.c    **** /* USER CODE END 4 */
 169:Src/main.c    **** 
 170:Src/main.c    **** /**
 171:Src/main.c    ****   * @brief  This function is executed in case of error occurrence.
 172:Src/main.c    ****   * @retval None
 173:Src/main.c    ****   */
 174:Src/main.c    **** void Error_Handler(void)
 175:Src/main.c    **** {
 242              		.loc 1 175 0
 243              		.cfi_startproc
 244              		@ args = 0, pretend = 0, frame = 0
 245              		@ frame_needed = 0, uses_anonymous_args = 0
 246              		@ link register save eliminated.
 247 0000 7047     		bx	lr
 248              		.cfi_endproc
 249              	.LFE67:
 251              		.text
 252              	.Letext0:
 253              		.file 2 "/usr/include/newlib/machine/_default_types.h"
 254              		.file 3 "/usr/include/newlib/sys/_stdint.h"
 255              		.file 4 "Drivers/CMSIS/Include/core_cm3.h"
 256              		.file 5 "Drivers/CMSIS/Device/ST/STM32F1xx/Include/system_stm32f1xx.h"
 257              		.file 6 "Drivers/CMSIS/Device/ST/STM32F1xx/Include/stm32f103xb.h"
 258              		.file 7 "/usr/include/newlib/sys/lock.h"
 259              		.file 8 "/usr/include/newlib/sys/_types.h"
 260              		.file 9 "/usr/lib/gcc/arm-none-eabi/6.3.1/include/stddef.h"
 261              		.file 10 "/usr/include/newlib/sys/reent.h"
 262              		.file 11 "Drivers/STM32F1xx_HAL_Driver/Inc/stm32f1xx_hal_rcc.h"
 263              		.file 12 "Drivers/STM32F1xx_HAL_Driver/Inc/stm32f1xx_hal_rcc_ex.h"
 264              		.file 13 "Drivers/STM32F1xx_HAL_Driver/Inc/stm32f1xx_hal_gpio.h"
 265              		.file 14 "Drivers/STM32F1xx_HAL_Driver/Inc/stm32f1xx_hal_def.h"
 266              		.file 15 "Drivers/STM32F1xx_HAL_Driver/Inc/stm32f1xx_hal.h"
ARM GAS  /tmp/ccmhq1Wa.s 			page 9


DEFINED SYMBOLS
                            *ABS*:0000000000000000 main.c
     /tmp/ccmhq1Wa.s:16     .text.MX_GPIO_Init:0000000000000000 $t
     /tmp/ccmhq1Wa.s:22     .text.MX_GPIO_Init:0000000000000000 MX_GPIO_Init
     /tmp/ccmhq1Wa.s:107    .text.MX_GPIO_Init:0000000000000070 $d
     /tmp/ccmhq1Wa.s:113    .text.SystemClock_Config:0000000000000000 $t
     /tmp/ccmhq1Wa.s:120    .text.SystemClock_Config:0000000000000000 SystemClock_Config
     /tmp/ccmhq1Wa.s:186    .text.main:0000000000000000 $t
     /tmp/ccmhq1Wa.s:193    .text.main:0000000000000000 main
     /tmp/ccmhq1Wa.s:228    .text.main:0000000000000024 $d
     /tmp/ccmhq1Wa.s:233    .text.Error_Handler:0000000000000000 $t
     /tmp/ccmhq1Wa.s:240    .text.Error_Handler:0000000000000000 Error_Handler
                     .debug_frame:0000000000000010 $d

UNDEFINED SYMBOLS
HAL_GPIO_WritePin
HAL_GPIO_Init
memset
HAL_RCC_OscConfig
HAL_RCC_ClockConfig
HAL_GPIO_TogglePin
HAL_Delay
HAL_Init
