ARM GAS  /tmp/ccIUgbia.s 			page 1


   1              		.cpu cortex-m4
   2              		.arch armv7e-m
   3              		.fpu fpv4-sp-d16
   4              		.eabi_attribute 27, 1
   5              		.eabi_attribute 28, 1
   6              		.eabi_attribute 20, 1
   7              		.eabi_attribute 21, 1
   8              		.eabi_attribute 23, 3
   9              		.eabi_attribute 24, 1
  10              		.eabi_attribute 25, 1
  11              		.eabi_attribute 26, 1
  12              		.eabi_attribute 30, 1
  13              		.eabi_attribute 34, 1
  14              		.eabi_attribute 18, 4
  15              		.file	"stm32f4xx_it.c"
  16              		.text
  17              	.Ltext0:
  18              		.cfi_sections	.debug_frame
  19              		.section	.text.NMI_Handler,"ax",%progbits
  20              		.align	1
  21              		.global	NMI_Handler
  22              		.syntax unified
  23              		.thumb
  24              		.thumb_func
  26              	NMI_Handler:
  27              	.LFB130:
  28              		.file 1 "Src/stm32f4xx_it.c"
   1:Src/stm32f4xx_it.c **** /* USER CODE BEGIN Header */
   2:Src/stm32f4xx_it.c **** /**
   3:Src/stm32f4xx_it.c ****   ******************************************************************************
   4:Src/stm32f4xx_it.c ****   * @file    stm32f4xx_it.c
   5:Src/stm32f4xx_it.c ****   * @brief   Interrupt Service Routines.
   6:Src/stm32f4xx_it.c ****   ******************************************************************************
   7:Src/stm32f4xx_it.c ****   * @attention
   8:Src/stm32f4xx_it.c ****   *
   9:Src/stm32f4xx_it.c ****   * <h2><center>&copy; Copyright (c) 2019 STMicroelectronics.
  10:Src/stm32f4xx_it.c ****   * All rights reserved.</center></h2>
  11:Src/stm32f4xx_it.c ****   *
  12:Src/stm32f4xx_it.c ****   * This software component is licensed by ST under Ultimate Liberty license
  13:Src/stm32f4xx_it.c ****   * SLA0044, the "License"; You may not use this file except in compliance with
  14:Src/stm32f4xx_it.c ****   * the License. You may obtain a copy of the License at:
  15:Src/stm32f4xx_it.c ****   *                             www.st.com/SLA0044
  16:Src/stm32f4xx_it.c ****   *
  17:Src/stm32f4xx_it.c ****   ******************************************************************************
  18:Src/stm32f4xx_it.c ****   */
  19:Src/stm32f4xx_it.c **** /* USER CODE END Header */
  20:Src/stm32f4xx_it.c **** 
  21:Src/stm32f4xx_it.c **** /* Includes ------------------------------------------------------------------*/
  22:Src/stm32f4xx_it.c **** #include "main.h"
  23:Src/stm32f4xx_it.c **** #include "stm32f4xx_it.h"
  24:Src/stm32f4xx_it.c **** /* Private includes ----------------------------------------------------------*/
  25:Src/stm32f4xx_it.c **** /* USER CODE BEGIN Includes */
  26:Src/stm32f4xx_it.c **** /* USER CODE END Includes */
  27:Src/stm32f4xx_it.c **** 
  28:Src/stm32f4xx_it.c **** /* Private typedef -----------------------------------------------------------*/
  29:Src/stm32f4xx_it.c **** /* USER CODE BEGIN TD */
  30:Src/stm32f4xx_it.c **** 
ARM GAS  /tmp/ccIUgbia.s 			page 2


  31:Src/stm32f4xx_it.c **** /* USER CODE END TD */
  32:Src/stm32f4xx_it.c **** 
  33:Src/stm32f4xx_it.c **** /* Private define ------------------------------------------------------------*/
  34:Src/stm32f4xx_it.c **** /* USER CODE BEGIN PD */
  35:Src/stm32f4xx_it.c ****  
  36:Src/stm32f4xx_it.c **** /* USER CODE END PD */
  37:Src/stm32f4xx_it.c **** 
  38:Src/stm32f4xx_it.c **** /* Private macro -------------------------------------------------------------*/
  39:Src/stm32f4xx_it.c **** /* USER CODE BEGIN PM */
  40:Src/stm32f4xx_it.c **** 
  41:Src/stm32f4xx_it.c **** /* USER CODE END PM */
  42:Src/stm32f4xx_it.c **** 
  43:Src/stm32f4xx_it.c **** /* Private variables ---------------------------------------------------------*/
  44:Src/stm32f4xx_it.c **** /* USER CODE BEGIN PV */
  45:Src/stm32f4xx_it.c **** 
  46:Src/stm32f4xx_it.c **** /* USER CODE END PV */
  47:Src/stm32f4xx_it.c **** 
  48:Src/stm32f4xx_it.c **** /* Private function prototypes -----------------------------------------------*/
  49:Src/stm32f4xx_it.c **** /* USER CODE BEGIN PFP */
  50:Src/stm32f4xx_it.c **** 
  51:Src/stm32f4xx_it.c **** /* USER CODE END PFP */
  52:Src/stm32f4xx_it.c **** 
  53:Src/stm32f4xx_it.c **** /* Private user code ---------------------------------------------------------*/
  54:Src/stm32f4xx_it.c **** /* USER CODE BEGIN 0 */
  55:Src/stm32f4xx_it.c **** 
  56:Src/stm32f4xx_it.c **** /* USER CODE END 0 */
  57:Src/stm32f4xx_it.c **** 
  58:Src/stm32f4xx_it.c **** /* External variables --------------------------------------------------------*/
  59:Src/stm32f4xx_it.c **** extern HCD_HandleTypeDef hhcd_USB_OTG_HS;
  60:Src/stm32f4xx_it.c **** extern DMA2D_HandleTypeDef hdma2d;
  61:Src/stm32f4xx_it.c **** extern LTDC_HandleTypeDef hltdc;
  62:Src/stm32f4xx_it.c **** extern TIM_HandleTypeDef htim6;
  63:Src/stm32f4xx_it.c **** 
  64:Src/stm32f4xx_it.c **** /* USER CODE BEGIN EV */
  65:Src/stm32f4xx_it.c **** 
  66:Src/stm32f4xx_it.c **** /* USER CODE END EV */
  67:Src/stm32f4xx_it.c **** 
  68:Src/stm32f4xx_it.c **** /******************************************************************************/
  69:Src/stm32f4xx_it.c **** /*           Cortex-M4 Processor Interruption and Exception Handlers          */
  70:Src/stm32f4xx_it.c **** /******************************************************************************/
  71:Src/stm32f4xx_it.c **** /**
  72:Src/stm32f4xx_it.c ****   * @brief This function handles Non maskable interrupt.
  73:Src/stm32f4xx_it.c ****   */
  74:Src/stm32f4xx_it.c **** void NMI_Handler(void)
  75:Src/stm32f4xx_it.c **** {
  29              		.loc 1 75 1 view -0
  30              		.cfi_startproc
  31              		@ args = 0, pretend = 0, frame = 0
  32              		@ frame_needed = 0, uses_anonymous_args = 0
  33              		@ link register save eliminated.
  76:Src/stm32f4xx_it.c ****   /* USER CODE BEGIN NonMaskableInt_IRQn 0 */
  77:Src/stm32f4xx_it.c **** 
  78:Src/stm32f4xx_it.c ****   /* USER CODE END NonMaskableInt_IRQn 0 */
  79:Src/stm32f4xx_it.c ****   /* USER CODE BEGIN NonMaskableInt_IRQn 1 */
  80:Src/stm32f4xx_it.c **** 
  81:Src/stm32f4xx_it.c ****   /* USER CODE END NonMaskableInt_IRQn 1 */
  82:Src/stm32f4xx_it.c **** }
ARM GAS  /tmp/ccIUgbia.s 			page 3


  34              		.loc 1 82 1 view .LVU1
  35 0000 7047     		bx	lr
  36              		.cfi_endproc
  37              	.LFE130:
  39              		.section	.text.HardFault_Handler,"ax",%progbits
  40              		.align	1
  41              		.global	HardFault_Handler
  42              		.syntax unified
  43              		.thumb
  44              		.thumb_func
  46              	HardFault_Handler:
  47              	.LFB131:
  83:Src/stm32f4xx_it.c **** 
  84:Src/stm32f4xx_it.c **** /**
  85:Src/stm32f4xx_it.c ****   * @brief This function handles Hard fault interrupt.
  86:Src/stm32f4xx_it.c ****   */
  87:Src/stm32f4xx_it.c **** void HardFault_Handler(void)
  88:Src/stm32f4xx_it.c **** {
  48              		.loc 1 88 1 view -0
  49              		.cfi_startproc
  50              		@ Volatile: function does not return.
  51              		@ args = 0, pretend = 0, frame = 0
  52              		@ frame_needed = 0, uses_anonymous_args = 0
  53              		@ link register save eliminated.
  54              	.L3:
  89:Src/stm32f4xx_it.c ****   /* USER CODE BEGIN HardFault_IRQn 0 */
  90:Src/stm32f4xx_it.c **** 
  91:Src/stm32f4xx_it.c ****   /* USER CODE END HardFault_IRQn 0 */
  92:Src/stm32f4xx_it.c ****   while (1)
  55              		.loc 1 92 3 discriminator 1 view .LVU3
  93:Src/stm32f4xx_it.c ****   {
  94:Src/stm32f4xx_it.c ****     /* USER CODE BEGIN W1_HardFault_IRQn 0 */
  95:Src/stm32f4xx_it.c ****     /* USER CODE END W1_HardFault_IRQn 0 */
  96:Src/stm32f4xx_it.c ****   }
  56              		.loc 1 96 3 discriminator 1 view .LVU4
  92:Src/stm32f4xx_it.c ****   {
  57              		.loc 1 92 9 discriminator 1 view .LVU5
  58 0000 FEE7     		b	.L3
  59              		.cfi_endproc
  60              	.LFE131:
  62              		.section	.text.MemManage_Handler,"ax",%progbits
  63              		.align	1
  64              		.global	MemManage_Handler
  65              		.syntax unified
  66              		.thumb
  67              		.thumb_func
  69              	MemManage_Handler:
  70              	.LFB132:
  97:Src/stm32f4xx_it.c **** }
  98:Src/stm32f4xx_it.c **** 
  99:Src/stm32f4xx_it.c **** /**
 100:Src/stm32f4xx_it.c ****   * @brief This function handles Memory management fault.
 101:Src/stm32f4xx_it.c ****   */
 102:Src/stm32f4xx_it.c **** void MemManage_Handler(void)
 103:Src/stm32f4xx_it.c **** {
  71              		.loc 1 103 1 view -0
  72              		.cfi_startproc
ARM GAS  /tmp/ccIUgbia.s 			page 4


  73              		@ Volatile: function does not return.
  74              		@ args = 0, pretend = 0, frame = 0
  75              		@ frame_needed = 0, uses_anonymous_args = 0
  76              		@ link register save eliminated.
  77              	.L5:
 104:Src/stm32f4xx_it.c ****   /* USER CODE BEGIN MemoryManagement_IRQn 0 */
 105:Src/stm32f4xx_it.c **** 
 106:Src/stm32f4xx_it.c ****   /* USER CODE END MemoryManagement_IRQn 0 */
 107:Src/stm32f4xx_it.c ****   while (1)
  78              		.loc 1 107 3 discriminator 1 view .LVU7
 108:Src/stm32f4xx_it.c ****   {
 109:Src/stm32f4xx_it.c ****     /* USER CODE BEGIN W1_MemoryManagement_IRQn 0 */
 110:Src/stm32f4xx_it.c ****     /* USER CODE END W1_MemoryManagement_IRQn 0 */
 111:Src/stm32f4xx_it.c ****   }
  79              		.loc 1 111 3 discriminator 1 view .LVU8
 107:Src/stm32f4xx_it.c ****   {
  80              		.loc 1 107 9 discriminator 1 view .LVU9
  81 0000 FEE7     		b	.L5
  82              		.cfi_endproc
  83              	.LFE132:
  85              		.section	.text.BusFault_Handler,"ax",%progbits
  86              		.align	1
  87              		.global	BusFault_Handler
  88              		.syntax unified
  89              		.thumb
  90              		.thumb_func
  92              	BusFault_Handler:
  93              	.LFB133:
 112:Src/stm32f4xx_it.c **** }
 113:Src/stm32f4xx_it.c **** 
 114:Src/stm32f4xx_it.c **** /**
 115:Src/stm32f4xx_it.c ****   * @brief This function handles Pre-fetch fault, memory access fault.
 116:Src/stm32f4xx_it.c ****   */
 117:Src/stm32f4xx_it.c **** void BusFault_Handler(void)
 118:Src/stm32f4xx_it.c **** {
  94              		.loc 1 118 1 view -0
  95              		.cfi_startproc
  96              		@ Volatile: function does not return.
  97              		@ args = 0, pretend = 0, frame = 0
  98              		@ frame_needed = 0, uses_anonymous_args = 0
  99              		@ link register save eliminated.
 100              	.L7:
 119:Src/stm32f4xx_it.c ****   /* USER CODE BEGIN BusFault_IRQn 0 */
 120:Src/stm32f4xx_it.c **** 
 121:Src/stm32f4xx_it.c ****   /* USER CODE END BusFault_IRQn 0 */
 122:Src/stm32f4xx_it.c ****   while (1)
 101              		.loc 1 122 3 discriminator 1 view .LVU11
 123:Src/stm32f4xx_it.c ****   {
 124:Src/stm32f4xx_it.c ****     /* USER CODE BEGIN W1_BusFault_IRQn 0 */
 125:Src/stm32f4xx_it.c ****     /* USER CODE END W1_BusFault_IRQn 0 */
 126:Src/stm32f4xx_it.c ****   }
 102              		.loc 1 126 3 discriminator 1 view .LVU12
 122:Src/stm32f4xx_it.c ****   {
 103              		.loc 1 122 9 discriminator 1 view .LVU13
 104 0000 FEE7     		b	.L7
 105              		.cfi_endproc
 106              	.LFE133:
ARM GAS  /tmp/ccIUgbia.s 			page 5


 108              		.section	.text.UsageFault_Handler,"ax",%progbits
 109              		.align	1
 110              		.global	UsageFault_Handler
 111              		.syntax unified
 112              		.thumb
 113              		.thumb_func
 115              	UsageFault_Handler:
 116              	.LFB134:
 127:Src/stm32f4xx_it.c **** }
 128:Src/stm32f4xx_it.c **** 
 129:Src/stm32f4xx_it.c **** /**
 130:Src/stm32f4xx_it.c ****   * @brief This function handles Undefined instruction or illegal state.
 131:Src/stm32f4xx_it.c ****   */
 132:Src/stm32f4xx_it.c **** void UsageFault_Handler(void)
 133:Src/stm32f4xx_it.c **** {
 117              		.loc 1 133 1 view -0
 118              		.cfi_startproc
 119              		@ Volatile: function does not return.
 120              		@ args = 0, pretend = 0, frame = 0
 121              		@ frame_needed = 0, uses_anonymous_args = 0
 122              		@ link register save eliminated.
 123              	.L9:
 134:Src/stm32f4xx_it.c ****   /* USER CODE BEGIN UsageFault_IRQn 0 */
 135:Src/stm32f4xx_it.c **** 
 136:Src/stm32f4xx_it.c ****   /* USER CODE END UsageFault_IRQn 0 */
 137:Src/stm32f4xx_it.c ****   while (1)
 124              		.loc 1 137 3 discriminator 1 view .LVU15
 138:Src/stm32f4xx_it.c ****   {
 139:Src/stm32f4xx_it.c ****     /* USER CODE BEGIN W1_UsageFault_IRQn 0 */
 140:Src/stm32f4xx_it.c ****     /* USER CODE END W1_UsageFault_IRQn 0 */
 141:Src/stm32f4xx_it.c ****   }
 125              		.loc 1 141 3 discriminator 1 view .LVU16
 137:Src/stm32f4xx_it.c ****   {
 126              		.loc 1 137 9 discriminator 1 view .LVU17
 127 0000 FEE7     		b	.L9
 128              		.cfi_endproc
 129              	.LFE134:
 131              		.section	.text.DebugMon_Handler,"ax",%progbits
 132              		.align	1
 133              		.global	DebugMon_Handler
 134              		.syntax unified
 135              		.thumb
 136              		.thumb_func
 138              	DebugMon_Handler:
 139              	.LFB135:
 142:Src/stm32f4xx_it.c **** }
 143:Src/stm32f4xx_it.c **** 
 144:Src/stm32f4xx_it.c **** /**
 145:Src/stm32f4xx_it.c ****   * @brief This function handles Debug monitor.
 146:Src/stm32f4xx_it.c ****   */
 147:Src/stm32f4xx_it.c **** void DebugMon_Handler(void)
 148:Src/stm32f4xx_it.c **** {
 140              		.loc 1 148 1 view -0
 141              		.cfi_startproc
 142              		@ args = 0, pretend = 0, frame = 0
 143              		@ frame_needed = 0, uses_anonymous_args = 0
 144              		@ link register save eliminated.
ARM GAS  /tmp/ccIUgbia.s 			page 6


 149:Src/stm32f4xx_it.c ****   /* USER CODE BEGIN DebugMonitor_IRQn 0 */
 150:Src/stm32f4xx_it.c **** 
 151:Src/stm32f4xx_it.c ****   /* USER CODE END DebugMonitor_IRQn 0 */
 152:Src/stm32f4xx_it.c ****   /* USER CODE BEGIN DebugMonitor_IRQn 1 */
 153:Src/stm32f4xx_it.c **** 
 154:Src/stm32f4xx_it.c ****   /* USER CODE END DebugMonitor_IRQn 1 */
 155:Src/stm32f4xx_it.c **** }
 145              		.loc 1 155 1 view .LVU19
 146 0000 7047     		bx	lr
 147              		.cfi_endproc
 148              	.LFE135:
 150              		.section	.text.TIM6_DAC_IRQHandler,"ax",%progbits
 151              		.align	1
 152              		.global	TIM6_DAC_IRQHandler
 153              		.syntax unified
 154              		.thumb
 155              		.thumb_func
 157              	TIM6_DAC_IRQHandler:
 158              	.LFB136:
 156:Src/stm32f4xx_it.c **** 
 157:Src/stm32f4xx_it.c **** /******************************************************************************/
 158:Src/stm32f4xx_it.c **** /* STM32F4xx Peripheral Interrupt Handlers                                    */
 159:Src/stm32f4xx_it.c **** /* Add here the Interrupt Handlers for the used peripherals.                  */
 160:Src/stm32f4xx_it.c **** /* For the available peripheral interrupt handler names,                      */
 161:Src/stm32f4xx_it.c **** /* please refer to the startup file (startup_stm32f4xx.s).                    */
 162:Src/stm32f4xx_it.c **** /******************************************************************************/
 163:Src/stm32f4xx_it.c **** 
 164:Src/stm32f4xx_it.c **** /**
 165:Src/stm32f4xx_it.c ****   * @brief This function handles TIM6 global interrupt, DAC1 and DAC2 underrun error interrupts.
 166:Src/stm32f4xx_it.c ****   */
 167:Src/stm32f4xx_it.c **** void TIM6_DAC_IRQHandler(void)
 168:Src/stm32f4xx_it.c **** {
 159              		.loc 1 168 1 view -0
 160              		.cfi_startproc
 161              		@ args = 0, pretend = 0, frame = 0
 162              		@ frame_needed = 0, uses_anonymous_args = 0
 163 0000 08B5     		push	{r3, lr}
 164              	.LCFI0:
 165              		.cfi_def_cfa_offset 8
 166              		.cfi_offset 3, -8
 167              		.cfi_offset 14, -4
 169:Src/stm32f4xx_it.c ****   /* USER CODE BEGIN TIM6_DAC_IRQn 0 */
 170:Src/stm32f4xx_it.c **** 
 171:Src/stm32f4xx_it.c ****   /* USER CODE END TIM6_DAC_IRQn 0 */
 172:Src/stm32f4xx_it.c ****   HAL_TIM_IRQHandler(&htim6);
 168              		.loc 1 172 3 view .LVU21
 169 0002 0248     		ldr	r0, .L13
 170 0004 FFF7FEFF 		bl	HAL_TIM_IRQHandler
 171              	.LVL0:
 173:Src/stm32f4xx_it.c ****   /* USER CODE BEGIN TIM6_DAC_IRQn 1 */
 174:Src/stm32f4xx_it.c **** 
 175:Src/stm32f4xx_it.c ****   /* USER CODE END TIM6_DAC_IRQn 1 */
 176:Src/stm32f4xx_it.c **** }
 172              		.loc 1 176 1 is_stmt 0 view .LVU22
 173 0008 08BD     		pop	{r3, pc}
 174              	.L14:
 175 000a 00BF     		.align	2
ARM GAS  /tmp/ccIUgbia.s 			page 7


 176              	.L13:
 177 000c 00000000 		.word	htim6
 178              		.cfi_endproc
 179              	.LFE136:
 181              		.section	.text.OTG_HS_IRQHandler,"ax",%progbits
 182              		.align	1
 183              		.global	OTG_HS_IRQHandler
 184              		.syntax unified
 185              		.thumb
 186              		.thumb_func
 188              	OTG_HS_IRQHandler:
 189              	.LFB137:
 177:Src/stm32f4xx_it.c **** 
 178:Src/stm32f4xx_it.c **** /**
 179:Src/stm32f4xx_it.c ****   * @brief This function handles USB On The Go HS global interrupt.
 180:Src/stm32f4xx_it.c ****   */
 181:Src/stm32f4xx_it.c **** void OTG_HS_IRQHandler(void)
 182:Src/stm32f4xx_it.c **** {
 190              		.loc 1 182 1 is_stmt 1 view -0
 191              		.cfi_startproc
 192              		@ args = 0, pretend = 0, frame = 0
 193              		@ frame_needed = 0, uses_anonymous_args = 0
 194 0000 08B5     		push	{r3, lr}
 195              	.LCFI1:
 196              		.cfi_def_cfa_offset 8
 197              		.cfi_offset 3, -8
 198              		.cfi_offset 14, -4
 183:Src/stm32f4xx_it.c ****   /* USER CODE BEGIN OTG_HS_IRQn 0 */
 184:Src/stm32f4xx_it.c **** 
 185:Src/stm32f4xx_it.c ****   /* USER CODE END OTG_HS_IRQn 0 */
 186:Src/stm32f4xx_it.c ****   HAL_HCD_IRQHandler(&hhcd_USB_OTG_HS);
 199              		.loc 1 186 3 view .LVU24
 200 0002 0248     		ldr	r0, .L17
 201 0004 FFF7FEFF 		bl	HAL_HCD_IRQHandler
 202              	.LVL1:
 187:Src/stm32f4xx_it.c ****   /* USER CODE BEGIN OTG_HS_IRQn 1 */
 188:Src/stm32f4xx_it.c **** 
 189:Src/stm32f4xx_it.c ****   /* USER CODE END OTG_HS_IRQn 1 */
 190:Src/stm32f4xx_it.c **** }
 203              		.loc 1 190 1 is_stmt 0 view .LVU25
 204 0008 08BD     		pop	{r3, pc}
 205              	.L18:
 206 000a 00BF     		.align	2
 207              	.L17:
 208 000c 00000000 		.word	hhcd_USB_OTG_HS
 209              		.cfi_endproc
 210              	.LFE137:
 212              		.section	.text.LTDC_IRQHandler,"ax",%progbits
 213              		.align	1
 214              		.global	LTDC_IRQHandler
 215              		.syntax unified
 216              		.thumb
 217              		.thumb_func
 219              	LTDC_IRQHandler:
 220              	.LFB138:
 191:Src/stm32f4xx_it.c **** 
 192:Src/stm32f4xx_it.c **** /**
ARM GAS  /tmp/ccIUgbia.s 			page 8


 193:Src/stm32f4xx_it.c ****   * @brief This function handles LTDC global interrupt.
 194:Src/stm32f4xx_it.c ****   */
 195:Src/stm32f4xx_it.c **** void LTDC_IRQHandler(void)
 196:Src/stm32f4xx_it.c **** {
 221              		.loc 1 196 1 is_stmt 1 view -0
 222              		.cfi_startproc
 223              		@ args = 0, pretend = 0, frame = 0
 224              		@ frame_needed = 0, uses_anonymous_args = 0
 225 0000 08B5     		push	{r3, lr}
 226              	.LCFI2:
 227              		.cfi_def_cfa_offset 8
 228              		.cfi_offset 3, -8
 229              		.cfi_offset 14, -4
 197:Src/stm32f4xx_it.c ****   /* USER CODE BEGIN LTDC_IRQn 0 */
 198:Src/stm32f4xx_it.c **** 
 199:Src/stm32f4xx_it.c ****   /* USER CODE END LTDC_IRQn 0 */
 200:Src/stm32f4xx_it.c ****   HAL_LTDC_IRQHandler(&hltdc);
 230              		.loc 1 200 3 view .LVU27
 231 0002 0248     		ldr	r0, .L21
 232 0004 FFF7FEFF 		bl	HAL_LTDC_IRQHandler
 233              	.LVL2:
 201:Src/stm32f4xx_it.c ****   /* USER CODE BEGIN LTDC_IRQn 1 */
 202:Src/stm32f4xx_it.c **** 
 203:Src/stm32f4xx_it.c ****   /* USER CODE END LTDC_IRQn 1 */
 204:Src/stm32f4xx_it.c **** }
 234              		.loc 1 204 1 is_stmt 0 view .LVU28
 235 0008 08BD     		pop	{r3, pc}
 236              	.L22:
 237 000a 00BF     		.align	2
 238              	.L21:
 239 000c 00000000 		.word	hltdc
 240              		.cfi_endproc
 241              	.LFE138:
 243              		.section	.text.DMA2D_IRQHandler,"ax",%progbits
 244              		.align	1
 245              		.global	DMA2D_IRQHandler
 246              		.syntax unified
 247              		.thumb
 248              		.thumb_func
 250              	DMA2D_IRQHandler:
 251              	.LFB139:
 205:Src/stm32f4xx_it.c **** 
 206:Src/stm32f4xx_it.c **** /**
 207:Src/stm32f4xx_it.c ****   * @brief This function handles DMA2D global interrupt.
 208:Src/stm32f4xx_it.c ****   */
 209:Src/stm32f4xx_it.c **** void DMA2D_IRQHandler(void)
 210:Src/stm32f4xx_it.c **** {
 252              		.loc 1 210 1 is_stmt 1 view -0
 253              		.cfi_startproc
 254              		@ args = 0, pretend = 0, frame = 0
 255              		@ frame_needed = 0, uses_anonymous_args = 0
 256 0000 08B5     		push	{r3, lr}
 257              	.LCFI3:
 258              		.cfi_def_cfa_offset 8
 259              		.cfi_offset 3, -8
 260              		.cfi_offset 14, -4
 211:Src/stm32f4xx_it.c ****   /* USER CODE BEGIN DMA2D_IRQn 0 */
ARM GAS  /tmp/ccIUgbia.s 			page 9


 212:Src/stm32f4xx_it.c **** 
 213:Src/stm32f4xx_it.c ****   /* USER CODE END DMA2D_IRQn 0 */
 214:Src/stm32f4xx_it.c ****   HAL_DMA2D_IRQHandler(&hdma2d);
 261              		.loc 1 214 3 view .LVU30
 262 0002 0248     		ldr	r0, .L25
 263 0004 FFF7FEFF 		bl	HAL_DMA2D_IRQHandler
 264              	.LVL3:
 215:Src/stm32f4xx_it.c ****   /* USER CODE BEGIN DMA2D_IRQn 1 */
 216:Src/stm32f4xx_it.c **** 
 217:Src/stm32f4xx_it.c ****   /* USER CODE END DMA2D_IRQn 1 */
 218:Src/stm32f4xx_it.c **** }
 265              		.loc 1 218 1 is_stmt 0 view .LVU31
 266 0008 08BD     		pop	{r3, pc}
 267              	.L26:
 268 000a 00BF     		.align	2
 269              	.L25:
 270 000c 00000000 		.word	hdma2d
 271              		.cfi_endproc
 272              	.LFE139:
 274              		.text
 275              	.Letext0:
 276              		.file 2 "/home/irfan/Desktop/arm/gcc-arm-none-eabi-10.3-2021.10-x86_64-linux/gcc-arm-none-eabi-10.
 277              		.file 3 "/home/irfan/Desktop/arm/gcc-arm-none-eabi-10.3-2021.10-x86_64-linux/gcc-arm-none-eabi-10.
 278              		.file 4 "Drivers/CMSIS/Device/ST/STM32F4xx/Include/stm32f429xx.h"
 279              		.file 5 "Drivers/STM32F4xx_HAL_Driver/Inc/stm32f4xx_hal_def.h"
 280              		.file 6 "Drivers/STM32F4xx_HAL_Driver/Inc/stm32f4xx_hal_dma.h"
 281              		.file 7 "Drivers/STM32F4xx_HAL_Driver/Inc/stm32f4xx_hal_dma2d.h"
 282              		.file 8 "Drivers/STM32F4xx_HAL_Driver/Inc/stm32f4xx_hal_ltdc.h"
 283              		.file 9 "Drivers/STM32F4xx_HAL_Driver/Inc/stm32f4xx_hal_tim.h"
 284              		.file 10 "Drivers/STM32F4xx_HAL_Driver/Inc/stm32f4xx_ll_usb.h"
 285              		.file 11 "Drivers/STM32F4xx_HAL_Driver/Inc/stm32f4xx_hal_hcd.h"
ARM GAS  /tmp/ccIUgbia.s 			page 10


DEFINED SYMBOLS
                            *ABS*:0000000000000000 stm32f4xx_it.c
     /tmp/ccIUgbia.s:20     .text.NMI_Handler:0000000000000000 $t
     /tmp/ccIUgbia.s:26     .text.NMI_Handler:0000000000000000 NMI_Handler
     /tmp/ccIUgbia.s:40     .text.HardFault_Handler:0000000000000000 $t
     /tmp/ccIUgbia.s:46     .text.HardFault_Handler:0000000000000000 HardFault_Handler
     /tmp/ccIUgbia.s:63     .text.MemManage_Handler:0000000000000000 $t
     /tmp/ccIUgbia.s:69     .text.MemManage_Handler:0000000000000000 MemManage_Handler
     /tmp/ccIUgbia.s:86     .text.BusFault_Handler:0000000000000000 $t
     /tmp/ccIUgbia.s:92     .text.BusFault_Handler:0000000000000000 BusFault_Handler
     /tmp/ccIUgbia.s:109    .text.UsageFault_Handler:0000000000000000 $t
     /tmp/ccIUgbia.s:115    .text.UsageFault_Handler:0000000000000000 UsageFault_Handler
     /tmp/ccIUgbia.s:132    .text.DebugMon_Handler:0000000000000000 $t
     /tmp/ccIUgbia.s:138    .text.DebugMon_Handler:0000000000000000 DebugMon_Handler
     /tmp/ccIUgbia.s:151    .text.TIM6_DAC_IRQHandler:0000000000000000 $t
     /tmp/ccIUgbia.s:157    .text.TIM6_DAC_IRQHandler:0000000000000000 TIM6_DAC_IRQHandler
     /tmp/ccIUgbia.s:177    .text.TIM6_DAC_IRQHandler:000000000000000c $d
     /tmp/ccIUgbia.s:182    .text.OTG_HS_IRQHandler:0000000000000000 $t
     /tmp/ccIUgbia.s:188    .text.OTG_HS_IRQHandler:0000000000000000 OTG_HS_IRQHandler
     /tmp/ccIUgbia.s:208    .text.OTG_HS_IRQHandler:000000000000000c $d
     /tmp/ccIUgbia.s:213    .text.LTDC_IRQHandler:0000000000000000 $t
     /tmp/ccIUgbia.s:219    .text.LTDC_IRQHandler:0000000000000000 LTDC_IRQHandler
     /tmp/ccIUgbia.s:239    .text.LTDC_IRQHandler:000000000000000c $d
     /tmp/ccIUgbia.s:244    .text.DMA2D_IRQHandler:0000000000000000 $t
     /tmp/ccIUgbia.s:250    .text.DMA2D_IRQHandler:0000000000000000 DMA2D_IRQHandler
     /tmp/ccIUgbia.s:270    .text.DMA2D_IRQHandler:000000000000000c $d

UNDEFINED SYMBOLS
HAL_TIM_IRQHandler
htim6
HAL_HCD_IRQHandler
hhcd_USB_OTG_HS
HAL_LTDC_IRQHandler
hltdc
HAL_DMA2D_IRQHandler
hdma2d
