ARM GAS  /tmp/cc9KAgDf.s 			page 1


   1              		.cpu cortex-m4
   2              		.arch armv7e-m
   3              		.fpu fpv4-sp-d16
   4              		.eabi_attribute 27, 1
   5              		.eabi_attribute 28, 1
   6              		.eabi_attribute 20, 1
   7              		.eabi_attribute 21, 1
   8              		.eabi_attribute 23, 3
   9              		.eabi_attribute 24, 1
  10              		.eabi_attribute 25, 1
  11              		.eabi_attribute 26, 1
  12              		.eabi_attribute 30, 1
  13              		.eabi_attribute 34, 1
  14              		.eabi_attribute 18, 4
  15              		.file	"usb_host.c"
  16              		.text
  17              	.Ltext0:
  18              		.cfi_sections	.debug_frame
  19              		.section	.text.USBH_UserProcess,"ax",%progbits
  20              		.align	1
  21              		.syntax unified
  22              		.thumb
  23              		.thumb_func
  25              	USBH_UserProcess:
  26              	.LVL0:
  27              	.LFB139:
  28              		.file 1 "Src/usb_host.c"
   1:Src/usb_host.c **** /* USER CODE BEGIN Header */
   2:Src/usb_host.c **** /**
   3:Src/usb_host.c ****   ******************************************************************************
   4:Src/usb_host.c ****   * @file            : usb_host.c
   5:Src/usb_host.c ****   * @version         : v1.0_Cube
   6:Src/usb_host.c ****   * @brief           : This file implements the USB Host
   7:Src/usb_host.c ****   ******************************************************************************
   8:Src/usb_host.c ****   * @attention
   9:Src/usb_host.c ****   *
  10:Src/usb_host.c ****   * <h2><center>&copy; Copyright (c) 2019 STMicroelectronics.
  11:Src/usb_host.c ****   * All rights reserved.</center></h2>
  12:Src/usb_host.c ****   *
  13:Src/usb_host.c ****   * This software component is licensed by ST under Ultimate Liberty license
  14:Src/usb_host.c ****   * SLA0044, the "License"; You may not use this file except in compliance with
  15:Src/usb_host.c ****   * the License. You may obtain a copy of the License at:
  16:Src/usb_host.c ****   *                             www.st.com/SLA0044
  17:Src/usb_host.c ****   *
  18:Src/usb_host.c ****   ******************************************************************************
  19:Src/usb_host.c ****   */
  20:Src/usb_host.c **** /* USER CODE END Header */
  21:Src/usb_host.c **** 
  22:Src/usb_host.c **** /* Includes ------------------------------------------------------------------*/
  23:Src/usb_host.c **** 
  24:Src/usb_host.c **** #include "usb_host.h"
  25:Src/usb_host.c **** #include "usbh_core.h"
  26:Src/usb_host.c **** #include "usbh_cdc.h"
  27:Src/usb_host.c **** 
  28:Src/usb_host.c **** /* USER CODE BEGIN Includes */
  29:Src/usb_host.c **** 
  30:Src/usb_host.c **** /* USER CODE END Includes */
ARM GAS  /tmp/cc9KAgDf.s 			page 2


  31:Src/usb_host.c **** 
  32:Src/usb_host.c **** /* USER CODE BEGIN PV */
  33:Src/usb_host.c **** /* Private variables ---------------------------------------------------------*/
  34:Src/usb_host.c **** 
  35:Src/usb_host.c **** /* USER CODE END PV */
  36:Src/usb_host.c **** 
  37:Src/usb_host.c **** /* USER CODE BEGIN PFP */
  38:Src/usb_host.c **** /* Private function prototypes -----------------------------------------------*/
  39:Src/usb_host.c **** 
  40:Src/usb_host.c **** /* USER CODE END PFP */
  41:Src/usb_host.c **** 
  42:Src/usb_host.c **** /* USB Host core handle declaration */
  43:Src/usb_host.c **** USBH_HandleTypeDef hUsbHostHS;
  44:Src/usb_host.c **** ApplicationTypeDef Appli_state = APPLICATION_IDLE;
  45:Src/usb_host.c **** 
  46:Src/usb_host.c **** /*
  47:Src/usb_host.c ****  * -- Insert your variables declaration here --
  48:Src/usb_host.c ****  */
  49:Src/usb_host.c **** /* USER CODE BEGIN 0 */
  50:Src/usb_host.c **** 
  51:Src/usb_host.c **** /* USER CODE END 0 */
  52:Src/usb_host.c **** 
  53:Src/usb_host.c **** /*
  54:Src/usb_host.c ****  * user callback declaration
  55:Src/usb_host.c ****  */
  56:Src/usb_host.c **** static void USBH_UserProcess(USBH_HandleTypeDef *phost, uint8_t id);
  57:Src/usb_host.c **** 
  58:Src/usb_host.c **** /*
  59:Src/usb_host.c ****  * -- Insert your external function declaration here --
  60:Src/usb_host.c ****  */
  61:Src/usb_host.c **** /* USER CODE BEGIN 1 */
  62:Src/usb_host.c **** 
  63:Src/usb_host.c **** /* USER CODE END 1 */
  64:Src/usb_host.c **** 
  65:Src/usb_host.c **** /**
  66:Src/usb_host.c ****   * Init USB host library, add supported class and start the library
  67:Src/usb_host.c ****   * @retval None
  68:Src/usb_host.c ****   */
  69:Src/usb_host.c **** void MX_USB_HOST_Init(void)
  70:Src/usb_host.c **** {
  71:Src/usb_host.c ****   /* USER CODE BEGIN USB_HOST_Init_PreTreatment */
  72:Src/usb_host.c ****   
  73:Src/usb_host.c ****   /* USER CODE END USB_HOST_Init_PreTreatment */
  74:Src/usb_host.c **** 
  75:Src/usb_host.c ****   /* Init host Library, add supported class and start the library. */
  76:Src/usb_host.c ****   if (USBH_Init(&hUsbHostHS, USBH_UserProcess, HOST_HS) != USBH_OK)
  77:Src/usb_host.c ****   {
  78:Src/usb_host.c ****     Error_Handler();
  79:Src/usb_host.c ****   }
  80:Src/usb_host.c ****   if (USBH_RegisterClass(&hUsbHostHS, USBH_CDC_CLASS) != USBH_OK)
  81:Src/usb_host.c ****   {
  82:Src/usb_host.c ****     Error_Handler();
  83:Src/usb_host.c ****   }
  84:Src/usb_host.c ****   if (USBH_Start(&hUsbHostHS) != USBH_OK)
  85:Src/usb_host.c ****   {
  86:Src/usb_host.c ****     Error_Handler();
  87:Src/usb_host.c ****   }
ARM GAS  /tmp/cc9KAgDf.s 			page 3


  88:Src/usb_host.c ****   /* USER CODE BEGIN USB_HOST_Init_PostTreatment */
  89:Src/usb_host.c ****   
  90:Src/usb_host.c ****   /* USER CODE END USB_HOST_Init_PostTreatment */
  91:Src/usb_host.c **** }
  92:Src/usb_host.c **** 
  93:Src/usb_host.c **** /*
  94:Src/usb_host.c ****  * user callback definition
  95:Src/usb_host.c ****  */
  96:Src/usb_host.c **** static void USBH_UserProcess  (USBH_HandleTypeDef *phost, uint8_t id)
  97:Src/usb_host.c **** {
  29              		.loc 1 97 1 view -0
  30              		.cfi_startproc
  31              		@ args = 0, pretend = 0, frame = 0
  32              		@ frame_needed = 0, uses_anonymous_args = 0
  33              		@ link register save eliminated.
  98:Src/usb_host.c ****   /* USER CODE BEGIN CALL_BACK_1 */
  99:Src/usb_host.c ****   switch(id)
  34              		.loc 1 99 3 view .LVU1
  35 0000 0429     		cmp	r1, #4
  36 0002 0CD0     		beq	.L2
  37 0004 0529     		cmp	r1, #5
  38 0006 02D0     		beq	.L3
  39 0008 0229     		cmp	r1, #2
  40 000a 04D0     		beq	.L6
  41              	.L1:
 100:Src/usb_host.c ****   {
 101:Src/usb_host.c ****   case HOST_USER_SELECT_CONFIGURATION:
 102:Src/usb_host.c ****   break;
 103:Src/usb_host.c **** 
 104:Src/usb_host.c ****   case HOST_USER_DISCONNECTION:
 105:Src/usb_host.c ****   Appli_state = APPLICATION_DISCONNECT;
 106:Src/usb_host.c ****   break;
 107:Src/usb_host.c **** 
 108:Src/usb_host.c ****   case HOST_USER_CLASS_ACTIVE:
 109:Src/usb_host.c ****   Appli_state = APPLICATION_READY;
 110:Src/usb_host.c ****   break;
 111:Src/usb_host.c **** 
 112:Src/usb_host.c ****   case HOST_USER_CONNECTION:
 113:Src/usb_host.c ****   Appli_state = APPLICATION_START;
 114:Src/usb_host.c ****   break;
 115:Src/usb_host.c **** 
 116:Src/usb_host.c ****   default:
 117:Src/usb_host.c ****   break;
 118:Src/usb_host.c ****   }
 119:Src/usb_host.c ****   /* USER CODE END CALL_BACK_1 */
 120:Src/usb_host.c **** }
  42              		.loc 1 120 1 is_stmt 0 view .LVU2
  43 000c 7047     		bx	lr
  44              	.L3:
 105:Src/usb_host.c ****   break;
  45              		.loc 1 105 3 is_stmt 1 view .LVU3
 105:Src/usb_host.c ****   break;
  46              		.loc 1 105 15 is_stmt 0 view .LVU4
  47 000e 064B     		ldr	r3, .L7
  48 0010 0322     		movs	r2, #3
  49 0012 1A70     		strb	r2, [r3]
 106:Src/usb_host.c **** 
ARM GAS  /tmp/cc9KAgDf.s 			page 4


  50              		.loc 1 106 3 is_stmt 1 view .LVU5
  51 0014 7047     		bx	lr
  52              	.L6:
 109:Src/usb_host.c ****   break;
  53              		.loc 1 109 3 view .LVU6
 109:Src/usb_host.c ****   break;
  54              		.loc 1 109 15 is_stmt 0 view .LVU7
  55 0016 044B     		ldr	r3, .L7
  56 0018 0222     		movs	r2, #2
  57 001a 1A70     		strb	r2, [r3]
 110:Src/usb_host.c **** 
  58              		.loc 1 110 3 is_stmt 1 view .LVU8
  59 001c 7047     		bx	lr
  60              	.L2:
 113:Src/usb_host.c ****   break;
  61              		.loc 1 113 3 view .LVU9
 113:Src/usb_host.c ****   break;
  62              		.loc 1 113 15 is_stmt 0 view .LVU10
  63 001e 024B     		ldr	r3, .L7
  64 0020 0122     		movs	r2, #1
  65 0022 1A70     		strb	r2, [r3]
 114:Src/usb_host.c **** 
  66              		.loc 1 114 3 is_stmt 1 view .LVU11
  67              		.loc 1 120 1 is_stmt 0 view .LVU12
  68 0024 F2E7     		b	.L1
  69              	.L8:
  70 0026 00BF     		.align	2
  71              	.L7:
  72 0028 00000000 		.word	.LANCHOR0
  73              		.cfi_endproc
  74              	.LFE139:
  76              		.section	.text.MX_USB_HOST_Init,"ax",%progbits
  77              		.align	1
  78              		.global	MX_USB_HOST_Init
  79              		.syntax unified
  80              		.thumb
  81              		.thumb_func
  83              	MX_USB_HOST_Init:
  84              	.LFB138:
  70:Src/usb_host.c ****   /* USER CODE BEGIN USB_HOST_Init_PreTreatment */
  85              		.loc 1 70 1 is_stmt 1 view -0
  86              		.cfi_startproc
  87              		@ args = 0, pretend = 0, frame = 0
  88              		@ frame_needed = 0, uses_anonymous_args = 0
  89 0000 08B5     		push	{r3, lr}
  90              	.LCFI0:
  91              		.cfi_def_cfa_offset 8
  92              		.cfi_offset 3, -8
  93              		.cfi_offset 14, -4
  76:Src/usb_host.c ****   {
  94              		.loc 1 76 3 view .LVU14
  76:Src/usb_host.c ****   {
  95              		.loc 1 76 7 is_stmt 0 view .LVU15
  96 0002 0022     		movs	r2, #0
  97 0004 0B49     		ldr	r1, .L17
  98 0006 0C48     		ldr	r0, .L17+4
  99 0008 FFF7FEFF 		bl	USBH_Init
ARM GAS  /tmp/cc9KAgDf.s 			page 5


 100              	.LVL1:
  76:Src/usb_host.c ****   {
 101              		.loc 1 76 6 view .LVU16
 102 000c 48B9     		cbnz	r0, .L14
 103              	.L10:
  80:Src/usb_host.c ****   {
 104              		.loc 1 80 3 is_stmt 1 view .LVU17
  80:Src/usb_host.c ****   {
 105              		.loc 1 80 7 is_stmt 0 view .LVU18
 106 000e 0B49     		ldr	r1, .L17+8
 107 0010 0948     		ldr	r0, .L17+4
 108 0012 FFF7FEFF 		bl	USBH_RegisterClass
 109              	.LVL2:
  80:Src/usb_host.c ****   {
 110              		.loc 1 80 6 view .LVU19
 111 0016 38B9     		cbnz	r0, .L15
 112              	.L11:
  84:Src/usb_host.c ****   {
 113              		.loc 1 84 3 is_stmt 1 view .LVU20
  84:Src/usb_host.c ****   {
 114              		.loc 1 84 7 is_stmt 0 view .LVU21
 115 0018 0748     		ldr	r0, .L17+4
 116 001a FFF7FEFF 		bl	USBH_Start
 117              	.LVL3:
  84:Src/usb_host.c ****   {
 118              		.loc 1 84 6 view .LVU22
 119 001e 30B9     		cbnz	r0, .L16
 120              	.L9:
  91:Src/usb_host.c **** 
 121              		.loc 1 91 1 view .LVU23
 122 0020 08BD     		pop	{r3, pc}
 123              	.L14:
  78:Src/usb_host.c ****   }
 124              		.loc 1 78 5 is_stmt 1 view .LVU24
 125 0022 FFF7FEFF 		bl	Error_Handler
 126              	.LVL4:
 127 0026 F2E7     		b	.L10
 128              	.L15:
  82:Src/usb_host.c ****   }
 129              		.loc 1 82 5 view .LVU25
 130 0028 FFF7FEFF 		bl	Error_Handler
 131              	.LVL5:
 132 002c F4E7     		b	.L11
 133              	.L16:
  86:Src/usb_host.c ****   }
 134              		.loc 1 86 5 view .LVU26
 135 002e FFF7FEFF 		bl	Error_Handler
 136              	.LVL6:
  91:Src/usb_host.c **** 
 137              		.loc 1 91 1 is_stmt 0 view .LVU27
 138 0032 F5E7     		b	.L9
 139              	.L18:
 140              		.align	2
 141              	.L17:
 142 0034 00000000 		.word	USBH_UserProcess
 143 0038 00000000 		.word	.LANCHOR1
 144 003c 00000000 		.word	CDC_Class
ARM GAS  /tmp/cc9KAgDf.s 			page 6


 145              		.cfi_endproc
 146              	.LFE138:
 148              		.global	Appli_state
 149              		.global	hUsbHostHS
 150              		.section	.bss.Appli_state,"aw",%nobits
 151              		.set	.LANCHOR0,. + 0
 154              	Appli_state:
 155 0000 00       		.space	1
 156              		.section	.bss.hUsbHostHS,"aw",%nobits
 157              		.align	2
 158              		.set	.LANCHOR1,. + 0
 161              	hUsbHostHS:
 162 0000 00000000 		.space	996
 162      00000000 
 162      00000000 
 162      00000000 
 162      00000000 
 163              		.text
 164              	.Letext0:
 165              		.file 2 "/home/irfan/Desktop/arm/gcc-arm-none-eabi-10.3-2021.10-x86_64-linux/gcc-arm-none-eabi-10.
 166              		.file 3 "/home/irfan/Desktop/arm/gcc-arm-none-eabi-10.3-2021.10-x86_64-linux/gcc-arm-none-eabi-10.
 167              		.file 4 "Inc/usb_host.h"
 168              		.file 5 "Middlewares/Third_Party/FreeRTOS/Source/include/task.h"
 169              		.file 6 "Middlewares/Third_Party/FreeRTOS/Source/include/queue.h"
 170              		.file 7 "Middlewares/Third_Party/FreeRTOS/Source/CMSIS_RTOS/cmsis_os.h"
 171              		.file 8 "Middlewares/ST/STM32_USB_Host_Library/Core/Inc/usbh_def.h"
 172              		.file 9 "Middlewares/ST/STM32_USB_Host_Library/Class/CDC/Inc/usbh_cdc.h"
 173              		.file 10 "Middlewares/ST/STM32_USB_Host_Library/Core/Inc/usbh_core.h"
 174              		.file 11 "Inc/main.h"
ARM GAS  /tmp/cc9KAgDf.s 			page 7


DEFINED SYMBOLS
                            *ABS*:0000000000000000 usb_host.c
     /tmp/cc9KAgDf.s:20     .text.USBH_UserProcess:0000000000000000 $t
     /tmp/cc9KAgDf.s:25     .text.USBH_UserProcess:0000000000000000 USBH_UserProcess
     /tmp/cc9KAgDf.s:72     .text.USBH_UserProcess:0000000000000028 $d
     /tmp/cc9KAgDf.s:77     .text.MX_USB_HOST_Init:0000000000000000 $t
     /tmp/cc9KAgDf.s:83     .text.MX_USB_HOST_Init:0000000000000000 MX_USB_HOST_Init
     /tmp/cc9KAgDf.s:142    .text.MX_USB_HOST_Init:0000000000000034 $d
     /tmp/cc9KAgDf.s:154    .bss.Appli_state:0000000000000000 Appli_state
     /tmp/cc9KAgDf.s:161    .bss.hUsbHostHS:0000000000000000 hUsbHostHS
     /tmp/cc9KAgDf.s:155    .bss.Appli_state:0000000000000000 $d
     /tmp/cc9KAgDf.s:157    .bss.hUsbHostHS:0000000000000000 $d

UNDEFINED SYMBOLS
USBH_Init
USBH_RegisterClass
USBH_Start
Error_Handler
CDC_Class
