ARM GAS  /tmp/ccrZVEcJ.s 			page 1


   1              		.cpu cortex-m4
   2              		.arch armv7e-m
   3              		.fpu fpv4-sp-d16
   4              		.eabi_attribute 27, 1
   5              		.eabi_attribute 28, 1
   6              		.eabi_attribute 20, 1
   7              		.eabi_attribute 21, 1
   8              		.eabi_attribute 23, 3
   9              		.eabi_attribute 24, 1
  10              		.eabi_attribute 25, 1
  11              		.eabi_attribute 26, 1
  12              		.eabi_attribute 30, 1
  13              		.eabi_attribute 34, 1
  14              		.eabi_attribute 18, 4
  15              		.file	"usbh_ioreq.c"
  16              		.text
  17              	.Ltext0:
  18              		.cfi_sections	.debug_frame
  19              		.section	.text.USBH_CtlSendSetup,"ax",%progbits
  20              		.align	1
  21              		.global	USBH_CtlSendSetup
  22              		.syntax unified
  23              		.thumb
  24              		.thumb_func
  26              	USBH_CtlSendSetup:
  27              	.LVL0:
  28              	.LFB138:
  29              		.file 1 "Middlewares/ST/STM32_USB_Host_Library/Core/Src/usbh_ioreq.c"
   1:Middlewares/ST/STM32_USB_Host_Library/Core/Src/usbh_ioreq.c **** /**
   2:Middlewares/ST/STM32_USB_Host_Library/Core/Src/usbh_ioreq.c ****   ******************************************************************************
   3:Middlewares/ST/STM32_USB_Host_Library/Core/Src/usbh_ioreq.c ****   * @file    usbh_ioreq.c
   4:Middlewares/ST/STM32_USB_Host_Library/Core/Src/usbh_ioreq.c ****   * @author  MCD Application Team
   5:Middlewares/ST/STM32_USB_Host_Library/Core/Src/usbh_ioreq.c ****   * @brief   This file handles the issuing of the USB transactions
   6:Middlewares/ST/STM32_USB_Host_Library/Core/Src/usbh_ioreq.c ****   ******************************************************************************
   7:Middlewares/ST/STM32_USB_Host_Library/Core/Src/usbh_ioreq.c ****   * @attention
   8:Middlewares/ST/STM32_USB_Host_Library/Core/Src/usbh_ioreq.c ****   *
   9:Middlewares/ST/STM32_USB_Host_Library/Core/Src/usbh_ioreq.c ****   * <h2><center>&copy; Copyright (c) 2015 STMicroelectronics.
  10:Middlewares/ST/STM32_USB_Host_Library/Core/Src/usbh_ioreq.c ****   * All rights reserved.</center></h2>
  11:Middlewares/ST/STM32_USB_Host_Library/Core/Src/usbh_ioreq.c ****   *
  12:Middlewares/ST/STM32_USB_Host_Library/Core/Src/usbh_ioreq.c ****   * This software component is licensed by ST under Ultimate Liberty license
  13:Middlewares/ST/STM32_USB_Host_Library/Core/Src/usbh_ioreq.c ****   * SLA0044, the "License"; You may not use this file except in compliance with
  14:Middlewares/ST/STM32_USB_Host_Library/Core/Src/usbh_ioreq.c ****   * the License. You may obtain a copy of the License at:
  15:Middlewares/ST/STM32_USB_Host_Library/Core/Src/usbh_ioreq.c ****   *                      www.st.com/SLA0044
  16:Middlewares/ST/STM32_USB_Host_Library/Core/Src/usbh_ioreq.c ****   *
  17:Middlewares/ST/STM32_USB_Host_Library/Core/Src/usbh_ioreq.c ****   ******************************************************************************
  18:Middlewares/ST/STM32_USB_Host_Library/Core/Src/usbh_ioreq.c ****   */
  19:Middlewares/ST/STM32_USB_Host_Library/Core/Src/usbh_ioreq.c **** 
  20:Middlewares/ST/STM32_USB_Host_Library/Core/Src/usbh_ioreq.c **** /* Includes ------------------------------------------------------------------*/
  21:Middlewares/ST/STM32_USB_Host_Library/Core/Src/usbh_ioreq.c **** #include "usbh_ioreq.h"
  22:Middlewares/ST/STM32_USB_Host_Library/Core/Src/usbh_ioreq.c **** 
  23:Middlewares/ST/STM32_USB_Host_Library/Core/Src/usbh_ioreq.c **** /** @addtogroup USBH_LIB
  24:Middlewares/ST/STM32_USB_Host_Library/Core/Src/usbh_ioreq.c ****   * @{
  25:Middlewares/ST/STM32_USB_Host_Library/Core/Src/usbh_ioreq.c ****   */
  26:Middlewares/ST/STM32_USB_Host_Library/Core/Src/usbh_ioreq.c **** 
  27:Middlewares/ST/STM32_USB_Host_Library/Core/Src/usbh_ioreq.c **** /** @addtogroup USBH_LIB_CORE
  28:Middlewares/ST/STM32_USB_Host_Library/Core/Src/usbh_ioreq.c **** * @{
  29:Middlewares/ST/STM32_USB_Host_Library/Core/Src/usbh_ioreq.c **** */
ARM GAS  /tmp/ccrZVEcJ.s 			page 2


  30:Middlewares/ST/STM32_USB_Host_Library/Core/Src/usbh_ioreq.c **** 
  31:Middlewares/ST/STM32_USB_Host_Library/Core/Src/usbh_ioreq.c **** /** @defgroup USBH_IOREQ
  32:Middlewares/ST/STM32_USB_Host_Library/Core/Src/usbh_ioreq.c ****   * @brief This file handles the standard protocol processing (USB v2.0)
  33:Middlewares/ST/STM32_USB_Host_Library/Core/Src/usbh_ioreq.c ****   * @{
  34:Middlewares/ST/STM32_USB_Host_Library/Core/Src/usbh_ioreq.c ****   */
  35:Middlewares/ST/STM32_USB_Host_Library/Core/Src/usbh_ioreq.c **** 
  36:Middlewares/ST/STM32_USB_Host_Library/Core/Src/usbh_ioreq.c **** 
  37:Middlewares/ST/STM32_USB_Host_Library/Core/Src/usbh_ioreq.c **** /** @defgroup USBH_IOREQ_Private_Defines
  38:Middlewares/ST/STM32_USB_Host_Library/Core/Src/usbh_ioreq.c ****   * @{
  39:Middlewares/ST/STM32_USB_Host_Library/Core/Src/usbh_ioreq.c ****   */
  40:Middlewares/ST/STM32_USB_Host_Library/Core/Src/usbh_ioreq.c **** 
  41:Middlewares/ST/STM32_USB_Host_Library/Core/Src/usbh_ioreq.c **** /**
  42:Middlewares/ST/STM32_USB_Host_Library/Core/Src/usbh_ioreq.c ****   * @}
  43:Middlewares/ST/STM32_USB_Host_Library/Core/Src/usbh_ioreq.c ****   */
  44:Middlewares/ST/STM32_USB_Host_Library/Core/Src/usbh_ioreq.c **** 
  45:Middlewares/ST/STM32_USB_Host_Library/Core/Src/usbh_ioreq.c **** 
  46:Middlewares/ST/STM32_USB_Host_Library/Core/Src/usbh_ioreq.c **** /** @defgroup USBH_IOREQ_Private_TypesDefinitions
  47:Middlewares/ST/STM32_USB_Host_Library/Core/Src/usbh_ioreq.c ****   * @{
  48:Middlewares/ST/STM32_USB_Host_Library/Core/Src/usbh_ioreq.c ****   */
  49:Middlewares/ST/STM32_USB_Host_Library/Core/Src/usbh_ioreq.c **** /**
  50:Middlewares/ST/STM32_USB_Host_Library/Core/Src/usbh_ioreq.c ****   * @}
  51:Middlewares/ST/STM32_USB_Host_Library/Core/Src/usbh_ioreq.c ****   */
  52:Middlewares/ST/STM32_USB_Host_Library/Core/Src/usbh_ioreq.c **** 
  53:Middlewares/ST/STM32_USB_Host_Library/Core/Src/usbh_ioreq.c **** 
  54:Middlewares/ST/STM32_USB_Host_Library/Core/Src/usbh_ioreq.c **** 
  55:Middlewares/ST/STM32_USB_Host_Library/Core/Src/usbh_ioreq.c **** /** @defgroup USBH_IOREQ_Private_Macros
  56:Middlewares/ST/STM32_USB_Host_Library/Core/Src/usbh_ioreq.c ****   * @{
  57:Middlewares/ST/STM32_USB_Host_Library/Core/Src/usbh_ioreq.c ****   */
  58:Middlewares/ST/STM32_USB_Host_Library/Core/Src/usbh_ioreq.c **** /**
  59:Middlewares/ST/STM32_USB_Host_Library/Core/Src/usbh_ioreq.c ****   * @}
  60:Middlewares/ST/STM32_USB_Host_Library/Core/Src/usbh_ioreq.c ****   */
  61:Middlewares/ST/STM32_USB_Host_Library/Core/Src/usbh_ioreq.c **** 
  62:Middlewares/ST/STM32_USB_Host_Library/Core/Src/usbh_ioreq.c **** 
  63:Middlewares/ST/STM32_USB_Host_Library/Core/Src/usbh_ioreq.c **** /** @defgroup USBH_IOREQ_Private_Variables
  64:Middlewares/ST/STM32_USB_Host_Library/Core/Src/usbh_ioreq.c ****   * @{
  65:Middlewares/ST/STM32_USB_Host_Library/Core/Src/usbh_ioreq.c ****   */
  66:Middlewares/ST/STM32_USB_Host_Library/Core/Src/usbh_ioreq.c **** /**
  67:Middlewares/ST/STM32_USB_Host_Library/Core/Src/usbh_ioreq.c ****   * @}
  68:Middlewares/ST/STM32_USB_Host_Library/Core/Src/usbh_ioreq.c ****   */
  69:Middlewares/ST/STM32_USB_Host_Library/Core/Src/usbh_ioreq.c **** /** @defgroup USBH_IOREQ_Private_FunctionPrototypes
  70:Middlewares/ST/STM32_USB_Host_Library/Core/Src/usbh_ioreq.c ****   * @{
  71:Middlewares/ST/STM32_USB_Host_Library/Core/Src/usbh_ioreq.c ****   */
  72:Middlewares/ST/STM32_USB_Host_Library/Core/Src/usbh_ioreq.c **** 
  73:Middlewares/ST/STM32_USB_Host_Library/Core/Src/usbh_ioreq.c **** /**
  74:Middlewares/ST/STM32_USB_Host_Library/Core/Src/usbh_ioreq.c ****   * @}
  75:Middlewares/ST/STM32_USB_Host_Library/Core/Src/usbh_ioreq.c ****   */
  76:Middlewares/ST/STM32_USB_Host_Library/Core/Src/usbh_ioreq.c **** 
  77:Middlewares/ST/STM32_USB_Host_Library/Core/Src/usbh_ioreq.c **** 
  78:Middlewares/ST/STM32_USB_Host_Library/Core/Src/usbh_ioreq.c **** /** @defgroup USBH_IOREQ_Private_Functions
  79:Middlewares/ST/STM32_USB_Host_Library/Core/Src/usbh_ioreq.c ****   * @{
  80:Middlewares/ST/STM32_USB_Host_Library/Core/Src/usbh_ioreq.c ****   */
  81:Middlewares/ST/STM32_USB_Host_Library/Core/Src/usbh_ioreq.c **** 
  82:Middlewares/ST/STM32_USB_Host_Library/Core/Src/usbh_ioreq.c **** 
  83:Middlewares/ST/STM32_USB_Host_Library/Core/Src/usbh_ioreq.c **** 
  84:Middlewares/ST/STM32_USB_Host_Library/Core/Src/usbh_ioreq.c **** /**
  85:Middlewares/ST/STM32_USB_Host_Library/Core/Src/usbh_ioreq.c ****   * @brief  USBH_CtlSendSetup
  86:Middlewares/ST/STM32_USB_Host_Library/Core/Src/usbh_ioreq.c ****   *         Sends the Setup Packet to the Device
ARM GAS  /tmp/ccrZVEcJ.s 			page 3


  87:Middlewares/ST/STM32_USB_Host_Library/Core/Src/usbh_ioreq.c ****   * @param  phost: Host Handle
  88:Middlewares/ST/STM32_USB_Host_Library/Core/Src/usbh_ioreq.c ****   * @param  buff: Buffer pointer from which the Data will be send to Device
  89:Middlewares/ST/STM32_USB_Host_Library/Core/Src/usbh_ioreq.c ****   * @param  pipe_num: Pipe Number
  90:Middlewares/ST/STM32_USB_Host_Library/Core/Src/usbh_ioreq.c ****   * @retval USBH Status
  91:Middlewares/ST/STM32_USB_Host_Library/Core/Src/usbh_ioreq.c ****   */
  92:Middlewares/ST/STM32_USB_Host_Library/Core/Src/usbh_ioreq.c **** USBH_StatusTypeDef USBH_CtlSendSetup(USBH_HandleTypeDef *phost,
  93:Middlewares/ST/STM32_USB_Host_Library/Core/Src/usbh_ioreq.c ****                                      uint8_t *buff,
  94:Middlewares/ST/STM32_USB_Host_Library/Core/Src/usbh_ioreq.c ****                                      uint8_t pipe_num)
  95:Middlewares/ST/STM32_USB_Host_Library/Core/Src/usbh_ioreq.c **** {
  30              		.loc 1 95 1 view -0
  31              		.cfi_startproc
  32              		@ args = 0, pretend = 0, frame = 0
  33              		@ frame_needed = 0, uses_anonymous_args = 0
  34              		.loc 1 95 1 is_stmt 0 view .LVU1
  35 0000 10B5     		push	{r4, lr}
  36              	.LCFI0:
  37              		.cfi_def_cfa_offset 8
  38              		.cfi_offset 4, -8
  39              		.cfi_offset 14, -4
  40 0002 84B0     		sub	sp, sp, #16
  41              	.LCFI1:
  42              		.cfi_def_cfa_offset 24
  43 0004 0B46     		mov	r3, r1
  44 0006 1146     		mov	r1, r2
  45              	.LVL1:
  96:Middlewares/ST/STM32_USB_Host_Library/Core/Src/usbh_ioreq.c **** 
  97:Middlewares/ST/STM32_USB_Host_Library/Core/Src/usbh_ioreq.c ****   USBH_LL_SubmitURB(phost,                      /* Driver handle    */
  46              		.loc 1 97 3 is_stmt 1 view .LVU2
  47 0008 0024     		movs	r4, #0
  48 000a 0394     		str	r4, [sp, #12]
  49 000c 0822     		movs	r2, #8
  50              	.LVL2:
  51              		.loc 1 97 3 is_stmt 0 view .LVU3
  52 000e 0292     		str	r2, [sp, #8]
  53 0010 0193     		str	r3, [sp, #4]
  54 0012 0094     		str	r4, [sp]
  55 0014 2346     		mov	r3, r4
  56              	.LVL3:
  57              		.loc 1 97 3 view .LVU4
  58 0016 2246     		mov	r2, r4
  59 0018 FFF7FEFF 		bl	USBH_LL_SubmitURB
  60              	.LVL4:
  98:Middlewares/ST/STM32_USB_Host_Library/Core/Src/usbh_ioreq.c ****                     pipe_num,             /* Pipe index       */
  99:Middlewares/ST/STM32_USB_Host_Library/Core/Src/usbh_ioreq.c ****                     0U,                    /* Direction : OUT  */
 100:Middlewares/ST/STM32_USB_Host_Library/Core/Src/usbh_ioreq.c ****                     USBH_EP_CONTROL,      /* EP type          */
 101:Middlewares/ST/STM32_USB_Host_Library/Core/Src/usbh_ioreq.c ****                     USBH_PID_SETUP,       /* Type setup       */
 102:Middlewares/ST/STM32_USB_Host_Library/Core/Src/usbh_ioreq.c ****                     buff,                 /* data buffer      */
 103:Middlewares/ST/STM32_USB_Host_Library/Core/Src/usbh_ioreq.c ****                     USBH_SETUP_PKT_SIZE,  /* data length      */
 104:Middlewares/ST/STM32_USB_Host_Library/Core/Src/usbh_ioreq.c ****                     0U);
 105:Middlewares/ST/STM32_USB_Host_Library/Core/Src/usbh_ioreq.c ****   return USBH_OK;
  61              		.loc 1 105 3 is_stmt 1 view .LVU5
 106:Middlewares/ST/STM32_USB_Host_Library/Core/Src/usbh_ioreq.c **** }
  62              		.loc 1 106 1 is_stmt 0 view .LVU6
  63 001c 2046     		mov	r0, r4
  64 001e 04B0     		add	sp, sp, #16
  65              	.LCFI2:
  66              		.cfi_def_cfa_offset 8
ARM GAS  /tmp/ccrZVEcJ.s 			page 4


  67              		@ sp needed
  68 0020 10BD     		pop	{r4, pc}
  69              		.cfi_endproc
  70              	.LFE138:
  72              		.section	.text.USBH_CtlSendData,"ax",%progbits
  73              		.align	1
  74              		.global	USBH_CtlSendData
  75              		.syntax unified
  76              		.thumb
  77              		.thumb_func
  79              	USBH_CtlSendData:
  80              	.LVL5:
  81              	.LFB139:
 107:Middlewares/ST/STM32_USB_Host_Library/Core/Src/usbh_ioreq.c **** 
 108:Middlewares/ST/STM32_USB_Host_Library/Core/Src/usbh_ioreq.c **** 
 109:Middlewares/ST/STM32_USB_Host_Library/Core/Src/usbh_ioreq.c **** /**
 110:Middlewares/ST/STM32_USB_Host_Library/Core/Src/usbh_ioreq.c ****   * @brief  USBH_CtlSendData
 111:Middlewares/ST/STM32_USB_Host_Library/Core/Src/usbh_ioreq.c ****   *         Sends a data Packet to the Device
 112:Middlewares/ST/STM32_USB_Host_Library/Core/Src/usbh_ioreq.c ****   * @param  phost: Host Handle
 113:Middlewares/ST/STM32_USB_Host_Library/Core/Src/usbh_ioreq.c ****   * @param  buff: Buffer pointer from which the Data will be sent to Device
 114:Middlewares/ST/STM32_USB_Host_Library/Core/Src/usbh_ioreq.c ****   * @param  length: Length of the data to be sent
 115:Middlewares/ST/STM32_USB_Host_Library/Core/Src/usbh_ioreq.c ****   * @param  pipe_num: Pipe Number
 116:Middlewares/ST/STM32_USB_Host_Library/Core/Src/usbh_ioreq.c ****   * @retval USBH Status
 117:Middlewares/ST/STM32_USB_Host_Library/Core/Src/usbh_ioreq.c ****   */
 118:Middlewares/ST/STM32_USB_Host_Library/Core/Src/usbh_ioreq.c **** USBH_StatusTypeDef USBH_CtlSendData(USBH_HandleTypeDef *phost,
 119:Middlewares/ST/STM32_USB_Host_Library/Core/Src/usbh_ioreq.c ****                                     uint8_t *buff,
 120:Middlewares/ST/STM32_USB_Host_Library/Core/Src/usbh_ioreq.c ****                                     uint16_t length,
 121:Middlewares/ST/STM32_USB_Host_Library/Core/Src/usbh_ioreq.c ****                                     uint8_t pipe_num,
 122:Middlewares/ST/STM32_USB_Host_Library/Core/Src/usbh_ioreq.c ****                                     uint8_t do_ping)
 123:Middlewares/ST/STM32_USB_Host_Library/Core/Src/usbh_ioreq.c **** {
  82              		.loc 1 123 1 is_stmt 1 view -0
  83              		.cfi_startproc
  84              		@ args = 4, pretend = 0, frame = 0
  85              		@ frame_needed = 0, uses_anonymous_args = 0
  86              		.loc 1 123 1 is_stmt 0 view .LVU8
  87 0000 30B5     		push	{r4, r5, lr}
  88              	.LCFI3:
  89              		.cfi_def_cfa_offset 12
  90              		.cfi_offset 4, -12
  91              		.cfi_offset 5, -8
  92              		.cfi_offset 14, -4
  93 0002 85B0     		sub	sp, sp, #20
  94              	.LCFI4:
  95              		.cfi_def_cfa_offset 32
  96 0004 0C46     		mov	r4, r1
  97 0006 1946     		mov	r1, r3
  98              	.LVL6:
  99              		.loc 1 123 1 view .LVU9
 100 0008 9DF82030 		ldrb	r3, [sp, #32]	@ zero_extendqisi2
 101              	.LVL7:
 124:Middlewares/ST/STM32_USB_Host_Library/Core/Src/usbh_ioreq.c ****   if (phost->device.speed != USBH_SPEED_HIGH)
 102              		.loc 1 124 3 is_stmt 1 view .LVU10
 103              		.loc 1 124 20 is_stmt 0 view .LVU11
 104 000c 90F81D53 		ldrb	r5, [r0, #797]	@ zero_extendqisi2
 105              		.loc 1 124 6 view .LVU12
 106 0010 05B1     		cbz	r5, .L4
 125:Middlewares/ST/STM32_USB_Host_Library/Core/Src/usbh_ioreq.c ****   {
ARM GAS  /tmp/ccrZVEcJ.s 			page 5


 126:Middlewares/ST/STM32_USB_Host_Library/Core/Src/usbh_ioreq.c ****     do_ping = 0U;
 107              		.loc 1 126 13 view .LVU13
 108 0012 0023     		movs	r3, #0
 109              	.L4:
 110              	.LVL8:
 127:Middlewares/ST/STM32_USB_Host_Library/Core/Src/usbh_ioreq.c ****   }
 128:Middlewares/ST/STM32_USB_Host_Library/Core/Src/usbh_ioreq.c **** 
 129:Middlewares/ST/STM32_USB_Host_Library/Core/Src/usbh_ioreq.c ****   USBH_LL_SubmitURB(phost,                      /* Driver handle    */
 111              		.loc 1 129 3 is_stmt 1 view .LVU14
 112 0014 0393     		str	r3, [sp, #12]
 113 0016 0292     		str	r2, [sp, #8]
 114 0018 0194     		str	r4, [sp, #4]
 115 001a 0123     		movs	r3, #1
 116              	.LVL9:
 117              		.loc 1 129 3 is_stmt 0 view .LVU15
 118 001c 0093     		str	r3, [sp]
 119 001e 0023     		movs	r3, #0
 120 0020 1A46     		mov	r2, r3
 121              	.LVL10:
 122              		.loc 1 129 3 view .LVU16
 123 0022 FFF7FEFF 		bl	USBH_LL_SubmitURB
 124              	.LVL11:
 130:Middlewares/ST/STM32_USB_Host_Library/Core/Src/usbh_ioreq.c ****                     pipe_num,             /* Pipe index       */
 131:Middlewares/ST/STM32_USB_Host_Library/Core/Src/usbh_ioreq.c ****                     0U,                   /* Direction : OUT  */
 132:Middlewares/ST/STM32_USB_Host_Library/Core/Src/usbh_ioreq.c ****                     USBH_EP_CONTROL,      /* EP type          */
 133:Middlewares/ST/STM32_USB_Host_Library/Core/Src/usbh_ioreq.c ****                     USBH_PID_DATA,        /* Type Data        */
 134:Middlewares/ST/STM32_USB_Host_Library/Core/Src/usbh_ioreq.c ****                     buff,                 /* data buffer      */
 135:Middlewares/ST/STM32_USB_Host_Library/Core/Src/usbh_ioreq.c ****                     length,               /* data length      */
 136:Middlewares/ST/STM32_USB_Host_Library/Core/Src/usbh_ioreq.c ****                     do_ping);             /* do ping (HS Only)*/
 137:Middlewares/ST/STM32_USB_Host_Library/Core/Src/usbh_ioreq.c **** 
 138:Middlewares/ST/STM32_USB_Host_Library/Core/Src/usbh_ioreq.c ****   return USBH_OK;
 125              		.loc 1 138 3 is_stmt 1 view .LVU17
 139:Middlewares/ST/STM32_USB_Host_Library/Core/Src/usbh_ioreq.c **** }
 126              		.loc 1 139 1 is_stmt 0 view .LVU18
 127 0026 0020     		movs	r0, #0
 128 0028 05B0     		add	sp, sp, #20
 129              	.LCFI5:
 130              		.cfi_def_cfa_offset 12
 131              		@ sp needed
 132 002a 30BD     		pop	{r4, r5, pc}
 133              		.loc 1 139 1 view .LVU19
 134              		.cfi_endproc
 135              	.LFE139:
 137              		.section	.text.USBH_CtlReceiveData,"ax",%progbits
 138              		.align	1
 139              		.global	USBH_CtlReceiveData
 140              		.syntax unified
 141              		.thumb
 142              		.thumb_func
 144              	USBH_CtlReceiveData:
 145              	.LVL12:
 146              	.LFB140:
 140:Middlewares/ST/STM32_USB_Host_Library/Core/Src/usbh_ioreq.c **** 
 141:Middlewares/ST/STM32_USB_Host_Library/Core/Src/usbh_ioreq.c **** 
 142:Middlewares/ST/STM32_USB_Host_Library/Core/Src/usbh_ioreq.c **** /**
 143:Middlewares/ST/STM32_USB_Host_Library/Core/Src/usbh_ioreq.c ****   * @brief  USBH_CtlReceiveData
 144:Middlewares/ST/STM32_USB_Host_Library/Core/Src/usbh_ioreq.c ****   *         Receives the Device Response to the Setup Packet
ARM GAS  /tmp/ccrZVEcJ.s 			page 6


 145:Middlewares/ST/STM32_USB_Host_Library/Core/Src/usbh_ioreq.c ****   * @param  phost: Host Handle
 146:Middlewares/ST/STM32_USB_Host_Library/Core/Src/usbh_ioreq.c ****   * @param  buff: Buffer pointer in which the response needs to be copied
 147:Middlewares/ST/STM32_USB_Host_Library/Core/Src/usbh_ioreq.c ****   * @param  length: Length of the data to be received
 148:Middlewares/ST/STM32_USB_Host_Library/Core/Src/usbh_ioreq.c ****   * @param  pipe_num: Pipe Number
 149:Middlewares/ST/STM32_USB_Host_Library/Core/Src/usbh_ioreq.c ****   * @retval USBH Status.
 150:Middlewares/ST/STM32_USB_Host_Library/Core/Src/usbh_ioreq.c ****   */
 151:Middlewares/ST/STM32_USB_Host_Library/Core/Src/usbh_ioreq.c **** USBH_StatusTypeDef USBH_CtlReceiveData(USBH_HandleTypeDef *phost,
 152:Middlewares/ST/STM32_USB_Host_Library/Core/Src/usbh_ioreq.c ****                                        uint8_t *buff,
 153:Middlewares/ST/STM32_USB_Host_Library/Core/Src/usbh_ioreq.c ****                                        uint16_t length,
 154:Middlewares/ST/STM32_USB_Host_Library/Core/Src/usbh_ioreq.c ****                                        uint8_t pipe_num)
 155:Middlewares/ST/STM32_USB_Host_Library/Core/Src/usbh_ioreq.c **** {
 147              		.loc 1 155 1 is_stmt 1 view -0
 148              		.cfi_startproc
 149              		@ args = 0, pretend = 0, frame = 0
 150              		@ frame_needed = 0, uses_anonymous_args = 0
 151              		.loc 1 155 1 is_stmt 0 view .LVU21
 152 0000 30B5     		push	{r4, r5, lr}
 153              	.LCFI6:
 154              		.cfi_def_cfa_offset 12
 155              		.cfi_offset 4, -12
 156              		.cfi_offset 5, -8
 157              		.cfi_offset 14, -4
 158 0002 85B0     		sub	sp, sp, #20
 159              	.LCFI7:
 160              		.cfi_def_cfa_offset 32
 161 0004 0D46     		mov	r5, r1
 162 0006 1946     		mov	r1, r3
 163              	.LVL13:
 156:Middlewares/ST/STM32_USB_Host_Library/Core/Src/usbh_ioreq.c ****   USBH_LL_SubmitURB(phost,                      /* Driver handle    */
 164              		.loc 1 156 3 is_stmt 1 view .LVU22
 165 0008 0024     		movs	r4, #0
 166 000a 0394     		str	r4, [sp, #12]
 167 000c 0292     		str	r2, [sp, #8]
 168 000e 0195     		str	r5, [sp, #4]
 169 0010 0122     		movs	r2, #1
 170              	.LVL14:
 171              		.loc 1 156 3 is_stmt 0 view .LVU23
 172 0012 0092     		str	r2, [sp]
 173 0014 2346     		mov	r3, r4
 174              	.LVL15:
 175              		.loc 1 156 3 view .LVU24
 176 0016 FFF7FEFF 		bl	USBH_LL_SubmitURB
 177              	.LVL16:
 157:Middlewares/ST/STM32_USB_Host_Library/Core/Src/usbh_ioreq.c ****                     pipe_num,             /* Pipe index       */
 158:Middlewares/ST/STM32_USB_Host_Library/Core/Src/usbh_ioreq.c ****                     1U,                    /* Direction : IN   */
 159:Middlewares/ST/STM32_USB_Host_Library/Core/Src/usbh_ioreq.c ****                     USBH_EP_CONTROL,      /* EP type          */
 160:Middlewares/ST/STM32_USB_Host_Library/Core/Src/usbh_ioreq.c ****                     USBH_PID_DATA,        /* Type Data        */
 161:Middlewares/ST/STM32_USB_Host_Library/Core/Src/usbh_ioreq.c ****                     buff,                 /* data buffer      */
 162:Middlewares/ST/STM32_USB_Host_Library/Core/Src/usbh_ioreq.c ****                     length,               /* data length      */
 163:Middlewares/ST/STM32_USB_Host_Library/Core/Src/usbh_ioreq.c ****                     0U);
 164:Middlewares/ST/STM32_USB_Host_Library/Core/Src/usbh_ioreq.c ****   return USBH_OK;
 178              		.loc 1 164 3 is_stmt 1 view .LVU25
 165:Middlewares/ST/STM32_USB_Host_Library/Core/Src/usbh_ioreq.c **** 
 166:Middlewares/ST/STM32_USB_Host_Library/Core/Src/usbh_ioreq.c **** }
 179              		.loc 1 166 1 is_stmt 0 view .LVU26
 180 001a 2046     		mov	r0, r4
 181 001c 05B0     		add	sp, sp, #20
ARM GAS  /tmp/ccrZVEcJ.s 			page 7


 182              	.LCFI8:
 183              		.cfi_def_cfa_offset 12
 184              		@ sp needed
 185 001e 30BD     		pop	{r4, r5, pc}
 186              		.loc 1 166 1 view .LVU27
 187              		.cfi_endproc
 188              	.LFE140:
 190              		.section	.text.USBH_BulkSendData,"ax",%progbits
 191              		.align	1
 192              		.global	USBH_BulkSendData
 193              		.syntax unified
 194              		.thumb
 195              		.thumb_func
 197              	USBH_BulkSendData:
 198              	.LVL17:
 199              	.LFB141:
 167:Middlewares/ST/STM32_USB_Host_Library/Core/Src/usbh_ioreq.c **** 
 168:Middlewares/ST/STM32_USB_Host_Library/Core/Src/usbh_ioreq.c **** 
 169:Middlewares/ST/STM32_USB_Host_Library/Core/Src/usbh_ioreq.c **** /**
 170:Middlewares/ST/STM32_USB_Host_Library/Core/Src/usbh_ioreq.c ****   * @brief  USBH_BulkSendData
 171:Middlewares/ST/STM32_USB_Host_Library/Core/Src/usbh_ioreq.c ****   *         Sends the Bulk Packet to the device
 172:Middlewares/ST/STM32_USB_Host_Library/Core/Src/usbh_ioreq.c ****   * @param  phost: Host Handle
 173:Middlewares/ST/STM32_USB_Host_Library/Core/Src/usbh_ioreq.c ****   * @param  buff: Buffer pointer from which the Data will be sent to Device
 174:Middlewares/ST/STM32_USB_Host_Library/Core/Src/usbh_ioreq.c ****   * @param  length: Length of the data to be sent
 175:Middlewares/ST/STM32_USB_Host_Library/Core/Src/usbh_ioreq.c ****   * @param  pipe_num: Pipe Number
 176:Middlewares/ST/STM32_USB_Host_Library/Core/Src/usbh_ioreq.c ****   * @retval USBH Status
 177:Middlewares/ST/STM32_USB_Host_Library/Core/Src/usbh_ioreq.c ****   */
 178:Middlewares/ST/STM32_USB_Host_Library/Core/Src/usbh_ioreq.c **** USBH_StatusTypeDef USBH_BulkSendData(USBH_HandleTypeDef *phost,
 179:Middlewares/ST/STM32_USB_Host_Library/Core/Src/usbh_ioreq.c ****                                      uint8_t *buff,
 180:Middlewares/ST/STM32_USB_Host_Library/Core/Src/usbh_ioreq.c ****                                      uint16_t length,
 181:Middlewares/ST/STM32_USB_Host_Library/Core/Src/usbh_ioreq.c ****                                      uint8_t pipe_num,
 182:Middlewares/ST/STM32_USB_Host_Library/Core/Src/usbh_ioreq.c ****                                      uint8_t do_ping)
 183:Middlewares/ST/STM32_USB_Host_Library/Core/Src/usbh_ioreq.c **** {
 200              		.loc 1 183 1 is_stmt 1 view -0
 201              		.cfi_startproc
 202              		@ args = 4, pretend = 0, frame = 0
 203              		@ frame_needed = 0, uses_anonymous_args = 0
 204              		.loc 1 183 1 is_stmt 0 view .LVU29
 205 0000 30B5     		push	{r4, r5, lr}
 206              	.LCFI9:
 207              		.cfi_def_cfa_offset 12
 208              		.cfi_offset 4, -12
 209              		.cfi_offset 5, -8
 210              		.cfi_offset 14, -4
 211 0002 85B0     		sub	sp, sp, #20
 212              	.LCFI10:
 213              		.cfi_def_cfa_offset 32
 214 0004 0C46     		mov	r4, r1
 215 0006 1946     		mov	r1, r3
 216              	.LVL18:
 217              		.loc 1 183 1 view .LVU30
 218 0008 9DF82030 		ldrb	r3, [sp, #32]	@ zero_extendqisi2
 219              	.LVL19:
 184:Middlewares/ST/STM32_USB_Host_Library/Core/Src/usbh_ioreq.c ****   if (phost->device.speed != USBH_SPEED_HIGH)
 220              		.loc 1 184 3 is_stmt 1 view .LVU31
 221              		.loc 1 184 20 is_stmt 0 view .LVU32
 222 000c 90F81D53 		ldrb	r5, [r0, #797]	@ zero_extendqisi2
ARM GAS  /tmp/ccrZVEcJ.s 			page 8


 223              		.loc 1 184 6 view .LVU33
 224 0010 05B1     		cbz	r5, .L10
 185:Middlewares/ST/STM32_USB_Host_Library/Core/Src/usbh_ioreq.c ****   {
 186:Middlewares/ST/STM32_USB_Host_Library/Core/Src/usbh_ioreq.c ****     do_ping = 0U;
 225              		.loc 1 186 13 view .LVU34
 226 0012 0023     		movs	r3, #0
 227              	.L10:
 228              	.LVL20:
 187:Middlewares/ST/STM32_USB_Host_Library/Core/Src/usbh_ioreq.c ****   }
 188:Middlewares/ST/STM32_USB_Host_Library/Core/Src/usbh_ioreq.c **** 
 189:Middlewares/ST/STM32_USB_Host_Library/Core/Src/usbh_ioreq.c ****   USBH_LL_SubmitURB(phost,                      /* Driver handle    */
 229              		.loc 1 189 3 is_stmt 1 view .LVU35
 230 0014 0393     		str	r3, [sp, #12]
 231 0016 0292     		str	r2, [sp, #8]
 232 0018 0194     		str	r4, [sp, #4]
 233 001a 0123     		movs	r3, #1
 234              	.LVL21:
 235              		.loc 1 189 3 is_stmt 0 view .LVU36
 236 001c 0093     		str	r3, [sp]
 237 001e 0223     		movs	r3, #2
 238 0020 0022     		movs	r2, #0
 239              	.LVL22:
 240              		.loc 1 189 3 view .LVU37
 241 0022 FFF7FEFF 		bl	USBH_LL_SubmitURB
 242              	.LVL23:
 190:Middlewares/ST/STM32_USB_Host_Library/Core/Src/usbh_ioreq.c ****                     pipe_num,             /* Pipe index       */
 191:Middlewares/ST/STM32_USB_Host_Library/Core/Src/usbh_ioreq.c ****                     0U,                    /* Direction : IN   */
 192:Middlewares/ST/STM32_USB_Host_Library/Core/Src/usbh_ioreq.c ****                     USBH_EP_BULK,         /* EP type          */
 193:Middlewares/ST/STM32_USB_Host_Library/Core/Src/usbh_ioreq.c ****                     USBH_PID_DATA,        /* Type Data        */
 194:Middlewares/ST/STM32_USB_Host_Library/Core/Src/usbh_ioreq.c ****                     buff,                 /* data buffer      */
 195:Middlewares/ST/STM32_USB_Host_Library/Core/Src/usbh_ioreq.c ****                     length,               /* data length      */
 196:Middlewares/ST/STM32_USB_Host_Library/Core/Src/usbh_ioreq.c ****                     do_ping);             /* do ping (HS Only)*/
 197:Middlewares/ST/STM32_USB_Host_Library/Core/Src/usbh_ioreq.c ****   return USBH_OK;
 243              		.loc 1 197 3 is_stmt 1 view .LVU38
 198:Middlewares/ST/STM32_USB_Host_Library/Core/Src/usbh_ioreq.c **** }
 244              		.loc 1 198 1 is_stmt 0 view .LVU39
 245 0026 0020     		movs	r0, #0
 246 0028 05B0     		add	sp, sp, #20
 247              	.LCFI11:
 248              		.cfi_def_cfa_offset 12
 249              		@ sp needed
 250 002a 30BD     		pop	{r4, r5, pc}
 251              		.loc 1 198 1 view .LVU40
 252              		.cfi_endproc
 253              	.LFE141:
 255              		.section	.text.USBH_BulkReceiveData,"ax",%progbits
 256              		.align	1
 257              		.global	USBH_BulkReceiveData
 258              		.syntax unified
 259              		.thumb
 260              		.thumb_func
 262              	USBH_BulkReceiveData:
 263              	.LVL24:
 264              	.LFB142:
 199:Middlewares/ST/STM32_USB_Host_Library/Core/Src/usbh_ioreq.c **** 
 200:Middlewares/ST/STM32_USB_Host_Library/Core/Src/usbh_ioreq.c **** 
 201:Middlewares/ST/STM32_USB_Host_Library/Core/Src/usbh_ioreq.c **** /**
ARM GAS  /tmp/ccrZVEcJ.s 			page 9


 202:Middlewares/ST/STM32_USB_Host_Library/Core/Src/usbh_ioreq.c ****   * @brief  USBH_BulkReceiveData
 203:Middlewares/ST/STM32_USB_Host_Library/Core/Src/usbh_ioreq.c ****   *         Receives IN bulk packet from device
 204:Middlewares/ST/STM32_USB_Host_Library/Core/Src/usbh_ioreq.c ****   * @param  phost: Host Handle
 205:Middlewares/ST/STM32_USB_Host_Library/Core/Src/usbh_ioreq.c ****   * @param  buff: Buffer pointer in which the received data packet to be copied
 206:Middlewares/ST/STM32_USB_Host_Library/Core/Src/usbh_ioreq.c ****   * @param  length: Length of the data to be received
 207:Middlewares/ST/STM32_USB_Host_Library/Core/Src/usbh_ioreq.c ****   * @param  pipe_num: Pipe Number
 208:Middlewares/ST/STM32_USB_Host_Library/Core/Src/usbh_ioreq.c ****   * @retval USBH Status.
 209:Middlewares/ST/STM32_USB_Host_Library/Core/Src/usbh_ioreq.c ****   */
 210:Middlewares/ST/STM32_USB_Host_Library/Core/Src/usbh_ioreq.c **** USBH_StatusTypeDef USBH_BulkReceiveData(USBH_HandleTypeDef *phost,
 211:Middlewares/ST/STM32_USB_Host_Library/Core/Src/usbh_ioreq.c ****                                         uint8_t *buff,
 212:Middlewares/ST/STM32_USB_Host_Library/Core/Src/usbh_ioreq.c ****                                         uint16_t length,
 213:Middlewares/ST/STM32_USB_Host_Library/Core/Src/usbh_ioreq.c ****                                         uint8_t pipe_num)
 214:Middlewares/ST/STM32_USB_Host_Library/Core/Src/usbh_ioreq.c **** {
 265              		.loc 1 214 1 is_stmt 1 view -0
 266              		.cfi_startproc
 267              		@ args = 0, pretend = 0, frame = 0
 268              		@ frame_needed = 0, uses_anonymous_args = 0
 269              		.loc 1 214 1 is_stmt 0 view .LVU42
 270 0000 30B5     		push	{r4, r5, lr}
 271              	.LCFI12:
 272              		.cfi_def_cfa_offset 12
 273              		.cfi_offset 4, -12
 274              		.cfi_offset 5, -8
 275              		.cfi_offset 14, -4
 276 0002 85B0     		sub	sp, sp, #20
 277              	.LCFI13:
 278              		.cfi_def_cfa_offset 32
 279 0004 0D46     		mov	r5, r1
 280 0006 1946     		mov	r1, r3
 281              	.LVL25:
 215:Middlewares/ST/STM32_USB_Host_Library/Core/Src/usbh_ioreq.c ****   USBH_LL_SubmitURB(phost,                      /* Driver handle    */
 282              		.loc 1 215 3 is_stmt 1 view .LVU43
 283 0008 0024     		movs	r4, #0
 284 000a 0394     		str	r4, [sp, #12]
 285 000c 0292     		str	r2, [sp, #8]
 286 000e 0195     		str	r5, [sp, #4]
 287 0010 0122     		movs	r2, #1
 288              	.LVL26:
 289              		.loc 1 215 3 is_stmt 0 view .LVU44
 290 0012 0092     		str	r2, [sp]
 291 0014 0223     		movs	r3, #2
 292              	.LVL27:
 293              		.loc 1 215 3 view .LVU45
 294 0016 FFF7FEFF 		bl	USBH_LL_SubmitURB
 295              	.LVL28:
 216:Middlewares/ST/STM32_USB_Host_Library/Core/Src/usbh_ioreq.c ****                     pipe_num,             /* Pipe index       */
 217:Middlewares/ST/STM32_USB_Host_Library/Core/Src/usbh_ioreq.c ****                     1U,                    /* Direction : IN   */
 218:Middlewares/ST/STM32_USB_Host_Library/Core/Src/usbh_ioreq.c ****                     USBH_EP_BULK,         /* EP type          */
 219:Middlewares/ST/STM32_USB_Host_Library/Core/Src/usbh_ioreq.c ****                     USBH_PID_DATA,        /* Type Data        */
 220:Middlewares/ST/STM32_USB_Host_Library/Core/Src/usbh_ioreq.c ****                     buff,                 /* data buffer      */
 221:Middlewares/ST/STM32_USB_Host_Library/Core/Src/usbh_ioreq.c ****                     length,               /* data length      */
 222:Middlewares/ST/STM32_USB_Host_Library/Core/Src/usbh_ioreq.c ****                     0U);
 223:Middlewares/ST/STM32_USB_Host_Library/Core/Src/usbh_ioreq.c ****   return USBH_OK;
 296              		.loc 1 223 3 is_stmt 1 view .LVU46
 224:Middlewares/ST/STM32_USB_Host_Library/Core/Src/usbh_ioreq.c **** }
 297              		.loc 1 224 1 is_stmt 0 view .LVU47
 298 001a 2046     		mov	r0, r4
ARM GAS  /tmp/ccrZVEcJ.s 			page 10


 299 001c 05B0     		add	sp, sp, #20
 300              	.LCFI14:
 301              		.cfi_def_cfa_offset 12
 302              		@ sp needed
 303 001e 30BD     		pop	{r4, r5, pc}
 304              		.loc 1 224 1 view .LVU48
 305              		.cfi_endproc
 306              	.LFE142:
 308              		.section	.text.USBH_InterruptReceiveData,"ax",%progbits
 309              		.align	1
 310              		.global	USBH_InterruptReceiveData
 311              		.syntax unified
 312              		.thumb
 313              		.thumb_func
 315              	USBH_InterruptReceiveData:
 316              	.LVL29:
 317              	.LFB143:
 225:Middlewares/ST/STM32_USB_Host_Library/Core/Src/usbh_ioreq.c **** 
 226:Middlewares/ST/STM32_USB_Host_Library/Core/Src/usbh_ioreq.c **** 
 227:Middlewares/ST/STM32_USB_Host_Library/Core/Src/usbh_ioreq.c **** /**
 228:Middlewares/ST/STM32_USB_Host_Library/Core/Src/usbh_ioreq.c ****   * @brief  USBH_InterruptReceiveData
 229:Middlewares/ST/STM32_USB_Host_Library/Core/Src/usbh_ioreq.c ****   *         Receives the Device Response to the Interrupt IN token
 230:Middlewares/ST/STM32_USB_Host_Library/Core/Src/usbh_ioreq.c ****   * @param  phost: Host Handle
 231:Middlewares/ST/STM32_USB_Host_Library/Core/Src/usbh_ioreq.c ****   * @param  buff: Buffer pointer in which the response needs to be copied
 232:Middlewares/ST/STM32_USB_Host_Library/Core/Src/usbh_ioreq.c ****   * @param  length: Length of the data to be received
 233:Middlewares/ST/STM32_USB_Host_Library/Core/Src/usbh_ioreq.c ****   * @param  pipe_num: Pipe Number
 234:Middlewares/ST/STM32_USB_Host_Library/Core/Src/usbh_ioreq.c ****   * @retval USBH Status.
 235:Middlewares/ST/STM32_USB_Host_Library/Core/Src/usbh_ioreq.c ****   */
 236:Middlewares/ST/STM32_USB_Host_Library/Core/Src/usbh_ioreq.c **** USBH_StatusTypeDef USBH_InterruptReceiveData(USBH_HandleTypeDef *phost,
 237:Middlewares/ST/STM32_USB_Host_Library/Core/Src/usbh_ioreq.c ****                                              uint8_t *buff,
 238:Middlewares/ST/STM32_USB_Host_Library/Core/Src/usbh_ioreq.c ****                                              uint8_t length,
 239:Middlewares/ST/STM32_USB_Host_Library/Core/Src/usbh_ioreq.c ****                                              uint8_t pipe_num)
 240:Middlewares/ST/STM32_USB_Host_Library/Core/Src/usbh_ioreq.c **** {
 318              		.loc 1 240 1 is_stmt 1 view -0
 319              		.cfi_startproc
 320              		@ args = 0, pretend = 0, frame = 0
 321              		@ frame_needed = 0, uses_anonymous_args = 0
 322              		.loc 1 240 1 is_stmt 0 view .LVU50
 323 0000 30B5     		push	{r4, r5, lr}
 324              	.LCFI15:
 325              		.cfi_def_cfa_offset 12
 326              		.cfi_offset 4, -12
 327              		.cfi_offset 5, -8
 328              		.cfi_offset 14, -4
 329 0002 85B0     		sub	sp, sp, #20
 330              	.LCFI16:
 331              		.cfi_def_cfa_offset 32
 332 0004 0D46     		mov	r5, r1
 333 0006 1946     		mov	r1, r3
 334              	.LVL30:
 241:Middlewares/ST/STM32_USB_Host_Library/Core/Src/usbh_ioreq.c ****   USBH_LL_SubmitURB(phost,                      /* Driver handle    */
 335              		.loc 1 241 3 is_stmt 1 view .LVU51
 336 0008 0024     		movs	r4, #0
 337 000a 0394     		str	r4, [sp, #12]
 338 000c 0292     		str	r2, [sp, #8]
 339 000e 0195     		str	r5, [sp, #4]
 340 0010 0122     		movs	r2, #1
ARM GAS  /tmp/ccrZVEcJ.s 			page 11


 341              	.LVL31:
 342              		.loc 1 241 3 is_stmt 0 view .LVU52
 343 0012 0092     		str	r2, [sp]
 344 0014 0323     		movs	r3, #3
 345              	.LVL32:
 346              		.loc 1 241 3 view .LVU53
 347 0016 FFF7FEFF 		bl	USBH_LL_SubmitURB
 348              	.LVL33:
 242:Middlewares/ST/STM32_USB_Host_Library/Core/Src/usbh_ioreq.c ****                     pipe_num,             /* Pipe index       */
 243:Middlewares/ST/STM32_USB_Host_Library/Core/Src/usbh_ioreq.c ****                     1U,                   /* Direction : IN   */
 244:Middlewares/ST/STM32_USB_Host_Library/Core/Src/usbh_ioreq.c ****                     USBH_EP_INTERRUPT,    /* EP type          */
 245:Middlewares/ST/STM32_USB_Host_Library/Core/Src/usbh_ioreq.c ****                     USBH_PID_DATA,        /* Type Data        */
 246:Middlewares/ST/STM32_USB_Host_Library/Core/Src/usbh_ioreq.c ****                     buff,                 /* data buffer      */
 247:Middlewares/ST/STM32_USB_Host_Library/Core/Src/usbh_ioreq.c ****                     (uint16_t)length,     /* data length      */
 248:Middlewares/ST/STM32_USB_Host_Library/Core/Src/usbh_ioreq.c ****                     0U);
 249:Middlewares/ST/STM32_USB_Host_Library/Core/Src/usbh_ioreq.c **** 
 250:Middlewares/ST/STM32_USB_Host_Library/Core/Src/usbh_ioreq.c ****   return USBH_OK;
 349              		.loc 1 250 3 is_stmt 1 view .LVU54
 251:Middlewares/ST/STM32_USB_Host_Library/Core/Src/usbh_ioreq.c **** }
 350              		.loc 1 251 1 is_stmt 0 view .LVU55
 351 001a 2046     		mov	r0, r4
 352 001c 05B0     		add	sp, sp, #20
 353              	.LCFI17:
 354              		.cfi_def_cfa_offset 12
 355              		@ sp needed
 356 001e 30BD     		pop	{r4, r5, pc}
 357              		.loc 1 251 1 view .LVU56
 358              		.cfi_endproc
 359              	.LFE143:
 361              		.section	.text.USBH_InterruptSendData,"ax",%progbits
 362              		.align	1
 363              		.global	USBH_InterruptSendData
 364              		.syntax unified
 365              		.thumb
 366              		.thumb_func
 368              	USBH_InterruptSendData:
 369              	.LVL34:
 370              	.LFB144:
 252:Middlewares/ST/STM32_USB_Host_Library/Core/Src/usbh_ioreq.c **** 
 253:Middlewares/ST/STM32_USB_Host_Library/Core/Src/usbh_ioreq.c **** /**
 254:Middlewares/ST/STM32_USB_Host_Library/Core/Src/usbh_ioreq.c ****   * @brief  USBH_InterruptSendData
 255:Middlewares/ST/STM32_USB_Host_Library/Core/Src/usbh_ioreq.c ****   *         Sends the data on Interrupt OUT Endpoint
 256:Middlewares/ST/STM32_USB_Host_Library/Core/Src/usbh_ioreq.c ****   * @param  phost: Host Handle
 257:Middlewares/ST/STM32_USB_Host_Library/Core/Src/usbh_ioreq.c ****   * @param  buff: Buffer pointer from where the data needs to be copied
 258:Middlewares/ST/STM32_USB_Host_Library/Core/Src/usbh_ioreq.c ****   * @param  length: Length of the data to be sent
 259:Middlewares/ST/STM32_USB_Host_Library/Core/Src/usbh_ioreq.c ****   * @param  pipe_num: Pipe Number
 260:Middlewares/ST/STM32_USB_Host_Library/Core/Src/usbh_ioreq.c ****   * @retval USBH Status.
 261:Middlewares/ST/STM32_USB_Host_Library/Core/Src/usbh_ioreq.c ****   */
 262:Middlewares/ST/STM32_USB_Host_Library/Core/Src/usbh_ioreq.c **** USBH_StatusTypeDef USBH_InterruptSendData(USBH_HandleTypeDef *phost,
 263:Middlewares/ST/STM32_USB_Host_Library/Core/Src/usbh_ioreq.c ****                                           uint8_t *buff,
 264:Middlewares/ST/STM32_USB_Host_Library/Core/Src/usbh_ioreq.c ****                                           uint8_t length,
 265:Middlewares/ST/STM32_USB_Host_Library/Core/Src/usbh_ioreq.c ****                                           uint8_t pipe_num)
 266:Middlewares/ST/STM32_USB_Host_Library/Core/Src/usbh_ioreq.c **** {
 371              		.loc 1 266 1 is_stmt 1 view -0
 372              		.cfi_startproc
 373              		@ args = 0, pretend = 0, frame = 0
 374              		@ frame_needed = 0, uses_anonymous_args = 0
ARM GAS  /tmp/ccrZVEcJ.s 			page 12


 375              		.loc 1 266 1 is_stmt 0 view .LVU58
 376 0000 30B5     		push	{r4, r5, lr}
 377              	.LCFI18:
 378              		.cfi_def_cfa_offset 12
 379              		.cfi_offset 4, -12
 380              		.cfi_offset 5, -8
 381              		.cfi_offset 14, -4
 382 0002 85B0     		sub	sp, sp, #20
 383              	.LCFI19:
 384              		.cfi_def_cfa_offset 32
 385 0004 0D46     		mov	r5, r1
 386 0006 1946     		mov	r1, r3
 387              	.LVL35:
 267:Middlewares/ST/STM32_USB_Host_Library/Core/Src/usbh_ioreq.c ****   USBH_LL_SubmitURB(phost,                      /* Driver handle    */
 388              		.loc 1 267 3 is_stmt 1 view .LVU59
 389 0008 0024     		movs	r4, #0
 390 000a 0394     		str	r4, [sp, #12]
 391 000c 0292     		str	r2, [sp, #8]
 392 000e 0195     		str	r5, [sp, #4]
 393 0010 0123     		movs	r3, #1
 394              	.LVL36:
 395              		.loc 1 267 3 is_stmt 0 view .LVU60
 396 0012 0093     		str	r3, [sp]
 397 0014 0323     		movs	r3, #3
 398 0016 2246     		mov	r2, r4
 399              	.LVL37:
 400              		.loc 1 267 3 view .LVU61
 401 0018 FFF7FEFF 		bl	USBH_LL_SubmitURB
 402              	.LVL38:
 268:Middlewares/ST/STM32_USB_Host_Library/Core/Src/usbh_ioreq.c ****                     pipe_num,             /* Pipe index       */
 269:Middlewares/ST/STM32_USB_Host_Library/Core/Src/usbh_ioreq.c ****                     0U,                   /* Direction : OUT   */
 270:Middlewares/ST/STM32_USB_Host_Library/Core/Src/usbh_ioreq.c ****                     USBH_EP_INTERRUPT,    /* EP type          */
 271:Middlewares/ST/STM32_USB_Host_Library/Core/Src/usbh_ioreq.c ****                     USBH_PID_DATA,        /* Type Data        */
 272:Middlewares/ST/STM32_USB_Host_Library/Core/Src/usbh_ioreq.c ****                     buff,                 /* data buffer      */
 273:Middlewares/ST/STM32_USB_Host_Library/Core/Src/usbh_ioreq.c ****                     (uint16_t)length,     /* data length      */
 274:Middlewares/ST/STM32_USB_Host_Library/Core/Src/usbh_ioreq.c ****                     0U);
 275:Middlewares/ST/STM32_USB_Host_Library/Core/Src/usbh_ioreq.c **** 
 276:Middlewares/ST/STM32_USB_Host_Library/Core/Src/usbh_ioreq.c ****   return USBH_OK;
 403              		.loc 1 276 3 is_stmt 1 view .LVU62
 277:Middlewares/ST/STM32_USB_Host_Library/Core/Src/usbh_ioreq.c **** }
 404              		.loc 1 277 1 is_stmt 0 view .LVU63
 405 001c 2046     		mov	r0, r4
 406 001e 05B0     		add	sp, sp, #20
 407              	.LCFI20:
 408              		.cfi_def_cfa_offset 12
 409              		@ sp needed
 410 0020 30BD     		pop	{r4, r5, pc}
 411              		.loc 1 277 1 view .LVU64
 412              		.cfi_endproc
 413              	.LFE144:
 415              		.section	.text.USBH_IsocReceiveData,"ax",%progbits
 416              		.align	1
 417              		.global	USBH_IsocReceiveData
 418              		.syntax unified
 419              		.thumb
 420              		.thumb_func
 422              	USBH_IsocReceiveData:
ARM GAS  /tmp/ccrZVEcJ.s 			page 13


 423              	.LVL39:
 424              	.LFB145:
 278:Middlewares/ST/STM32_USB_Host_Library/Core/Src/usbh_ioreq.c **** 
 279:Middlewares/ST/STM32_USB_Host_Library/Core/Src/usbh_ioreq.c **** /**
 280:Middlewares/ST/STM32_USB_Host_Library/Core/Src/usbh_ioreq.c ****   * @brief  USBH_IsocReceiveData
 281:Middlewares/ST/STM32_USB_Host_Library/Core/Src/usbh_ioreq.c ****   *         Receives the Device Response to the Isochronous IN token
 282:Middlewares/ST/STM32_USB_Host_Library/Core/Src/usbh_ioreq.c ****   * @param  phost: Host Handle
 283:Middlewares/ST/STM32_USB_Host_Library/Core/Src/usbh_ioreq.c ****   * @param  buff: Buffer pointer in which the response needs to be copied
 284:Middlewares/ST/STM32_USB_Host_Library/Core/Src/usbh_ioreq.c ****   * @param  length: Length of the data to be received
 285:Middlewares/ST/STM32_USB_Host_Library/Core/Src/usbh_ioreq.c ****   * @param  pipe_num: Pipe Number
 286:Middlewares/ST/STM32_USB_Host_Library/Core/Src/usbh_ioreq.c ****   * @retval USBH Status.
 287:Middlewares/ST/STM32_USB_Host_Library/Core/Src/usbh_ioreq.c ****   */
 288:Middlewares/ST/STM32_USB_Host_Library/Core/Src/usbh_ioreq.c **** USBH_StatusTypeDef USBH_IsocReceiveData(USBH_HandleTypeDef *phost,
 289:Middlewares/ST/STM32_USB_Host_Library/Core/Src/usbh_ioreq.c ****                                         uint8_t *buff,
 290:Middlewares/ST/STM32_USB_Host_Library/Core/Src/usbh_ioreq.c ****                                         uint32_t length,
 291:Middlewares/ST/STM32_USB_Host_Library/Core/Src/usbh_ioreq.c ****                                         uint8_t pipe_num)
 292:Middlewares/ST/STM32_USB_Host_Library/Core/Src/usbh_ioreq.c **** {
 425              		.loc 1 292 1 is_stmt 1 view -0
 426              		.cfi_startproc
 427              		@ args = 0, pretend = 0, frame = 0
 428              		@ frame_needed = 0, uses_anonymous_args = 0
 429              		.loc 1 292 1 is_stmt 0 view .LVU66
 430 0000 30B5     		push	{r4, r5, lr}
 431              	.LCFI21:
 432              		.cfi_def_cfa_offset 12
 433              		.cfi_offset 4, -12
 434              		.cfi_offset 5, -8
 435              		.cfi_offset 14, -4
 436 0002 85B0     		sub	sp, sp, #20
 437              	.LCFI22:
 438              		.cfi_def_cfa_offset 32
 439 0004 0D46     		mov	r5, r1
 440 0006 1946     		mov	r1, r3
 441              	.LVL40:
 293:Middlewares/ST/STM32_USB_Host_Library/Core/Src/usbh_ioreq.c ****   USBH_LL_SubmitURB(phost,                      /* Driver handle    */
 442              		.loc 1 293 3 is_stmt 1 view .LVU67
 443 0008 0024     		movs	r4, #0
 444 000a 0394     		str	r4, [sp, #12]
 445 000c 92B2     		uxth	r2, r2
 446              	.LVL41:
 447              		.loc 1 293 3 is_stmt 0 view .LVU68
 448 000e 0292     		str	r2, [sp, #8]
 449 0010 0195     		str	r5, [sp, #4]
 450 0012 0122     		movs	r2, #1
 451 0014 0092     		str	r2, [sp]
 452 0016 1346     		mov	r3, r2
 453              	.LVL42:
 454              		.loc 1 293 3 view .LVU69
 455 0018 FFF7FEFF 		bl	USBH_LL_SubmitURB
 456              	.LVL43:
 294:Middlewares/ST/STM32_USB_Host_Library/Core/Src/usbh_ioreq.c ****                     pipe_num,             /* Pipe index       */
 295:Middlewares/ST/STM32_USB_Host_Library/Core/Src/usbh_ioreq.c ****                     1U,                   /* Direction : IN   */
 296:Middlewares/ST/STM32_USB_Host_Library/Core/Src/usbh_ioreq.c ****                     USBH_EP_ISO,          /* EP type          */
 297:Middlewares/ST/STM32_USB_Host_Library/Core/Src/usbh_ioreq.c ****                     USBH_PID_DATA,        /* Type Data        */
 298:Middlewares/ST/STM32_USB_Host_Library/Core/Src/usbh_ioreq.c ****                     buff,                 /* data buffer      */
 299:Middlewares/ST/STM32_USB_Host_Library/Core/Src/usbh_ioreq.c ****                     (uint16_t)length,     /* data length      */
 300:Middlewares/ST/STM32_USB_Host_Library/Core/Src/usbh_ioreq.c ****                     0U);
ARM GAS  /tmp/ccrZVEcJ.s 			page 14


 301:Middlewares/ST/STM32_USB_Host_Library/Core/Src/usbh_ioreq.c **** 
 302:Middlewares/ST/STM32_USB_Host_Library/Core/Src/usbh_ioreq.c **** 
 303:Middlewares/ST/STM32_USB_Host_Library/Core/Src/usbh_ioreq.c ****   return USBH_OK;
 457              		.loc 1 303 3 is_stmt 1 view .LVU70
 304:Middlewares/ST/STM32_USB_Host_Library/Core/Src/usbh_ioreq.c **** }
 458              		.loc 1 304 1 is_stmt 0 view .LVU71
 459 001c 2046     		mov	r0, r4
 460 001e 05B0     		add	sp, sp, #20
 461              	.LCFI23:
 462              		.cfi_def_cfa_offset 12
 463              		@ sp needed
 464 0020 30BD     		pop	{r4, r5, pc}
 465              		.loc 1 304 1 view .LVU72
 466              		.cfi_endproc
 467              	.LFE145:
 469              		.section	.text.USBH_IsocSendData,"ax",%progbits
 470              		.align	1
 471              		.global	USBH_IsocSendData
 472              		.syntax unified
 473              		.thumb
 474              		.thumb_func
 476              	USBH_IsocSendData:
 477              	.LVL44:
 478              	.LFB146:
 305:Middlewares/ST/STM32_USB_Host_Library/Core/Src/usbh_ioreq.c **** 
 306:Middlewares/ST/STM32_USB_Host_Library/Core/Src/usbh_ioreq.c **** /**
 307:Middlewares/ST/STM32_USB_Host_Library/Core/Src/usbh_ioreq.c ****   * @brief  USBH_IsocSendData
 308:Middlewares/ST/STM32_USB_Host_Library/Core/Src/usbh_ioreq.c ****   *         Sends the data on Isochronous OUT Endpoint
 309:Middlewares/ST/STM32_USB_Host_Library/Core/Src/usbh_ioreq.c ****   * @param  phost: Host Handle
 310:Middlewares/ST/STM32_USB_Host_Library/Core/Src/usbh_ioreq.c ****   * @param  buff: Buffer pointer from where the data needs to be copied
 311:Middlewares/ST/STM32_USB_Host_Library/Core/Src/usbh_ioreq.c ****   * @param  length: Length of the data to be sent
 312:Middlewares/ST/STM32_USB_Host_Library/Core/Src/usbh_ioreq.c ****   * @param  pipe_num: Pipe Number
 313:Middlewares/ST/STM32_USB_Host_Library/Core/Src/usbh_ioreq.c ****   * @retval USBH Status.
 314:Middlewares/ST/STM32_USB_Host_Library/Core/Src/usbh_ioreq.c ****   */
 315:Middlewares/ST/STM32_USB_Host_Library/Core/Src/usbh_ioreq.c **** USBH_StatusTypeDef USBH_IsocSendData(USBH_HandleTypeDef *phost,
 316:Middlewares/ST/STM32_USB_Host_Library/Core/Src/usbh_ioreq.c ****                                      uint8_t *buff,
 317:Middlewares/ST/STM32_USB_Host_Library/Core/Src/usbh_ioreq.c ****                                      uint32_t length,
 318:Middlewares/ST/STM32_USB_Host_Library/Core/Src/usbh_ioreq.c ****                                      uint8_t pipe_num)
 319:Middlewares/ST/STM32_USB_Host_Library/Core/Src/usbh_ioreq.c **** {
 479              		.loc 1 319 1 is_stmt 1 view -0
 480              		.cfi_startproc
 481              		@ args = 0, pretend = 0, frame = 0
 482              		@ frame_needed = 0, uses_anonymous_args = 0
 483              		.loc 1 319 1 is_stmt 0 view .LVU74
 484 0000 30B5     		push	{r4, r5, lr}
 485              	.LCFI24:
 486              		.cfi_def_cfa_offset 12
 487              		.cfi_offset 4, -12
 488              		.cfi_offset 5, -8
 489              		.cfi_offset 14, -4
 490 0002 85B0     		sub	sp, sp, #20
 491              	.LCFI25:
 492              		.cfi_def_cfa_offset 32
 493 0004 0D46     		mov	r5, r1
 494 0006 1946     		mov	r1, r3
 495              	.LVL45:
 320:Middlewares/ST/STM32_USB_Host_Library/Core/Src/usbh_ioreq.c ****   USBH_LL_SubmitURB(phost,                      /* Driver handle    */
ARM GAS  /tmp/ccrZVEcJ.s 			page 15


 496              		.loc 1 320 3 is_stmt 1 view .LVU75
 497 0008 0024     		movs	r4, #0
 498 000a 0394     		str	r4, [sp, #12]
 499 000c 92B2     		uxth	r2, r2
 500              	.LVL46:
 501              		.loc 1 320 3 is_stmt 0 view .LVU76
 502 000e 0292     		str	r2, [sp, #8]
 503 0010 0195     		str	r5, [sp, #4]
 504 0012 0123     		movs	r3, #1
 505              	.LVL47:
 506              		.loc 1 320 3 view .LVU77
 507 0014 0093     		str	r3, [sp]
 508 0016 2246     		mov	r2, r4
 509 0018 FFF7FEFF 		bl	USBH_LL_SubmitURB
 510              	.LVL48:
 321:Middlewares/ST/STM32_USB_Host_Library/Core/Src/usbh_ioreq.c ****                     pipe_num,             /* Pipe index       */
 322:Middlewares/ST/STM32_USB_Host_Library/Core/Src/usbh_ioreq.c ****                     0U,                   /* Direction : OUT   */
 323:Middlewares/ST/STM32_USB_Host_Library/Core/Src/usbh_ioreq.c ****                     USBH_EP_ISO,          /* EP type          */
 324:Middlewares/ST/STM32_USB_Host_Library/Core/Src/usbh_ioreq.c ****                     USBH_PID_DATA,        /* Type Data        */
 325:Middlewares/ST/STM32_USB_Host_Library/Core/Src/usbh_ioreq.c ****                     buff,                 /* data buffer      */
 326:Middlewares/ST/STM32_USB_Host_Library/Core/Src/usbh_ioreq.c ****                     (uint16_t)length,     /* data length      */
 327:Middlewares/ST/STM32_USB_Host_Library/Core/Src/usbh_ioreq.c ****                     0U);
 328:Middlewares/ST/STM32_USB_Host_Library/Core/Src/usbh_ioreq.c **** 
 329:Middlewares/ST/STM32_USB_Host_Library/Core/Src/usbh_ioreq.c ****   return USBH_OK;
 511              		.loc 1 329 3 is_stmt 1 view .LVU78
 330:Middlewares/ST/STM32_USB_Host_Library/Core/Src/usbh_ioreq.c **** }
 512              		.loc 1 330 1 is_stmt 0 view .LVU79
 513 001c 2046     		mov	r0, r4
 514 001e 05B0     		add	sp, sp, #20
 515              	.LCFI26:
 516              		.cfi_def_cfa_offset 12
 517              		@ sp needed
 518 0020 30BD     		pop	{r4, r5, pc}
 519              		.loc 1 330 1 view .LVU80
 520              		.cfi_endproc
 521              	.LFE146:
 523              		.text
 524              	.Letext0:
 525              		.file 2 "/home/irfan/Desktop/arm/gcc-arm-none-eabi-10.3-2021.10-x86_64-linux/gcc-arm-none-eabi-10.
 526              		.file 3 "/home/irfan/Desktop/arm/gcc-arm-none-eabi-10.3-2021.10-x86_64-linux/gcc-arm-none-eabi-10.
 527              		.file 4 "Middlewares/Third_Party/FreeRTOS/Source/include/task.h"
 528              		.file 5 "Middlewares/Third_Party/FreeRTOS/Source/include/queue.h"
 529              		.file 6 "Middlewares/Third_Party/FreeRTOS/Source/CMSIS_RTOS/cmsis_os.h"
 530              		.file 7 "Middlewares/ST/STM32_USB_Host_Library/Core/Inc/usbh_def.h"
 531              		.file 8 "Middlewares/ST/STM32_USB_Host_Library/Core/Inc/usbh_core.h"
ARM GAS  /tmp/ccrZVEcJ.s 			page 16


DEFINED SYMBOLS
                            *ABS*:0000000000000000 usbh_ioreq.c
     /tmp/ccrZVEcJ.s:20     .text.USBH_CtlSendSetup:0000000000000000 $t
     /tmp/ccrZVEcJ.s:26     .text.USBH_CtlSendSetup:0000000000000000 USBH_CtlSendSetup
     /tmp/ccrZVEcJ.s:73     .text.USBH_CtlSendData:0000000000000000 $t
     /tmp/ccrZVEcJ.s:79     .text.USBH_CtlSendData:0000000000000000 USBH_CtlSendData
     /tmp/ccrZVEcJ.s:138    .text.USBH_CtlReceiveData:0000000000000000 $t
     /tmp/ccrZVEcJ.s:144    .text.USBH_CtlReceiveData:0000000000000000 USBH_CtlReceiveData
     /tmp/ccrZVEcJ.s:191    .text.USBH_BulkSendData:0000000000000000 $t
     /tmp/ccrZVEcJ.s:197    .text.USBH_BulkSendData:0000000000000000 USBH_BulkSendData
     /tmp/ccrZVEcJ.s:256    .text.USBH_BulkReceiveData:0000000000000000 $t
     /tmp/ccrZVEcJ.s:262    .text.USBH_BulkReceiveData:0000000000000000 USBH_BulkReceiveData
     /tmp/ccrZVEcJ.s:309    .text.USBH_InterruptReceiveData:0000000000000000 $t
     /tmp/ccrZVEcJ.s:315    .text.USBH_InterruptReceiveData:0000000000000000 USBH_InterruptReceiveData
     /tmp/ccrZVEcJ.s:362    .text.USBH_InterruptSendData:0000000000000000 $t
     /tmp/ccrZVEcJ.s:368    .text.USBH_InterruptSendData:0000000000000000 USBH_InterruptSendData
     /tmp/ccrZVEcJ.s:416    .text.USBH_IsocReceiveData:0000000000000000 $t
     /tmp/ccrZVEcJ.s:422    .text.USBH_IsocReceiveData:0000000000000000 USBH_IsocReceiveData
     /tmp/ccrZVEcJ.s:470    .text.USBH_IsocSendData:0000000000000000 $t
     /tmp/ccrZVEcJ.s:476    .text.USBH_IsocSendData:0000000000000000 USBH_IsocSendData

UNDEFINED SYMBOLS
USBH_LL_SubmitURB
