ARM GAS  /tmp/ccTg32c4.s 			page 1


   1              		.cpu cortex-m4
   2              		.arch armv7e-m
   3              		.fpu fpv4-sp-d16
   4              		.eabi_attribute 27, 1
   5              		.eabi_attribute 28, 1
   6              		.eabi_attribute 20, 1
   7              		.eabi_attribute 21, 1
   8              		.eabi_attribute 23, 3
   9              		.eabi_attribute 24, 1
  10              		.eabi_attribute 25, 1
  11              		.eabi_attribute 26, 1
  12              		.eabi_attribute 30, 1
  13              		.eabi_attribute 34, 1
  14              		.eabi_attribute 18, 4
  15              		.file	"usbh_pipes.c"
  16              		.text
  17              	.Ltext0:
  18              		.cfi_sections	.debug_frame
  19              		.section	.text.USBH_GetFreePipe,"ax",%progbits
  20              		.align	1
  21              		.syntax unified
  22              		.thumb
  23              		.thumb_func
  25              	USBH_GetFreePipe:
  26              	.LVL0:
  27              	.LFB142:
  28              		.file 1 "Middlewares/ST/STM32_USB_Host_Library/Core/Src/usbh_pipes.c"
   1:Middlewares/ST/STM32_USB_Host_Library/Core/Src/usbh_pipes.c **** /**
   2:Middlewares/ST/STM32_USB_Host_Library/Core/Src/usbh_pipes.c ****   ******************************************************************************
   3:Middlewares/ST/STM32_USB_Host_Library/Core/Src/usbh_pipes.c ****   * @file    usbh_pipes.c
   4:Middlewares/ST/STM32_USB_Host_Library/Core/Src/usbh_pipes.c ****   * @author  MCD Application Team
   5:Middlewares/ST/STM32_USB_Host_Library/Core/Src/usbh_pipes.c ****   * @brief   This file implements functions for opening and closing Pipes
   6:Middlewares/ST/STM32_USB_Host_Library/Core/Src/usbh_pipes.c ****   ******************************************************************************
   7:Middlewares/ST/STM32_USB_Host_Library/Core/Src/usbh_pipes.c ****   * @attention
   8:Middlewares/ST/STM32_USB_Host_Library/Core/Src/usbh_pipes.c ****   *
   9:Middlewares/ST/STM32_USB_Host_Library/Core/Src/usbh_pipes.c ****   * <h2><center>&copy; Copyright (c) 2015 STMicroelectronics.
  10:Middlewares/ST/STM32_USB_Host_Library/Core/Src/usbh_pipes.c ****   * All rights reserved.</center></h2>
  11:Middlewares/ST/STM32_USB_Host_Library/Core/Src/usbh_pipes.c ****   *
  12:Middlewares/ST/STM32_USB_Host_Library/Core/Src/usbh_pipes.c ****   * This software component is licensed by ST under Ultimate Liberty license
  13:Middlewares/ST/STM32_USB_Host_Library/Core/Src/usbh_pipes.c ****   * SLA0044, the "License"; You may not use this file except in compliance with
  14:Middlewares/ST/STM32_USB_Host_Library/Core/Src/usbh_pipes.c ****   * the License. You may obtain a copy of the License at:
  15:Middlewares/ST/STM32_USB_Host_Library/Core/Src/usbh_pipes.c ****   *                      www.st.com/SLA0044
  16:Middlewares/ST/STM32_USB_Host_Library/Core/Src/usbh_pipes.c ****   *
  17:Middlewares/ST/STM32_USB_Host_Library/Core/Src/usbh_pipes.c ****   ******************************************************************************
  18:Middlewares/ST/STM32_USB_Host_Library/Core/Src/usbh_pipes.c ****   */
  19:Middlewares/ST/STM32_USB_Host_Library/Core/Src/usbh_pipes.c **** 
  20:Middlewares/ST/STM32_USB_Host_Library/Core/Src/usbh_pipes.c **** /* Includes ------------------------------------------------------------------*/
  21:Middlewares/ST/STM32_USB_Host_Library/Core/Src/usbh_pipes.c **** #include "usbh_pipes.h"
  22:Middlewares/ST/STM32_USB_Host_Library/Core/Src/usbh_pipes.c **** 
  23:Middlewares/ST/STM32_USB_Host_Library/Core/Src/usbh_pipes.c **** /** @addtogroup USBH_LIB
  24:Middlewares/ST/STM32_USB_Host_Library/Core/Src/usbh_pipes.c ****   * @{
  25:Middlewares/ST/STM32_USB_Host_Library/Core/Src/usbh_pipes.c ****   */
  26:Middlewares/ST/STM32_USB_Host_Library/Core/Src/usbh_pipes.c **** 
  27:Middlewares/ST/STM32_USB_Host_Library/Core/Src/usbh_pipes.c **** /** @addtogroup USBH_LIB_CORE
  28:Middlewares/ST/STM32_USB_Host_Library/Core/Src/usbh_pipes.c **** * @{
  29:Middlewares/ST/STM32_USB_Host_Library/Core/Src/usbh_pipes.c **** */
  30:Middlewares/ST/STM32_USB_Host_Library/Core/Src/usbh_pipes.c **** 
ARM GAS  /tmp/ccTg32c4.s 			page 2


  31:Middlewares/ST/STM32_USB_Host_Library/Core/Src/usbh_pipes.c **** /** @defgroup USBH_PIPES
  32:Middlewares/ST/STM32_USB_Host_Library/Core/Src/usbh_pipes.c ****   * @brief This file includes opening and closing Pipes
  33:Middlewares/ST/STM32_USB_Host_Library/Core/Src/usbh_pipes.c ****   * @{
  34:Middlewares/ST/STM32_USB_Host_Library/Core/Src/usbh_pipes.c ****   */
  35:Middlewares/ST/STM32_USB_Host_Library/Core/Src/usbh_pipes.c **** 
  36:Middlewares/ST/STM32_USB_Host_Library/Core/Src/usbh_pipes.c **** /** @defgroup USBH_PIPES_Private_Defines
  37:Middlewares/ST/STM32_USB_Host_Library/Core/Src/usbh_pipes.c ****   * @{
  38:Middlewares/ST/STM32_USB_Host_Library/Core/Src/usbh_pipes.c ****   */
  39:Middlewares/ST/STM32_USB_Host_Library/Core/Src/usbh_pipes.c **** /**
  40:Middlewares/ST/STM32_USB_Host_Library/Core/Src/usbh_pipes.c ****   * @}
  41:Middlewares/ST/STM32_USB_Host_Library/Core/Src/usbh_pipes.c ****   */
  42:Middlewares/ST/STM32_USB_Host_Library/Core/Src/usbh_pipes.c **** 
  43:Middlewares/ST/STM32_USB_Host_Library/Core/Src/usbh_pipes.c **** /** @defgroup USBH_PIPES_Private_TypesDefinitions
  44:Middlewares/ST/STM32_USB_Host_Library/Core/Src/usbh_pipes.c ****   * @{
  45:Middlewares/ST/STM32_USB_Host_Library/Core/Src/usbh_pipes.c ****   */
  46:Middlewares/ST/STM32_USB_Host_Library/Core/Src/usbh_pipes.c **** /**
  47:Middlewares/ST/STM32_USB_Host_Library/Core/Src/usbh_pipes.c ****   * @}
  48:Middlewares/ST/STM32_USB_Host_Library/Core/Src/usbh_pipes.c ****   */
  49:Middlewares/ST/STM32_USB_Host_Library/Core/Src/usbh_pipes.c **** 
  50:Middlewares/ST/STM32_USB_Host_Library/Core/Src/usbh_pipes.c **** 
  51:Middlewares/ST/STM32_USB_Host_Library/Core/Src/usbh_pipes.c **** /** @defgroup USBH_PIPES_Private_Macros
  52:Middlewares/ST/STM32_USB_Host_Library/Core/Src/usbh_pipes.c ****   * @{
  53:Middlewares/ST/STM32_USB_Host_Library/Core/Src/usbh_pipes.c ****   */
  54:Middlewares/ST/STM32_USB_Host_Library/Core/Src/usbh_pipes.c **** /**
  55:Middlewares/ST/STM32_USB_Host_Library/Core/Src/usbh_pipes.c ****   * @}
  56:Middlewares/ST/STM32_USB_Host_Library/Core/Src/usbh_pipes.c ****   */
  57:Middlewares/ST/STM32_USB_Host_Library/Core/Src/usbh_pipes.c **** 
  58:Middlewares/ST/STM32_USB_Host_Library/Core/Src/usbh_pipes.c **** 
  59:Middlewares/ST/STM32_USB_Host_Library/Core/Src/usbh_pipes.c **** /** @defgroup USBH_PIPES_Private_Variables
  60:Middlewares/ST/STM32_USB_Host_Library/Core/Src/usbh_pipes.c ****   * @{
  61:Middlewares/ST/STM32_USB_Host_Library/Core/Src/usbh_pipes.c ****   */
  62:Middlewares/ST/STM32_USB_Host_Library/Core/Src/usbh_pipes.c **** 
  63:Middlewares/ST/STM32_USB_Host_Library/Core/Src/usbh_pipes.c **** /**
  64:Middlewares/ST/STM32_USB_Host_Library/Core/Src/usbh_pipes.c ****   * @}
  65:Middlewares/ST/STM32_USB_Host_Library/Core/Src/usbh_pipes.c ****   */
  66:Middlewares/ST/STM32_USB_Host_Library/Core/Src/usbh_pipes.c **** 
  67:Middlewares/ST/STM32_USB_Host_Library/Core/Src/usbh_pipes.c **** 
  68:Middlewares/ST/STM32_USB_Host_Library/Core/Src/usbh_pipes.c **** /** @defgroup USBH_PIPES_Private_Functions
  69:Middlewares/ST/STM32_USB_Host_Library/Core/Src/usbh_pipes.c ****   * @{
  70:Middlewares/ST/STM32_USB_Host_Library/Core/Src/usbh_pipes.c ****   */
  71:Middlewares/ST/STM32_USB_Host_Library/Core/Src/usbh_pipes.c **** static uint16_t USBH_GetFreePipe(USBH_HandleTypeDef *phost);
  72:Middlewares/ST/STM32_USB_Host_Library/Core/Src/usbh_pipes.c **** 
  73:Middlewares/ST/STM32_USB_Host_Library/Core/Src/usbh_pipes.c **** 
  74:Middlewares/ST/STM32_USB_Host_Library/Core/Src/usbh_pipes.c **** /**
  75:Middlewares/ST/STM32_USB_Host_Library/Core/Src/usbh_pipes.c ****   * @brief  USBH_Open_Pipe
  76:Middlewares/ST/STM32_USB_Host_Library/Core/Src/usbh_pipes.c ****   *         Open a  pipe
  77:Middlewares/ST/STM32_USB_Host_Library/Core/Src/usbh_pipes.c ****   * @param  phost: Host Handle
  78:Middlewares/ST/STM32_USB_Host_Library/Core/Src/usbh_pipes.c ****   * @param  pipe_num: Pipe Number
  79:Middlewares/ST/STM32_USB_Host_Library/Core/Src/usbh_pipes.c ****   * @param  dev_address: USB Device address allocated to attached device
  80:Middlewares/ST/STM32_USB_Host_Library/Core/Src/usbh_pipes.c ****   * @param  speed : USB device speed (Full/Low)
  81:Middlewares/ST/STM32_USB_Host_Library/Core/Src/usbh_pipes.c ****   * @param  ep_type: end point type (Bulk/int/ctl)
  82:Middlewares/ST/STM32_USB_Host_Library/Core/Src/usbh_pipes.c ****   * @param  mps: max pkt size
  83:Middlewares/ST/STM32_USB_Host_Library/Core/Src/usbh_pipes.c ****   * @retval USBH Status
  84:Middlewares/ST/STM32_USB_Host_Library/Core/Src/usbh_pipes.c ****   */
  85:Middlewares/ST/STM32_USB_Host_Library/Core/Src/usbh_pipes.c **** USBH_StatusTypeDef USBH_OpenPipe(USBH_HandleTypeDef *phost, uint8_t pipe_num,
  86:Middlewares/ST/STM32_USB_Host_Library/Core/Src/usbh_pipes.c ****                                  uint8_t epnum, uint8_t dev_address,
  87:Middlewares/ST/STM32_USB_Host_Library/Core/Src/usbh_pipes.c ****                                  uint8_t speed, uint8_t ep_type, uint16_t mps)
ARM GAS  /tmp/ccTg32c4.s 			page 3


  88:Middlewares/ST/STM32_USB_Host_Library/Core/Src/usbh_pipes.c **** {
  89:Middlewares/ST/STM32_USB_Host_Library/Core/Src/usbh_pipes.c ****   USBH_LL_OpenPipe(phost, pipe_num, epnum, dev_address, speed, ep_type, mps);
  90:Middlewares/ST/STM32_USB_Host_Library/Core/Src/usbh_pipes.c **** 
  91:Middlewares/ST/STM32_USB_Host_Library/Core/Src/usbh_pipes.c ****   return USBH_OK;
  92:Middlewares/ST/STM32_USB_Host_Library/Core/Src/usbh_pipes.c **** }
  93:Middlewares/ST/STM32_USB_Host_Library/Core/Src/usbh_pipes.c **** 
  94:Middlewares/ST/STM32_USB_Host_Library/Core/Src/usbh_pipes.c **** 
  95:Middlewares/ST/STM32_USB_Host_Library/Core/Src/usbh_pipes.c **** /**
  96:Middlewares/ST/STM32_USB_Host_Library/Core/Src/usbh_pipes.c ****   * @brief  USBH_ClosePipe
  97:Middlewares/ST/STM32_USB_Host_Library/Core/Src/usbh_pipes.c ****   *         Close a  pipe
  98:Middlewares/ST/STM32_USB_Host_Library/Core/Src/usbh_pipes.c ****   * @param  phost: Host Handle
  99:Middlewares/ST/STM32_USB_Host_Library/Core/Src/usbh_pipes.c ****   * @param  pipe_num: Pipe Number
 100:Middlewares/ST/STM32_USB_Host_Library/Core/Src/usbh_pipes.c ****   * @retval USBH Status
 101:Middlewares/ST/STM32_USB_Host_Library/Core/Src/usbh_pipes.c ****   */
 102:Middlewares/ST/STM32_USB_Host_Library/Core/Src/usbh_pipes.c **** USBH_StatusTypeDef USBH_ClosePipe(USBH_HandleTypeDef *phost, uint8_t pipe_num)
 103:Middlewares/ST/STM32_USB_Host_Library/Core/Src/usbh_pipes.c **** {
 104:Middlewares/ST/STM32_USB_Host_Library/Core/Src/usbh_pipes.c ****   USBH_LL_ClosePipe(phost, pipe_num);
 105:Middlewares/ST/STM32_USB_Host_Library/Core/Src/usbh_pipes.c **** 
 106:Middlewares/ST/STM32_USB_Host_Library/Core/Src/usbh_pipes.c ****   return USBH_OK;
 107:Middlewares/ST/STM32_USB_Host_Library/Core/Src/usbh_pipes.c **** }
 108:Middlewares/ST/STM32_USB_Host_Library/Core/Src/usbh_pipes.c **** 
 109:Middlewares/ST/STM32_USB_Host_Library/Core/Src/usbh_pipes.c **** 
 110:Middlewares/ST/STM32_USB_Host_Library/Core/Src/usbh_pipes.c **** /**
 111:Middlewares/ST/STM32_USB_Host_Library/Core/Src/usbh_pipes.c ****   * @brief  USBH_Alloc_Pipe
 112:Middlewares/ST/STM32_USB_Host_Library/Core/Src/usbh_pipes.c ****   *         Allocate a new Pipe
 113:Middlewares/ST/STM32_USB_Host_Library/Core/Src/usbh_pipes.c ****   * @param  phost: Host Handle
 114:Middlewares/ST/STM32_USB_Host_Library/Core/Src/usbh_pipes.c ****   * @param  ep_addr: End point for which the Pipe to be allocated
 115:Middlewares/ST/STM32_USB_Host_Library/Core/Src/usbh_pipes.c ****   * @retval Pipe number
 116:Middlewares/ST/STM32_USB_Host_Library/Core/Src/usbh_pipes.c ****   */
 117:Middlewares/ST/STM32_USB_Host_Library/Core/Src/usbh_pipes.c **** uint8_t USBH_AllocPipe(USBH_HandleTypeDef *phost, uint8_t ep_addr)
 118:Middlewares/ST/STM32_USB_Host_Library/Core/Src/usbh_pipes.c **** {
 119:Middlewares/ST/STM32_USB_Host_Library/Core/Src/usbh_pipes.c ****   uint16_t pipe;
 120:Middlewares/ST/STM32_USB_Host_Library/Core/Src/usbh_pipes.c **** 
 121:Middlewares/ST/STM32_USB_Host_Library/Core/Src/usbh_pipes.c ****   pipe =  USBH_GetFreePipe(phost);
 122:Middlewares/ST/STM32_USB_Host_Library/Core/Src/usbh_pipes.c **** 
 123:Middlewares/ST/STM32_USB_Host_Library/Core/Src/usbh_pipes.c ****   if (pipe != 0xFFFFU)
 124:Middlewares/ST/STM32_USB_Host_Library/Core/Src/usbh_pipes.c ****   {
 125:Middlewares/ST/STM32_USB_Host_Library/Core/Src/usbh_pipes.c ****     phost->Pipes[pipe & 0xFU] = 0x8000U | ep_addr;
 126:Middlewares/ST/STM32_USB_Host_Library/Core/Src/usbh_pipes.c ****   }
 127:Middlewares/ST/STM32_USB_Host_Library/Core/Src/usbh_pipes.c **** 
 128:Middlewares/ST/STM32_USB_Host_Library/Core/Src/usbh_pipes.c ****   return (uint8_t)pipe;
 129:Middlewares/ST/STM32_USB_Host_Library/Core/Src/usbh_pipes.c **** }
 130:Middlewares/ST/STM32_USB_Host_Library/Core/Src/usbh_pipes.c **** 
 131:Middlewares/ST/STM32_USB_Host_Library/Core/Src/usbh_pipes.c **** 
 132:Middlewares/ST/STM32_USB_Host_Library/Core/Src/usbh_pipes.c **** /**
 133:Middlewares/ST/STM32_USB_Host_Library/Core/Src/usbh_pipes.c ****   * @brief  USBH_Free_Pipe
 134:Middlewares/ST/STM32_USB_Host_Library/Core/Src/usbh_pipes.c ****   *         Free the USB Pipe
 135:Middlewares/ST/STM32_USB_Host_Library/Core/Src/usbh_pipes.c ****   * @param  phost: Host Handle
 136:Middlewares/ST/STM32_USB_Host_Library/Core/Src/usbh_pipes.c ****   * @param  idx: Pipe number to be freed
 137:Middlewares/ST/STM32_USB_Host_Library/Core/Src/usbh_pipes.c ****   * @retval USBH Status
 138:Middlewares/ST/STM32_USB_Host_Library/Core/Src/usbh_pipes.c ****   */
 139:Middlewares/ST/STM32_USB_Host_Library/Core/Src/usbh_pipes.c **** USBH_StatusTypeDef USBH_FreePipe(USBH_HandleTypeDef *phost, uint8_t idx)
 140:Middlewares/ST/STM32_USB_Host_Library/Core/Src/usbh_pipes.c **** {
 141:Middlewares/ST/STM32_USB_Host_Library/Core/Src/usbh_pipes.c ****   if (idx < 11U)
 142:Middlewares/ST/STM32_USB_Host_Library/Core/Src/usbh_pipes.c ****   {
 143:Middlewares/ST/STM32_USB_Host_Library/Core/Src/usbh_pipes.c ****     phost->Pipes[idx] &= 0x7FFFU;
 144:Middlewares/ST/STM32_USB_Host_Library/Core/Src/usbh_pipes.c ****   }
ARM GAS  /tmp/ccTg32c4.s 			page 4


 145:Middlewares/ST/STM32_USB_Host_Library/Core/Src/usbh_pipes.c **** 
 146:Middlewares/ST/STM32_USB_Host_Library/Core/Src/usbh_pipes.c ****   return USBH_OK;
 147:Middlewares/ST/STM32_USB_Host_Library/Core/Src/usbh_pipes.c **** }
 148:Middlewares/ST/STM32_USB_Host_Library/Core/Src/usbh_pipes.c **** 
 149:Middlewares/ST/STM32_USB_Host_Library/Core/Src/usbh_pipes.c **** 
 150:Middlewares/ST/STM32_USB_Host_Library/Core/Src/usbh_pipes.c **** /**
 151:Middlewares/ST/STM32_USB_Host_Library/Core/Src/usbh_pipes.c ****   * @brief  USBH_GetFreePipe
 152:Middlewares/ST/STM32_USB_Host_Library/Core/Src/usbh_pipes.c ****   * @param  phost: Host Handle
 153:Middlewares/ST/STM32_USB_Host_Library/Core/Src/usbh_pipes.c ****   *         Get a free Pipe number for allocation to a device endpoint
 154:Middlewares/ST/STM32_USB_Host_Library/Core/Src/usbh_pipes.c ****   * @retval idx: Free Pipe number
 155:Middlewares/ST/STM32_USB_Host_Library/Core/Src/usbh_pipes.c ****   */
 156:Middlewares/ST/STM32_USB_Host_Library/Core/Src/usbh_pipes.c **** static uint16_t USBH_GetFreePipe(USBH_HandleTypeDef *phost)
 157:Middlewares/ST/STM32_USB_Host_Library/Core/Src/usbh_pipes.c **** {
  29              		.loc 1 157 1 view -0
  30              		.cfi_startproc
  31              		@ args = 0, pretend = 0, frame = 0
  32              		@ frame_needed = 0, uses_anonymous_args = 0
  33              		@ link register save eliminated.
 158:Middlewares/ST/STM32_USB_Host_Library/Core/Src/usbh_pipes.c ****   uint8_t idx = 0U;
  34              		.loc 1 158 3 view .LVU1
 159:Middlewares/ST/STM32_USB_Host_Library/Core/Src/usbh_pipes.c **** 
 160:Middlewares/ST/STM32_USB_Host_Library/Core/Src/usbh_pipes.c ****   for (idx = 0U ; idx < 11U ; idx++)
  35              		.loc 1 160 3 view .LVU2
  36              		.loc 1 160 12 is_stmt 0 view .LVU3
  37 0000 0023     		movs	r3, #0
  38              	.LVL1:
  39              	.L2:
  40              		.loc 1 160 19 is_stmt 1 discriminator 1 view .LVU4
  41              		.loc 1 160 3 is_stmt 0 discriminator 1 view .LVU5
  42 0002 0A2B     		cmp	r3, #10
  43 0004 0CD8     		bhi	.L6
 161:Middlewares/ST/STM32_USB_Host_Library/Core/Src/usbh_pipes.c ****   {
 162:Middlewares/ST/STM32_USB_Host_Library/Core/Src/usbh_pipes.c ****     if ((phost->Pipes[idx] & 0x8000U) == 0U)
  44              		.loc 1 162 5 is_stmt 1 view .LVU6
  45              		.loc 1 162 22 is_stmt 0 view .LVU7
  46 0006 03F1E002 		add	r2, r3, #224
  47 000a 00EB8202 		add	r2, r0, r2, lsl #2
  48 000e 5268     		ldr	r2, [r2, #4]
  49              		.loc 1 162 8 view .LVU8
  50 0010 12F4004F 		tst	r2, #32768
  51 0014 02D0     		beq	.L7
 160:Middlewares/ST/STM32_USB_Host_Library/Core/Src/usbh_pipes.c ****   {
  52              		.loc 1 160 31 is_stmt 1 discriminator 2 view .LVU9
 160:Middlewares/ST/STM32_USB_Host_Library/Core/Src/usbh_pipes.c ****   {
  53              		.loc 1 160 34 is_stmt 0 discriminator 2 view .LVU10
  54 0016 0133     		adds	r3, r3, #1
  55              	.LVL2:
 160:Middlewares/ST/STM32_USB_Host_Library/Core/Src/usbh_pipes.c ****   {
  56              		.loc 1 160 34 discriminator 2 view .LVU11
  57 0018 DBB2     		uxtb	r3, r3
  58              	.LVL3:
 160:Middlewares/ST/STM32_USB_Host_Library/Core/Src/usbh_pipes.c ****   {
  59              		.loc 1 160 34 discriminator 2 view .LVU12
  60 001a F2E7     		b	.L2
  61              	.L7:
 163:Middlewares/ST/STM32_USB_Host_Library/Core/Src/usbh_pipes.c ****     {
 164:Middlewares/ST/STM32_USB_Host_Library/Core/Src/usbh_pipes.c ****       return (uint16_t)idx;
ARM GAS  /tmp/ccTg32c4.s 			page 5


  62              		.loc 1 164 7 is_stmt 1 view .LVU13
  63              		.loc 1 164 14 is_stmt 0 view .LVU14
  64 001c 98B2     		uxth	r0, r3
  65              	.LVL4:
  66              		.loc 1 164 14 view .LVU15
  67 001e 7047     		bx	lr
  68              	.LVL5:
  69              	.L6:
 165:Middlewares/ST/STM32_USB_Host_Library/Core/Src/usbh_pipes.c ****     }
 166:Middlewares/ST/STM32_USB_Host_Library/Core/Src/usbh_pipes.c ****   }
 167:Middlewares/ST/STM32_USB_Host_Library/Core/Src/usbh_pipes.c **** 
 168:Middlewares/ST/STM32_USB_Host_Library/Core/Src/usbh_pipes.c ****   return 0xFFFFU;
  70              		.loc 1 168 10 view .LVU16
  71 0020 4FF6FF70 		movw	r0, #65535
  72              	.LVL6:
 169:Middlewares/ST/STM32_USB_Host_Library/Core/Src/usbh_pipes.c **** }
  73              		.loc 1 169 1 view .LVU17
  74 0024 7047     		bx	lr
  75              		.cfi_endproc
  76              	.LFE142:
  78              		.section	.text.USBH_OpenPipe,"ax",%progbits
  79              		.align	1
  80              		.global	USBH_OpenPipe
  81              		.syntax unified
  82              		.thumb
  83              		.thumb_func
  85              	USBH_OpenPipe:
  86              	.LVL7:
  87              	.LFB138:
  88:Middlewares/ST/STM32_USB_Host_Library/Core/Src/usbh_pipes.c ****   USBH_LL_OpenPipe(phost, pipe_num, epnum, dev_address, speed, ep_type, mps);
  88              		.loc 1 88 1 is_stmt 1 view -0
  89              		.cfi_startproc
  90              		@ args = 12, pretend = 0, frame = 0
  91              		@ frame_needed = 0, uses_anonymous_args = 0
  88:Middlewares/ST/STM32_USB_Host_Library/Core/Src/usbh_pipes.c ****   USBH_LL_OpenPipe(phost, pipe_num, epnum, dev_address, speed, ep_type, mps);
  92              		.loc 1 88 1 is_stmt 0 view .LVU19
  93 0000 10B5     		push	{r4, lr}
  94              	.LCFI0:
  95              		.cfi_def_cfa_offset 8
  96              		.cfi_offset 4, -8
  97              		.cfi_offset 14, -4
  98 0002 84B0     		sub	sp, sp, #16
  99              	.LCFI1:
 100              		.cfi_def_cfa_offset 24
  89:Middlewares/ST/STM32_USB_Host_Library/Core/Src/usbh_pipes.c **** 
 101              		.loc 1 89 3 is_stmt 1 view .LVU20
 102 0004 BDF82040 		ldrh	r4, [sp, #32]
 103 0008 0294     		str	r4, [sp, #8]
 104 000a 9DF81C40 		ldrb	r4, [sp, #28]	@ zero_extendqisi2
 105 000e 0194     		str	r4, [sp, #4]
 106 0010 9DF81840 		ldrb	r4, [sp, #24]	@ zero_extendqisi2
 107 0014 0094     		str	r4, [sp]
 108 0016 FFF7FEFF 		bl	USBH_LL_OpenPipe
 109              	.LVL8:
  91:Middlewares/ST/STM32_USB_Host_Library/Core/Src/usbh_pipes.c **** }
 110              		.loc 1 91 3 view .LVU21
  92:Middlewares/ST/STM32_USB_Host_Library/Core/Src/usbh_pipes.c **** 
ARM GAS  /tmp/ccTg32c4.s 			page 6


 111              		.loc 1 92 1 is_stmt 0 view .LVU22
 112 001a 0020     		movs	r0, #0
 113 001c 04B0     		add	sp, sp, #16
 114              	.LCFI2:
 115              		.cfi_def_cfa_offset 8
 116              		@ sp needed
 117 001e 10BD     		pop	{r4, pc}
  92:Middlewares/ST/STM32_USB_Host_Library/Core/Src/usbh_pipes.c **** 
 118              		.loc 1 92 1 view .LVU23
 119              		.cfi_endproc
 120              	.LFE138:
 122              		.section	.text.USBH_ClosePipe,"ax",%progbits
 123              		.align	1
 124              		.global	USBH_ClosePipe
 125              		.syntax unified
 126              		.thumb
 127              		.thumb_func
 129              	USBH_ClosePipe:
 130              	.LVL9:
 131              	.LFB139:
 103:Middlewares/ST/STM32_USB_Host_Library/Core/Src/usbh_pipes.c ****   USBH_LL_ClosePipe(phost, pipe_num);
 132              		.loc 1 103 1 is_stmt 1 view -0
 133              		.cfi_startproc
 134              		@ args = 0, pretend = 0, frame = 0
 135              		@ frame_needed = 0, uses_anonymous_args = 0
 103:Middlewares/ST/STM32_USB_Host_Library/Core/Src/usbh_pipes.c ****   USBH_LL_ClosePipe(phost, pipe_num);
 136              		.loc 1 103 1 is_stmt 0 view .LVU25
 137 0000 08B5     		push	{r3, lr}
 138              	.LCFI3:
 139              		.cfi_def_cfa_offset 8
 140              		.cfi_offset 3, -8
 141              		.cfi_offset 14, -4
 104:Middlewares/ST/STM32_USB_Host_Library/Core/Src/usbh_pipes.c **** 
 142              		.loc 1 104 3 is_stmt 1 view .LVU26
 143 0002 FFF7FEFF 		bl	USBH_LL_ClosePipe
 144              	.LVL10:
 106:Middlewares/ST/STM32_USB_Host_Library/Core/Src/usbh_pipes.c **** }
 145              		.loc 1 106 3 view .LVU27
 107:Middlewares/ST/STM32_USB_Host_Library/Core/Src/usbh_pipes.c **** 
 146              		.loc 1 107 1 is_stmt 0 view .LVU28
 147 0006 0020     		movs	r0, #0
 148 0008 08BD     		pop	{r3, pc}
 149              		.cfi_endproc
 150              	.LFE139:
 152              		.section	.text.USBH_AllocPipe,"ax",%progbits
 153              		.align	1
 154              		.global	USBH_AllocPipe
 155              		.syntax unified
 156              		.thumb
 157              		.thumb_func
 159              	USBH_AllocPipe:
 160              	.LVL11:
 161              	.LFB140:
 118:Middlewares/ST/STM32_USB_Host_Library/Core/Src/usbh_pipes.c ****   uint16_t pipe;
 162              		.loc 1 118 1 is_stmt 1 view -0
 163              		.cfi_startproc
 164              		@ args = 0, pretend = 0, frame = 0
ARM GAS  /tmp/ccTg32c4.s 			page 7


 165              		@ frame_needed = 0, uses_anonymous_args = 0
 118:Middlewares/ST/STM32_USB_Host_Library/Core/Src/usbh_pipes.c ****   uint16_t pipe;
 166              		.loc 1 118 1 is_stmt 0 view .LVU30
 167 0000 38B5     		push	{r3, r4, r5, lr}
 168              	.LCFI4:
 169              		.cfi_def_cfa_offset 16
 170              		.cfi_offset 3, -16
 171              		.cfi_offset 4, -12
 172              		.cfi_offset 5, -8
 173              		.cfi_offset 14, -4
 174 0002 0446     		mov	r4, r0
 175 0004 0D46     		mov	r5, r1
 119:Middlewares/ST/STM32_USB_Host_Library/Core/Src/usbh_pipes.c **** 
 176              		.loc 1 119 3 is_stmt 1 view .LVU31
 121:Middlewares/ST/STM32_USB_Host_Library/Core/Src/usbh_pipes.c **** 
 177              		.loc 1 121 3 view .LVU32
 121:Middlewares/ST/STM32_USB_Host_Library/Core/Src/usbh_pipes.c **** 
 178              		.loc 1 121 11 is_stmt 0 view .LVU33
 179 0006 FFF7FEFF 		bl	USBH_GetFreePipe
 180              	.LVL12:
 123:Middlewares/ST/STM32_USB_Host_Library/Core/Src/usbh_pipes.c ****   {
 181              		.loc 1 123 3 is_stmt 1 view .LVU34
 123:Middlewares/ST/STM32_USB_Host_Library/Core/Src/usbh_pipes.c ****   {
 182              		.loc 1 123 6 is_stmt 0 view .LVU35
 183 000a 4FF6FF73 		movw	r3, #65535
 184 000e 9842     		cmp	r0, r3
 185 0010 07D0     		beq	.L13
 125:Middlewares/ST/STM32_USB_Host_Library/Core/Src/usbh_pipes.c ****   }
 186              		.loc 1 125 5 is_stmt 1 view .LVU36
 125:Middlewares/ST/STM32_USB_Host_Library/Core/Src/usbh_pipes.c ****   }
 187              		.loc 1 125 23 is_stmt 0 view .LVU37
 188 0012 00F00F03 		and	r3, r0, #15
 125:Middlewares/ST/STM32_USB_Host_Library/Core/Src/usbh_pipes.c ****   }
 189              		.loc 1 125 41 view .LVU38
 190 0016 45F40045 		orr	r5, r5, #32768
 125:Middlewares/ST/STM32_USB_Host_Library/Core/Src/usbh_pipes.c ****   }
 191              		.loc 1 125 31 view .LVU39
 192 001a E033     		adds	r3, r3, #224
 193 001c 04EB8303 		add	r3, r4, r3, lsl #2
 194 0020 5D60     		str	r5, [r3, #4]
 195              	.L13:
 128:Middlewares/ST/STM32_USB_Host_Library/Core/Src/usbh_pipes.c **** }
 196              		.loc 1 128 3 is_stmt 1 view .LVU40
 129:Middlewares/ST/STM32_USB_Host_Library/Core/Src/usbh_pipes.c **** 
 197              		.loc 1 129 1 is_stmt 0 view .LVU41
 198 0022 C0B2     		uxtb	r0, r0
 199              	.LVL13:
 129:Middlewares/ST/STM32_USB_Host_Library/Core/Src/usbh_pipes.c **** 
 200              		.loc 1 129 1 view .LVU42
 201 0024 38BD     		pop	{r3, r4, r5, pc}
 129:Middlewares/ST/STM32_USB_Host_Library/Core/Src/usbh_pipes.c **** 
 202              		.loc 1 129 1 view .LVU43
 203              		.cfi_endproc
 204              	.LFE140:
 206              		.section	.text.USBH_FreePipe,"ax",%progbits
 207              		.align	1
 208              		.global	USBH_FreePipe
ARM GAS  /tmp/ccTg32c4.s 			page 8


 209              		.syntax unified
 210              		.thumb
 211              		.thumb_func
 213              	USBH_FreePipe:
 214              	.LVL14:
 215              	.LFB141:
 140:Middlewares/ST/STM32_USB_Host_Library/Core/Src/usbh_pipes.c ****   if (idx < 11U)
 216              		.loc 1 140 1 is_stmt 1 view -0
 217              		.cfi_startproc
 218              		@ args = 0, pretend = 0, frame = 0
 219              		@ frame_needed = 0, uses_anonymous_args = 0
 220              		@ link register save eliminated.
 141:Middlewares/ST/STM32_USB_Host_Library/Core/Src/usbh_pipes.c ****   {
 221              		.loc 1 141 3 view .LVU45
 141:Middlewares/ST/STM32_USB_Host_Library/Core/Src/usbh_pipes.c ****   {
 222              		.loc 1 141 6 is_stmt 0 view .LVU46
 223 0000 0A29     		cmp	r1, #10
 224 0002 06D8     		bhi	.L16
 143:Middlewares/ST/STM32_USB_Host_Library/Core/Src/usbh_pipes.c ****   }
 225              		.loc 1 143 5 is_stmt 1 view .LVU47
 143:Middlewares/ST/STM32_USB_Host_Library/Core/Src/usbh_pipes.c ****   }
 226              		.loc 1 143 23 is_stmt 0 view .LVU48
 227 0004 E031     		adds	r1, r1, #224
 228              	.LVL15:
 143:Middlewares/ST/STM32_USB_Host_Library/Core/Src/usbh_pipes.c ****   }
 229              		.loc 1 143 23 view .LVU49
 230 0006 00EB8100 		add	r0, r0, r1, lsl #2
 231              	.LVL16:
 143:Middlewares/ST/STM32_USB_Host_Library/Core/Src/usbh_pipes.c ****   }
 232              		.loc 1 143 23 view .LVU50
 233 000a 4368     		ldr	r3, [r0, #4]
 234 000c C3F30E03 		ubfx	r3, r3, #0, #15
 235 0010 4360     		str	r3, [r0, #4]
 236              	.L16:
 146:Middlewares/ST/STM32_USB_Host_Library/Core/Src/usbh_pipes.c **** }
 237              		.loc 1 146 3 is_stmt 1 view .LVU51
 147:Middlewares/ST/STM32_USB_Host_Library/Core/Src/usbh_pipes.c **** 
 238              		.loc 1 147 1 is_stmt 0 view .LVU52
 239 0012 0020     		movs	r0, #0
 240 0014 7047     		bx	lr
 241              		.cfi_endproc
 242              	.LFE141:
 244              		.text
 245              	.Letext0:
 246              		.file 2 "/home/irfan/Desktop/arm/gcc-arm-none-eabi-10.3-2021.10-x86_64-linux/gcc-arm-none-eabi-10.
 247              		.file 3 "/home/irfan/Desktop/arm/gcc-arm-none-eabi-10.3-2021.10-x86_64-linux/gcc-arm-none-eabi-10.
 248              		.file 4 "Middlewares/Third_Party/FreeRTOS/Source/include/task.h"
 249              		.file 5 "Middlewares/Third_Party/FreeRTOS/Source/include/queue.h"
 250              		.file 6 "Middlewares/Third_Party/FreeRTOS/Source/CMSIS_RTOS/cmsis_os.h"
 251              		.file 7 "Middlewares/ST/STM32_USB_Host_Library/Core/Inc/usbh_def.h"
 252              		.file 8 "Middlewares/ST/STM32_USB_Host_Library/Core/Inc/usbh_core.h"
ARM GAS  /tmp/ccTg32c4.s 			page 9


DEFINED SYMBOLS
                            *ABS*:0000000000000000 usbh_pipes.c
     /tmp/ccTg32c4.s:20     .text.USBH_GetFreePipe:0000000000000000 $t
     /tmp/ccTg32c4.s:25     .text.USBH_GetFreePipe:0000000000000000 USBH_GetFreePipe
     /tmp/ccTg32c4.s:79     .text.USBH_OpenPipe:0000000000000000 $t
     /tmp/ccTg32c4.s:85     .text.USBH_OpenPipe:0000000000000000 USBH_OpenPipe
     /tmp/ccTg32c4.s:123    .text.USBH_ClosePipe:0000000000000000 $t
     /tmp/ccTg32c4.s:129    .text.USBH_ClosePipe:0000000000000000 USBH_ClosePipe
     /tmp/ccTg32c4.s:153    .text.USBH_AllocPipe:0000000000000000 $t
     /tmp/ccTg32c4.s:159    .text.USBH_AllocPipe:0000000000000000 USBH_AllocPipe
     /tmp/ccTg32c4.s:207    .text.USBH_FreePipe:0000000000000000 $t
     /tmp/ccTg32c4.s:213    .text.USBH_FreePipe:0000000000000000 USBH_FreePipe

UNDEFINED SYMBOLS
USBH_LL_OpenPipe
USBH_LL_ClosePipe
